<?xml version="1.0" encoding="UTF-8"?>
<coverage generated="1587721442176" clover="3.2.0">
  <project timestamp="1587721442177" name="All files">
    <metrics statements="4093" coveredstatements="3365" conditionals="1442" coveredconditionals="1160" methods="1475" coveredmethods="1227" elements="7010" coveredelements="5752" complexity="0" loc="4093" ncloc="4093" packages="91" files="312" classes="312">
      <package name="app">
        <metrics statements="14" coveredstatements="0" conditionals="0" coveredconditionals="0" methods="4" coveredmethods="0"/>
        <file name="app.ts" path="/home/travis/build/MaibornWolff/codecharta/visualization/app/app.ts">
          <metrics statements="14" coveredstatements="0" conditionals="0" coveredconditionals="0" methods="4" coveredmethods="0"/>
          <line num="2" count="0" type="stmt"/>
          <line num="3" count="0" type="stmt"/>
          <line num="4" count="0" type="stmt"/>
          <line num="5" count="0" type="stmt"/>
          <line num="6" count="0" type="stmt"/>
          <line num="7" count="0" type="stmt"/>
          <line num="10" count="0" type="stmt"/>
          <line num="12" count="0" type="stmt"/>
          <line num="17" count="0" type="stmt"/>
          <line num="18" count="0" type="stmt"/>
          <line num="25" count="0" type="stmt"/>
          <line num="32" count="0" type="stmt"/>
          <line num="37" count="0" type="stmt"/>
          <line num="38" count="0" type="stmt"/>
        </file>
      </package>
      <package name="app.codeCharta">
        <metrics statements="96" coveredstatements="82" conditionals="44" coveredconditionals="33" methods="25" coveredmethods="23"/>
        <file name="codeCharta.component.ts" path="/home/travis/build/MaibornWolff/codecharta/visualization/app/codeCharta/codeCharta.component.ts">
          <metrics statements="35" coveredstatements="29" conditionals="10" coveredconditionals="7" methods="10" coveredmethods="8"/>
          <line num="17" count="10" type="stmt"/>
          <line num="27" count="10" type="stmt"/>
          <line num="28" count="10" type="stmt"/>
          <line num="29" count="10" type="stmt"/>
          <line num="30" count="10" type="stmt"/>
          <line num="31" count="10" type="stmt"/>
          <line num="33" count="10" type="stmt"/>
          <line num="35" count="10" type="stmt"/>
          <line num="36" count="10" type="stmt"/>
          <line num="37" count="10" type="stmt"/>
          <line num="38" count="10" type="stmt"/>
          <line num="42" count="13" type="stmt"/>
          <line num="45" count="13" type="cond" truecount="2" falsecount="0"/>
          <line num="46" count="2" type="stmt"/>
          <line num="47" count="2" type="stmt"/>
          <line num="49" count="11" type="stmt"/>
          <line num="53" count="1" type="stmt"/>
          <line num="58" count="13" type="cond" truecount="2" falsecount="0"/>
          <line num="59" count="11" type="stmt"/>
          <line num="63" count="13" type="stmt"/>
          <line num="70" count="15" type="stmt"/>
          <line num="72" count="15" type="stmt"/>
          <line num="75" count="15" type="stmt"/>
          <line num="78" count="0" type="stmt"/>
          <line num="79" count="0" type="stmt"/>
          <line num="80" count="0" type="stmt"/>
          <line num="85" count="2" type="stmt"/>
          <line num="86" count="2" type="stmt"/>
          <line num="88" count="2" type="cond" truecount="2" falsecount="2"/>
          <line num="89" count="0" type="stmt"/>
          <line num="90" count="2" type="cond" truecount="1" falsecount="1"/>
          <line num="91" count="0" type="stmt"/>
          <line num="93" count="2" type="stmt"/>
          <line num="98" count="0" type="stmt"/>
          <line num="102" count="94" type="stmt"/>
        </file>
        <file name="codeCharta.model.ts" path="/home/travis/build/MaibornWolff/codecharta/visualization/app/codeCharta/codeCharta.model.ts">
          <metrics statements="28" coveredstatements="28" conditionals="14" coveredconditionals="14" methods="7" coveredmethods="7"/>
          <line num="15" count="125" type="cond" truecount="2" falsecount="0"/>
          <line num="16" count="125" type="stmt"/>
          <line num="17" count="125" type="stmt"/>
          <line num="18" count="125" type="stmt"/>
          <line num="19" count="125" type="stmt"/>
          <line num="20" count="125" type="stmt"/>
          <line num="23" count="125" type="cond" truecount="2" falsecount="0"/>
          <line num="24" count="125" type="stmt"/>
          <line num="25" count="125" type="stmt"/>
          <line num="26" count="125" type="stmt"/>
          <line num="27" count="125" type="stmt"/>
          <line num="65" count="125" type="cond" truecount="2" falsecount="0"/>
          <line num="66" count="125" type="stmt"/>
          <line num="67" count="125" type="stmt"/>
          <line num="70" count="125" type="cond" truecount="2" falsecount="0"/>
          <line num="71" count="125" type="stmt"/>
          <line num="72" count="125" type="stmt"/>
          <line num="164" count="125" type="cond" truecount="2" falsecount="0"/>
          <line num="165" count="125" type="stmt"/>
          <line num="166" count="125" type="stmt"/>
          <line num="176" count="125" type="cond" truecount="2" falsecount="0"/>
          <line num="177" count="125" type="stmt"/>
          <line num="178" count="125" type="stmt"/>
          <line num="179" count="125" type="stmt"/>
          <line num="180" count="125" type="stmt"/>
          <line num="193" count="125" type="cond" truecount="2" falsecount="0"/>
          <line num="194" count="125" type="stmt"/>
          <line num="195" count="125" type="stmt"/>
        </file>
        <file name="codeCharta.module.ts" path="/home/travis/build/MaibornWolff/codecharta/visualization/app/codeCharta/codeCharta.module.ts">
          <metrics statements="2" coveredstatements="2" conditionals="0" coveredconditionals="0" methods="0" coveredmethods="0"/>
          <line num="12" count="94" type="stmt"/>
          <line num="14" count="94" type="stmt"/>
        </file>
        <file name="codeCharta.service.ts" path="/home/travis/build/MaibornWolff/codecharta/visualization/app/codeCharta/codeCharta.service.ts">
          <metrics statements="31" coveredstatements="23" conditionals="20" coveredconditionals="12" methods="8" coveredmethods="8"/>
          <line num="9" count="120" type="stmt"/>
          <line num="10" count="120" type="stmt"/>
          <line num="11" count="120" type="stmt"/>
          <line num="13" count="17" type="stmt"/>
          <line num="16" count="6" type="stmt"/>
          <line num="17" count="6" type="stmt"/>
          <line num="18" count="6" type="stmt"/>
          <line num="19" count="6" type="cond" truecount="2" falsecount="0"/>
          <line num="20" count="3" type="stmt"/>
          <line num="21" count="3" type="stmt"/>
          <line num="22" count="3" type="stmt"/>
          <line num="23" count="3" type="cond" truecount="1" falsecount="1"/>
          <line num="24" count="0" type="stmt"/>
          <line num="27" count="3" type="stmt"/>
          <line num="30" count="6" type="stmt"/>
          <line num="31" count="3" type="stmt"/>
          <line num="36" count="3" type="stmt"/>
          <line num="55" count="3" type="stmt"/>
          <line num="57" count="3" type="cond" truecount="2" falsecount="2"/>
          <line num="58" count="3" type="stmt"/>
          <line num="63" count="0" type="cond" truecount="0" falsecount="2"/>
          <line num="64" count="0" type="stmt"/>
          <line num="66" count="0" type="stmt"/>
          <line num="69" count="0" type="cond" truecount="0" falsecount="2"/>
          <line num="70" count="0" type="stmt"/>
          <line num="72" count="0" type="stmt"/>
          <line num="75" count="0" type="stmt"/>
          <line num="79" count="3" type="stmt"/>
          <line num="80" count="1" type="cond" truecount="1" falsecount="1"/>
          <line num="81" count="1" type="stmt"/>
          <line num="84" count="3" type="stmt"/>
        </file>
      </package>
      <package name="app.codeCharta.model">
        <metrics statements="34" coveredstatements="33" conditionals="13" coveredconditionals="12" methods="32" coveredmethods="32"/>
        <file name="files.ts" path="/home/travis/build/MaibornWolff/codecharta/visualization/app/codeCharta/model/files.ts">
          <metrics statements="34" coveredstatements="33" conditionals="13" coveredconditionals="12" methods="32" coveredmethods="32"/>
          <line num="2" count="121" type="stmt"/>
          <line num="5" count="344" type="cond" truecount="1" falsecount="0"/>
          <line num="8" count="51" type="stmt"/>
          <line num="12" count="106" type="stmt"/>
          <line num="16" count="2" type="stmt"/>
          <line num="17" count="4" type="stmt"/>
          <line num="22" count="13" type="stmt"/>
          <line num="26" count="237" type="stmt"/>
          <line num="30" count="35" type="stmt"/>
          <line num="34" count="69" type="stmt"/>
          <line num="35" count="121" type="cond" truecount="2" falsecount="0"/>
          <line num="36" count="68" type="stmt"/>
          <line num="38" count="53" type="stmt"/>
          <line num="44" count="58" type="stmt"/>
          <line num="48" count="16" type="stmt"/>
          <line num="49" count="30" type="cond" truecount="2" falsecount="0"/>
          <line num="50" count="16" type="stmt"/>
          <line num="51" count="14" type="cond" truecount="1" falsecount="1"/>
          <line num="52" count="14" type="stmt"/>
          <line num="54" count="0" type="stmt"/>
          <line num="60" count="12" type="stmt"/>
          <line num="64" count="13" type="stmt"/>
          <line num="65" count="26" type="cond" truecount="2" falsecount="0"/>
          <line num="66" count="23" type="stmt"/>
          <line num="68" count="3" type="stmt"/>
          <line num="74" count="14" type="stmt"/>
          <line num="78" count="1270" type="stmt"/>
          <line num="82" count="4" type="stmt"/>
          <line num="83" count="3" type="cond" truecount="2" falsecount="0"/>
          <line num="87" count="3" type="stmt"/>
          <line num="91" count="1311" type="stmt"/>
          <line num="95" count="37" type="stmt"/>
          <line num="99" count="89" type="cond" truecount="2" falsecount="0"/>
          <line num="103" count="28" type="stmt"/>
        </file>
      </package>
      <package name="app.codeCharta.state">
        <metrics statements="197" coveredstatements="194" conditionals="60" coveredconditionals="56" methods="81" coveredmethods="78"/>
        <file name="edgeMetricData.service.ts" path="/home/travis/build/MaibornWolff/codecharta/visualization/app/codeCharta/state/edgeMetricData.service.ts">
          <metrics statements="81" coveredstatements="80" conditionals="26" coveredconditionals="25" methods="36" coveredmethods="36"/>
          <line num="15" count="94" type="stmt"/>
          <line num="17" count="208" type="stmt"/>
          <line num="20" count="208" type="stmt"/>
          <line num="21" count="208" type="stmt"/>
          <line num="22" count="208" type="stmt"/>
          <line num="26" count="14" type="stmt"/>
          <line num="30" count="5" type="stmt"/>
          <line num="34" count="19" type="stmt"/>
          <line num="35" count="19" type="stmt"/>
          <line num="36" count="19" type="stmt"/>
          <line num="37" count="19" type="stmt"/>
          <line num="41" count="10" type="cond" truecount="1" falsecount="1"/>
          <line num="42" count="0" type="stmt"/>
          <line num="45" count="10" type="stmt"/>
          <line num="49" count="2" type="cond" truecount="4" falsecount="0"/>
          <line num="50" count="1" type="stmt"/>
          <line num="52" count="1" type="stmt"/>
          <line num="56" count="2" type="cond" truecount="4" falsecount="0"/>
          <line num="57" count="1" type="stmt"/>
          <line num="60" count="1" type="stmt"/>
          <line num="61" count="1" type="stmt"/>
          <line num="62" count="1" type="stmt"/>
          <line num="63" count="2" type="stmt"/>
          <line num="66" count="1" type="stmt"/>
          <line num="70" count="7" type="stmt"/>
          <line num="71" count="7" type="stmt"/>
          <line num="73" count="7" type="stmt"/>
          <line num="74" count="3" type="stmt"/>
          <line num="76" count="7" type="stmt"/>
          <line num="80" count="6" type="stmt"/>
          <line num="84" count="4" type="stmt"/>
          <line num="88" count="19" type="cond" truecount="2" falsecount="0"/>
          <line num="89" count="14" type="stmt"/>
          <line num="91" count="5" type="stmt"/>
          <line num="92" count="5" type="stmt"/>
          <line num="97" count="5" type="stmt"/>
          <line num="98" count="5" type="stmt"/>
          <line num="101" count="5" type="stmt"/>
          <line num="102" count="5" type="stmt"/>
          <line num="103" count="5" type="stmt"/>
          <line num="107" count="5" type="stmt"/>
          <line num="108" count="15" type="cond" truecount="2" falsecount="0"/>
          <line num="109" count="10" type="stmt"/>
          <line num="113" count="5" type="stmt"/>
          <line num="117" count="65" type="stmt"/>
          <line num="118" count="60" type="stmt"/>
          <line num="119" count="15" type="cond" truecount="4" falsecount="0"/>
          <line num="123" count="20" type="stmt"/>
          <line num="124" count="20" type="stmt"/>
          <line num="128" count="10" type="stmt"/>
          <line num="129" count="20" type="stmt"/>
          <line num="130" count="20" type="stmt"/>
          <line num="135" count="20" type="cond" truecount="2" falsecount="0"/>
          <line num="136" count="15" type="stmt"/>
          <line num="138" count="20" type="stmt"/>
          <line num="142" count="20" type="stmt"/>
          <line num="143" count="20" type="stmt"/>
          <line num="144" count="20" type="stmt"/>
          <line num="145" count="20" type="stmt"/>
          <line num="149" count="40" type="cond" truecount="2" falsecount="0"/>
          <line num="150" count="35" type="stmt"/>
          <line num="155" count="5" type="stmt"/>
          <line num="157" count="5" type="stmt"/>
          <line num="158" count="15" type="stmt"/>
          <line num="159" count="15" type="stmt"/>
          <line num="160" count="35" type="stmt"/>
          <line num="161" count="35" type="cond" truecount="2" falsecount="0"/>
          <line num="162" count="20" type="stmt"/>
          <line num="165" count="15" type="stmt"/>
          <line num="168" count="5" type="stmt"/>
          <line num="172" count="21" type="stmt"/>
          <line num="173" count="21" type="cond" truecount="2" falsecount="0"/>
          <line num="174" count="13" type="stmt"/>
          <line num="175" count="17" type="stmt"/>
          <line num="176" count="24" type="stmt"/>
          <line num="178" count="17" type="stmt"/>
          <line num="181" count="21" type="stmt"/>
          <line num="185" count="19" type="stmt"/>
          <line num="189" count="19" type="stmt"/>
          <line num="193" count="12" type="stmt"/>
          <line num="194" count="14" type="stmt"/>
        </file>
        <file name="injector.service.ts" path="/home/travis/build/MaibornWolff/codecharta/visualization/app/codeCharta/state/injector.service.ts">
          <metrics statements="39" coveredstatements="39" conditionals="0" coveredconditionals="0" methods="1" coveredmethods="1"/>
          <line num="49" count="8" type="stmt"/>
          <line num="50" count="8" type="stmt"/>
          <line num="51" count="8" type="stmt"/>
          <line num="52" count="8" type="stmt"/>
          <line num="53" count="8" type="stmt"/>
          <line num="54" count="8" type="stmt"/>
          <line num="55" count="8" type="stmt"/>
          <line num="56" count="8" type="stmt"/>
          <line num="57" count="8" type="stmt"/>
          <line num="58" count="8" type="stmt"/>
          <line num="59" count="8" type="stmt"/>
          <line num="60" count="8" type="stmt"/>
          <line num="61" count="8" type="stmt"/>
          <line num="62" count="8" type="stmt"/>
          <line num="63" count="8" type="stmt"/>
          <line num="64" count="8" type="stmt"/>
          <line num="65" count="8" type="stmt"/>
          <line num="66" count="8" type="stmt"/>
          <line num="67" count="8" type="stmt"/>
          <line num="68" count="8" type="stmt"/>
          <line num="69" count="8" type="stmt"/>
          <line num="70" count="8" type="stmt"/>
          <line num="71" count="8" type="stmt"/>
          <line num="72" count="8" type="stmt"/>
          <line num="73" count="8" type="stmt"/>
          <line num="74" count="8" type="stmt"/>
          <line num="75" count="8" type="stmt"/>
          <line num="76" count="8" type="stmt"/>
          <line num="77" count="8" type="stmt"/>
          <line num="78" count="8" type="stmt"/>
          <line num="79" count="8" type="stmt"/>
          <line num="80" count="8" type="stmt"/>
          <line num="81" count="8" type="stmt"/>
          <line num="82" count="8" type="stmt"/>
          <line num="83" count="8" type="stmt"/>
          <line num="84" count="8" type="stmt"/>
          <line num="85" count="8" type="stmt"/>
          <line num="86" count="8" type="stmt"/>
          <line num="87" count="8" type="stmt"/>
        </file>
        <file name="metric.service.ts" path="/home/travis/build/MaibornWolff/codecharta/visualization/app/codeCharta/state/metric.service.ts">
          <metrics statements="44" coveredstatements="43" conditionals="18" coveredconditionals="15" methods="28" coveredmethods="26"/>
          <line num="20" count="120" type="stmt"/>
          <line num="21" count="120" type="stmt"/>
          <line num="24" count="205" type="stmt"/>
          <line num="26" count="205" type="stmt"/>
          <line num="27" count="205" type="stmt"/>
          <line num="28" count="205" type="stmt"/>
          <line num="29" count="205" type="stmt"/>
          <line num="33" count="3" type="stmt"/>
          <line num="37" count="17" type="stmt"/>
          <line num="41" count="14" type="stmt"/>
          <line num="45" count="3" type="stmt"/>
          <line num="49" count="4" type="stmt"/>
          <line num="53" count="0" type="stmt"/>
          <line num="57" count="73" type="stmt"/>
          <line num="58" count="73" type="cond" truecount="2" falsecount="0"/>
          <line num="62" count="8" type="stmt"/>
          <line num="66" count="34" type="stmt"/>
          <line num="67" count="34" type="stmt"/>
          <line num="68" count="34" type="stmt"/>
          <line num="72" count="30" type="cond" truecount="2" falsecount="0"/>
          <line num="73" count="29" type="stmt"/>
          <line num="76" count="1" type="stmt"/>
          <line num="77" count="1" type="stmt"/>
          <line num="82" count="1" type="stmt"/>
          <line num="84" count="1" type="stmt"/>
          <line num="88" count="1" type="stmt"/>
          <line num="89" count="1" type="stmt"/>
          <line num="90" count="3" type="cond" truecount="1" falsecount="1"/>
          <line num="98" count="3" type="stmt"/>
          <line num="102" count="1" type="stmt"/>
          <line num="106" count="3" type="stmt"/>
          <line num="108" count="3" type="stmt"/>
          <line num="109" count="9" type="cond" truecount="4" falsecount="0"/>
          <line num="110" count="6" type="stmt"/>
          <line num="118" count="1" type="stmt"/>
          <line num="120" count="1" type="stmt"/>
          <line num="121" count="3" type="stmt"/>
          <line num="126" count="1" type="stmt"/>
          <line num="130" count="3" type="cond" truecount="3" falsecount="1"/>
          <line num="134" count="34" type="cond" truecount="1" falsecount="1"/>
          <line num="135" count="34" type="stmt"/>
          <line num="143" count="34" type="stmt"/>
          <line num="147" count="192" type="stmt"/>
          <line num="148" count="140" type="stmt"/>
        </file>
        <file name="nodeSearch.service.ts" path="/home/travis/build/MaibornWolff/codecharta/visualization/app/codeCharta/state/nodeSearch.service.ts">
          <metrics statements="19" coveredstatements="18" conditionals="4" coveredconditionals="4" methods="9" coveredmethods="8"/>
          <line num="15" count="94" type="stmt"/>
          <line num="17" count="13" type="stmt"/>
          <line num="21" count="13" type="stmt"/>
          <line num="22" count="13" type="stmt"/>
          <line num="23" count="13" type="stmt"/>
          <line num="25" count="13" type="stmt"/>
          <line num="29" count="17" type="stmt"/>
          <line num="30" count="17" type="stmt"/>
          <line num="31" count="17" type="stmt"/>
          <line num="35" count="17" type="cond" truecount="2" falsecount="0"/>
          <line num="36" count="15" type="stmt"/>
          <line num="38" count="2" type="stmt"/>
          <line num="41" count="12" type="stmt"/>
          <line num="42" count="2" type="stmt"/>
          <line num="47" count="17" type="cond" truecount="2" falsecount="0"/>
          <line num="48" count="17" type="stmt"/>
          <line num="52" count="17" type="stmt"/>
          <line num="56" count="1" type="stmt"/>
          <line num="57" count="0" type="stmt"/>
        </file>
        <file name="state.module.ts" path="/home/travis/build/MaibornWolff/codecharta/visualization/app/codeCharta/state/state.module.ts">
          <metrics statements="1" coveredstatements="1" conditionals="0" coveredconditionals="0" methods="0" coveredmethods="0"/>
          <line num="49" count="94" type="stmt"/>
        </file>
        <file name="store.service.ts" path="/home/travis/build/MaibornWolff/codecharta/visualization/app/codeCharta/state/store.service.ts">
          <metrics statements="13" coveredstatements="13" conditionals="12" coveredconditionals="12" methods="7" coveredmethods="7"/>
          <line num="19" count="120" type="stmt"/>
          <line num="23" count="721" type="stmt"/>
          <line num="24" count="721" type="stmt"/>
          <line num="28" count="1514" type="cond" truecount="2" falsecount="0"/>
          <line num="39" count="738" type="stmt"/>
          <line num="42" count="1514" type="stmt"/>
          <line num="43" count="2993" type="stmt"/>
          <line num="44" count="2989" type="cond" truecount="2" falsecount="0"/>
          <line num="45" count="2985" type="stmt"/>
          <line num="51" count="3554" type="stmt"/>
          <line num="55" count="2985" type="stmt"/>
          <line num="59" count="457" type="stmt"/>
          <line num="60" count="42531" type="stmt"/>
        </file>
      </package>
      <package name="app.codeCharta.state.store">
        <metrics statements="27" coveredstatements="26" conditionals="23" coveredconditionals="22" methods="3" coveredmethods="3"/>
        <file name="state.actions.ts" path="/home/travis/build/MaibornWolff/codecharta/visualization/app/codeCharta/state/store/state.actions.ts">
          <metrics statements="4" coveredstatements="4" conditionals="3" coveredconditionals="3" methods="2" coveredmethods="2"/>
          <line num="10" count="121" type="cond" truecount="2" falsecount="0"/>
          <line num="11" count="121" type="stmt"/>
          <line num="22" count="39" type="stmt"/>
          <line num="28" count="121" type="stmt"/>
        </file>
        <file name="state.reducer.ts" path="/home/travis/build/MaibornWolff/codecharta/visualization/app/codeCharta/state/store/state.reducer.ts">
          <metrics statements="1" coveredstatements="1" conditionals="0" coveredconditionals="0" methods="0" coveredmethods="0"/>
          <line num="9" count="120" type="stmt"/>
        </file>
        <file name="state.splitter.ts" path="/home/travis/build/MaibornWolff/codecharta/visualization/app/codeCharta/state/store/state.splitter.ts">
          <metrics statements="22" coveredstatements="21" conditionals="20" coveredconditionals="19" methods="1" coveredmethods="1"/>
          <line num="20" count="1520" type="cond" truecount="2" falsecount="0"/>
          <line num="21" count="14" type="stmt"/>
          <line num="24" count="1506" type="cond" truecount="2" falsecount="0"/>
          <line num="25" count="1" type="stmt"/>
          <line num="28" count="1505" type="cond" truecount="2" falsecount="0"/>
          <line num="29" count="15" type="stmt"/>
          <line num="32" count="1490" type="cond" truecount="1" falsecount="1"/>
          <line num="33" count="0" type="stmt"/>
          <line num="36" count="1490" type="cond" truecount="2" falsecount="0"/>
          <line num="37" count="36" type="stmt"/>
          <line num="40" count="36" type="cond" truecount="2" falsecount="0"/>
          <line num="41" count="33" type="stmt"/>
          <line num="44" count="36" type="cond" truecount="2" falsecount="0"/>
          <line num="45" count="30" type="stmt"/>
          <line num="48" count="36" type="cond" truecount="2" falsecount="0"/>
          <line num="49" count="33" type="stmt"/>
          <line num="52" count="36" type="cond" truecount="2" falsecount="0"/>
          <line num="53" count="29" type="stmt"/>
          <line num="56" count="36" type="cond" truecount="2" falsecount="0"/>
          <line num="57" count="29" type="stmt"/>
          <line num="59" count="36" type="stmt"/>
          <line num="61" count="1454" type="stmt"/>
        </file>
      </package>
      <package name="app.codeCharta.state.store.appSettings">
        <metrics statements="49" coveredstatements="49" conditionals="45" coveredconditionals="45" methods="3" coveredmethods="3"/>
        <file name="appSettings.actions.ts" path="/home/travis/build/MaibornWolff/codecharta/visualization/app/codeCharta/state/store/appSettings/appSettings.actions.ts">
          <metrics statements="4" coveredstatements="4" conditionals="3" coveredconditionals="3" methods="2" coveredmethods="2"/>
          <line num="26" count="121" type="cond" truecount="2" falsecount="0"/>
          <line num="27" count="121" type="stmt"/>
          <line num="38" count="17" type="stmt"/>
          <line num="44" count="121" type="stmt"/>
        </file>
        <file name="appSettings.reducer.ts" path="/home/travis/build/MaibornWolff/codecharta/visualization/app/codeCharta/state/store/appSettings/appSettings.reducer.ts">
          <metrics statements="1" coveredstatements="1" conditionals="0" coveredconditionals="0" methods="0" coveredmethods="0"/>
          <line num="25" count="120" type="stmt"/>
        </file>
        <file name="appSettings.splitter.ts" path="/home/travis/build/MaibornWolff/codecharta/visualization/app/codeCharta/state/store/appSettings/appSettings.splitter.ts">
          <metrics statements="44" coveredstatements="44" conditionals="42" coveredconditionals="42" methods="1" coveredmethods="1"/>
          <line num="27" count="48" type="stmt"/>
          <line num="30" count="48" type="cond" truecount="2" falsecount="0"/>
          <line num="31" count="43" type="stmt"/>
          <line num="34" count="48" type="cond" truecount="2" falsecount="0"/>
          <line num="35" count="43" type="stmt"/>
          <line num="38" count="48" type="cond" truecount="2" falsecount="0"/>
          <line num="39" count="43" type="stmt"/>
          <line num="42" count="48" type="cond" truecount="2" falsecount="0"/>
          <line num="43" count="43" type="stmt"/>
          <line num="46" count="48" type="cond" truecount="2" falsecount="0"/>
          <line num="47" count="43" type="stmt"/>
          <line num="50" count="48" type="cond" truecount="2" falsecount="0"/>
          <line num="51" count="43" type="stmt"/>
          <line num="54" count="48" type="cond" truecount="2" falsecount="0"/>
          <line num="55" count="43" type="stmt"/>
          <line num="58" count="48" type="cond" truecount="2" falsecount="0"/>
          <line num="59" count="43" type="stmt"/>
          <line num="62" count="48" type="cond" truecount="2" falsecount="0"/>
          <line num="63" count="43" type="stmt"/>
          <line num="66" count="48" type="cond" truecount="2" falsecount="0"/>
          <line num="67" count="43" type="stmt"/>
          <line num="70" count="48" type="cond" truecount="2" falsecount="0"/>
          <line num="71" count="43" type="stmt"/>
          <line num="74" count="48" type="cond" truecount="2" falsecount="0"/>
          <line num="75" count="43" type="stmt"/>
          <line num="78" count="48" type="cond" truecount="2" falsecount="0"/>
          <line num="79" count="43" type="stmt"/>
          <line num="82" count="48" type="cond" truecount="2" falsecount="0"/>
          <line num="83" count="45" type="stmt"/>
          <line num="86" count="48" type="cond" truecount="2" falsecount="0"/>
          <line num="87" count="45" type="stmt"/>
          <line num="90" count="48" type="cond" truecount="2" falsecount="0"/>
          <line num="91" count="44" type="stmt"/>
          <line num="94" count="48" type="cond" truecount="2" falsecount="0"/>
          <line num="95" count="45" type="stmt"/>
          <line num="98" count="48" type="cond" truecount="2" falsecount="0"/>
          <line num="99" count="44" type="stmt"/>
          <line num="102" count="48" type="cond" truecount="2" falsecount="0"/>
          <line num="103" count="43" type="stmt"/>
          <line num="106" count="48" type="cond" truecount="2" falsecount="0"/>
          <line num="107" count="43" type="stmt"/>
          <line num="110" count="48" type="cond" truecount="2" falsecount="0"/>
          <line num="111" count="43" type="stmt"/>
          <line num="114" count="48" type="stmt"/>
        </file>
      </package>
      <package name="app.codeCharta.state.store.appSettings.amountOfEdgePreviews">
        <metrics statements="17" coveredstatements="16" conditionals="8" coveredconditionals="8" methods="10" coveredmethods="9"/>
        <file name="amountOfEdgePreviews.actions.ts" path="/home/travis/build/MaibornWolff/codecharta/visualization/app/codeCharta/state/store/appSettings/amountOfEdgePreviews/amountOfEdgePreviews.actions.ts">
          <metrics statements="4" coveredstatements="4" conditionals="3" coveredconditionals="3" methods="2" coveredmethods="2"/>
          <line num="3" count="122" type="cond" truecount="2" falsecount="0"/>
          <line num="4" count="122" type="stmt"/>
          <line num="15" count="1254" type="stmt"/>
          <line num="21" count="122" type="stmt"/>
        </file>
        <file name="amountOfEdgePreviews.reducer.ts" path="/home/travis/build/MaibornWolff/codecharta/visualization/app/codeCharta/state/store/appSettings/amountOfEdgePreviews/amountOfEdgePreviews.reducer.ts">
          <metrics statements="3" coveredstatements="3" conditionals="3" coveredconditionals="3" methods="1" coveredmethods="1"/>
          <line num="4" count="4237" type="stmt"/>
          <line num="6" count="51" type="stmt"/>
          <line num="8" count="4186" type="stmt"/>
        </file>
        <file name="amountOfEdgePreviews.service.ts" path="/home/travis/build/MaibornWolff/codecharta/visualization/app/codeCharta/state/store/appSettings/amountOfEdgePreviews/amountOfEdgePreviews.service.ts">
          <metrics statements="9" coveredstatements="8" conditionals="2" coveredconditionals="2" methods="6" coveredmethods="5"/>
          <line num="11" count="94" type="stmt"/>
          <line num="13" count="12" type="stmt"/>
          <line num="14" count="12" type="stmt"/>
          <line num="18" count="1091" type="cond" truecount="2" falsecount="0"/>
          <line num="19" count="29" type="stmt"/>
          <line num="24" count="29" type="stmt"/>
          <line num="28" count="29" type="stmt"/>
          <line num="32" count="1" type="stmt"/>
          <line num="33" count="0" type="stmt"/>
        </file>
        <file name="amountOfEdgePreviews.splitter.ts" path="/home/travis/build/MaibornWolff/codecharta/visualization/app/codeCharta/state/store/appSettings/amountOfEdgePreviews/amountOfEdgePreviews.splitter.ts">
          <metrics statements="1" coveredstatements="1" conditionals="0" coveredconditionals="0" methods="1" coveredmethods="1"/>
          <line num="4" count="43" type="stmt"/>
        </file>
      </package>
      <package name="app.codeCharta.state.store.appSettings.amountOfTopLabels">
        <metrics statements="17" coveredstatements="16" conditionals="8" coveredconditionals="8" methods="10" coveredmethods="9"/>
        <file name="amountOfTopLabels.actions.ts" path="/home/travis/build/MaibornWolff/codecharta/visualization/app/codeCharta/state/store/appSettings/amountOfTopLabels/amountOfTopLabels.actions.ts">
          <metrics statements="4" coveredstatements="4" conditionals="3" coveredconditionals="3" methods="2" coveredmethods="2"/>
          <line num="3" count="122" type="cond" truecount="2" falsecount="0"/>
          <line num="4" count="122" type="stmt"/>
          <line num="15" count="1254" type="stmt"/>
          <line num="21" count="122" type="stmt"/>
        </file>
        <file name="amountOfTopLabels.reducer.ts" path="/home/travis/build/MaibornWolff/codecharta/visualization/app/codeCharta/state/store/appSettings/amountOfTopLabels/amountOfTopLabels.reducer.ts">
          <metrics statements="3" coveredstatements="3" conditionals="3" coveredconditionals="3" methods="1" coveredmethods="1"/>
          <line num="4" count="4237" type="stmt"/>
          <line num="6" count="51" type="stmt"/>
          <line num="8" count="4186" type="stmt"/>
        </file>
        <file name="amountOfTopLabels.service.ts" path="/home/travis/build/MaibornWolff/codecharta/visualization/app/codeCharta/state/store/appSettings/amountOfTopLabels/amountOfTopLabels.service.ts">
          <metrics statements="9" coveredstatements="8" conditionals="2" coveredconditionals="2" methods="6" coveredmethods="5"/>
          <line num="11" count="94" type="stmt"/>
          <line num="13" count="12" type="stmt"/>
          <line num="14" count="12" type="stmt"/>
          <line num="18" count="1091" type="cond" truecount="2" falsecount="0"/>
          <line num="19" count="29" type="stmt"/>
          <line num="24" count="29" type="stmt"/>
          <line num="28" count="29" type="stmt"/>
          <line num="32" count="1" type="stmt"/>
          <line num="33" count="0" type="stmt"/>
        </file>
        <file name="amountOfTopLabels.splitter.ts" path="/home/travis/build/MaibornWolff/codecharta/visualization/app/codeCharta/state/store/appSettings/amountOfTopLabels/amountOfTopLabels.splitter.ts">
          <metrics statements="1" coveredstatements="1" conditionals="0" coveredconditionals="0" methods="1" coveredmethods="1"/>
          <line num="4" count="43" type="stmt"/>
        </file>
      </package>
      <package name="app.codeCharta.state.store.appSettings.camera">
        <metrics statements="16" coveredstatements="14" conditionals="8" coveredconditionals="8" methods="10" coveredmethods="8"/>
        <file name="camera.actions.ts" path="/home/travis/build/MaibornWolff/codecharta/visualization/app/codeCharta/state/store/appSettings/camera/camera.actions.ts">
          <metrics statements="4" coveredstatements="4" conditionals="3" coveredconditionals="3" methods="2" coveredmethods="2"/>
          <line num="4" count="122" type="cond" truecount="2" falsecount="0"/>
          <line num="5" count="122" type="stmt"/>
          <line num="16" count="1257" type="stmt"/>
          <line num="22" count="122" type="stmt"/>
        </file>
        <file name="camera.reducer.ts" path="/home/travis/build/MaibornWolff/codecharta/visualization/app/codeCharta/state/store/appSettings/camera/camera.reducer.ts">
          <metrics statements="3" coveredstatements="3" conditionals="3" coveredconditionals="3" methods="1" coveredmethods="1"/>
          <line num="5" count="4237" type="stmt"/>
          <line num="7" count="52" type="stmt"/>
          <line num="9" count="4185" type="stmt"/>
        </file>
        <file name="camera.service.ts" path="/home/travis/build/MaibornWolff/codecharta/visualization/app/codeCharta/state/store/appSettings/camera/camera.service.ts">
          <metrics statements="8" coveredstatements="6" conditionals="2" coveredconditionals="2" methods="6" coveredmethods="4"/>
          <line num="12" count="94" type="stmt"/>
          <line num="14" count="10" type="stmt"/>
          <line num="15" count="10" type="stmt"/>
          <line num="19" count="1089" type="cond" truecount="2" falsecount="0"/>
          <line num="20" count="28" type="stmt"/>
          <line num="25" count="28" type="stmt"/>
          <line num="34" count="0" type="stmt"/>
          <line num="35" count="0" type="stmt"/>
        </file>
        <file name="camera.splitter.ts" path="/home/travis/build/MaibornWolff/codecharta/visualization/app/codeCharta/state/store/appSettings/camera/camera.splitter.ts">
          <metrics statements="1" coveredstatements="1" conditionals="0" coveredconditionals="0" methods="1" coveredmethods="1"/>
          <line num="5" count="44" type="stmt"/>
        </file>
      </package>
      <package name="app.codeCharta.state.store.appSettings.dynamicMargin">
        <metrics statements="17" coveredstatements="17" conditionals="8" coveredconditionals="8" methods="10" coveredmethods="10"/>
        <file name="dynamicMargin.actions.ts" path="/home/travis/build/MaibornWolff/codecharta/visualization/app/codeCharta/state/store/appSettings/dynamicMargin/dynamicMargin.actions.ts">
          <metrics statements="4" coveredstatements="4" conditionals="3" coveredconditionals="3" methods="2" coveredmethods="2"/>
          <line num="3" count="122" type="cond" truecount="2" falsecount="0"/>
          <line num="4" count="122" type="stmt"/>
          <line num="15" count="1258" type="stmt"/>
          <line num="21" count="122" type="stmt"/>
        </file>
        <file name="dynamicMargin.reducer.ts" path="/home/travis/build/MaibornWolff/codecharta/visualization/app/codeCharta/state/store/appSettings/dynamicMargin/dynamicMargin.reducer.ts">
          <metrics statements="3" coveredstatements="3" conditionals="3" coveredconditionals="3" methods="1" coveredmethods="1"/>
          <line num="4" count="4237" type="stmt"/>
          <line num="6" count="55" type="stmt"/>
          <line num="8" count="4182" type="stmt"/>
        </file>
        <file name="dynamicMargin.service.ts" path="/home/travis/build/MaibornWolff/codecharta/visualization/app/codeCharta/state/store/appSettings/dynamicMargin/dynamicMargin.service.ts">
          <metrics statements="9" coveredstatements="9" conditionals="2" coveredconditionals="2" methods="6" coveredmethods="6"/>
          <line num="11" count="94" type="stmt"/>
          <line num="13" count="12" type="stmt"/>
          <line num="14" count="12" type="stmt"/>
          <line num="18" count="1091" type="cond" truecount="2" falsecount="0"/>
          <line num="19" count="29" type="stmt"/>
          <line num="24" count="29" type="stmt"/>
          <line num="28" count="29" type="stmt"/>
          <line num="32" count="14" type="stmt"/>
          <line num="33" count="28" type="stmt"/>
        </file>
        <file name="dynamicMargin.splitter.ts" path="/home/travis/build/MaibornWolff/codecharta/visualization/app/codeCharta/state/store/appSettings/dynamicMargin/dynamicMargin.splitter.ts">
          <metrics statements="1" coveredstatements="1" conditionals="0" coveredconditionals="0" methods="1" coveredmethods="1"/>
          <line num="4" count="43" type="stmt"/>
        </file>
      </package>
      <package name="app.codeCharta.state.store.appSettings.edgeHeight">
        <metrics statements="17" coveredstatements="16" conditionals="8" coveredconditionals="8" methods="10" coveredmethods="9"/>
        <file name="edgeHeight.actions.ts" path="/home/travis/build/MaibornWolff/codecharta/visualization/app/codeCharta/state/store/appSettings/edgeHeight/edgeHeight.actions.ts">
          <metrics statements="4" coveredstatements="4" conditionals="3" coveredconditionals="3" methods="2" coveredmethods="2"/>
          <line num="3" count="122" type="cond" truecount="2" falsecount="0"/>
          <line num="4" count="122" type="stmt"/>
          <line num="15" count="1251" type="stmt"/>
          <line num="21" count="122" type="stmt"/>
        </file>
        <file name="edgeHeight.reducer.ts" path="/home/travis/build/MaibornWolff/codecharta/visualization/app/codeCharta/state/store/appSettings/edgeHeight/edgeHeight.reducer.ts">
          <metrics statements="3" coveredstatements="3" conditionals="3" coveredconditionals="3" methods="1" coveredmethods="1"/>
          <line num="4" count="4237" type="stmt"/>
          <line num="6" count="47" type="stmt"/>
          <line num="8" count="4190" type="stmt"/>
        </file>
        <file name="edgeHeight.service.ts" path="/home/travis/build/MaibornWolff/codecharta/visualization/app/codeCharta/state/store/appSettings/edgeHeight/edgeHeight.service.ts">
          <metrics statements="9" coveredstatements="8" conditionals="2" coveredconditionals="2" methods="6" coveredmethods="5"/>
          <line num="11" count="94" type="stmt"/>
          <line num="13" count="12" type="stmt"/>
          <line num="14" count="12" type="stmt"/>
          <line num="18" count="1091" type="cond" truecount="2" falsecount="0"/>
          <line num="19" count="29" type="stmt"/>
          <line num="24" count="29" type="stmt"/>
          <line num="28" count="29" type="stmt"/>
          <line num="32" count="3" type="stmt"/>
          <line num="33" count="0" type="stmt"/>
        </file>
        <file name="edgeHeight.splitter.ts" path="/home/travis/build/MaibornWolff/codecharta/visualization/app/codeCharta/state/store/appSettings/edgeHeight/edgeHeight.splitter.ts">
          <metrics statements="1" coveredstatements="1" conditionals="0" coveredconditionals="0" methods="1" coveredmethods="1"/>
          <line num="4" count="44" type="stmt"/>
        </file>
      </package>
      <package name="app.codeCharta.state.store.appSettings.hideFlatBuildings">
        <metrics statements="17" coveredstatements="16" conditionals="8" coveredconditionals="8" methods="10" coveredmethods="9"/>
        <file name="hideFlatBuildings.actions.ts" path="/home/travis/build/MaibornWolff/codecharta/visualization/app/codeCharta/state/store/appSettings/hideFlatBuildings/hideFlatBuildings.actions.ts">
          <metrics statements="4" coveredstatements="4" conditionals="3" coveredconditionals="3" methods="2" coveredmethods="2"/>
          <line num="3" count="122" type="cond" truecount="2" falsecount="0"/>
          <line num="4" count="122" type="stmt"/>
          <line num="15" count="1253" type="stmt"/>
          <line num="21" count="122" type="stmt"/>
        </file>
        <file name="hideFlatBuildings.reducer.ts" path="/home/travis/build/MaibornWolff/codecharta/visualization/app/codeCharta/state/store/appSettings/hideFlatBuildings/hideFlatBuildings.reducer.ts">
          <metrics statements="3" coveredstatements="3" conditionals="3" coveredconditionals="3" methods="1" coveredmethods="1"/>
          <line num="4" count="4237" type="stmt"/>
          <line num="6" count="50" type="stmt"/>
          <line num="8" count="4187" type="stmt"/>
        </file>
        <file name="hideFlatBuildings.service.ts" path="/home/travis/build/MaibornWolff/codecharta/visualization/app/codeCharta/state/store/appSettings/hideFlatBuildings/hideFlatBuildings.service.ts">
          <metrics statements="9" coveredstatements="8" conditionals="2" coveredconditionals="2" methods="6" coveredmethods="5"/>
          <line num="11" count="94" type="stmt"/>
          <line num="13" count="12" type="stmt"/>
          <line num="14" count="12" type="stmt"/>
          <line num="18" count="1091" type="cond" truecount="2" falsecount="0"/>
          <line num="19" count="29" type="stmt"/>
          <line num="24" count="29" type="stmt"/>
          <line num="28" count="29" type="stmt"/>
          <line num="32" count="1" type="stmt"/>
          <line num="33" count="0" type="stmt"/>
        </file>
        <file name="hideFlatBuildings.splitter.ts" path="/home/travis/build/MaibornWolff/codecharta/visualization/app/codeCharta/state/store/appSettings/hideFlatBuildings/hideFlatBuildings.splitter.ts">
          <metrics statements="1" coveredstatements="1" conditionals="0" coveredconditionals="0" methods="1" coveredmethods="1"/>
          <line num="4" count="45" type="stmt"/>
        </file>
      </package>
      <package name="app.codeCharta.state.store.appSettings.invertColorRange">
        <metrics statements="17" coveredstatements="16" conditionals="8" coveredconditionals="8" methods="10" coveredmethods="9"/>
        <file name="invertColorRange.actions.ts" path="/home/travis/build/MaibornWolff/codecharta/visualization/app/codeCharta/state/store/appSettings/invertColorRange/invertColorRange.actions.ts">
          <metrics statements="4" coveredstatements="4" conditionals="3" coveredconditionals="3" methods="2" coveredmethods="2"/>
          <line num="3" count="122" type="cond" truecount="2" falsecount="0"/>
          <line num="4" count="122" type="stmt"/>
          <line num="15" count="1255" type="stmt"/>
          <line num="21" count="122" type="stmt"/>
        </file>
        <file name="invertColorRange.reducer.ts" path="/home/travis/build/MaibornWolff/codecharta/visualization/app/codeCharta/state/store/appSettings/invertColorRange/invertColorRange.reducer.ts">
          <metrics statements="3" coveredstatements="3" conditionals="3" coveredconditionals="3" methods="1" coveredmethods="1"/>
          <line num="4" count="4237" type="stmt"/>
          <line num="6" count="52" type="stmt"/>
          <line num="8" count="4185" type="stmt"/>
        </file>
        <file name="invertColorRange.service.ts" path="/home/travis/build/MaibornWolff/codecharta/visualization/app/codeCharta/state/store/appSettings/invertColorRange/invertColorRange.service.ts">
          <metrics statements="9" coveredstatements="8" conditionals="2" coveredconditionals="2" methods="6" coveredmethods="5"/>
          <line num="11" count="94" type="stmt"/>
          <line num="13" count="12" type="stmt"/>
          <line num="14" count="12" type="stmt"/>
          <line num="18" count="1091" type="cond" truecount="2" falsecount="0"/>
          <line num="19" count="29" type="stmt"/>
          <line num="24" count="29" type="stmt"/>
          <line num="28" count="29" type="stmt"/>
          <line num="32" count="15" type="stmt"/>
          <line num="33" count="0" type="stmt"/>
        </file>
        <file name="invertColorRange.splitter.ts" path="/home/travis/build/MaibornWolff/codecharta/visualization/app/codeCharta/state/store/appSettings/invertColorRange/invertColorRange.splitter.ts">
          <metrics statements="1" coveredstatements="1" conditionals="0" coveredconditionals="0" methods="1" coveredmethods="1"/>
          <line num="4" count="45" type="stmt"/>
        </file>
      </package>
      <package name="app.codeCharta.state.store.appSettings.invertDeltaColors">
        <metrics statements="17" coveredstatements="16" conditionals="8" coveredconditionals="8" methods="10" coveredmethods="9"/>
        <file name="invertDeltaColors.actions.ts" path="/home/travis/build/MaibornWolff/codecharta/visualization/app/codeCharta/state/store/appSettings/invertDeltaColors/invertDeltaColors.actions.ts">
          <metrics statements="4" coveredstatements="4" conditionals="3" coveredconditionals="3" methods="2" coveredmethods="2"/>
          <line num="3" count="122" type="cond" truecount="2" falsecount="0"/>
          <line num="4" count="122" type="stmt"/>
          <line num="15" count="1258" type="stmt"/>
          <line num="21" count="122" type="stmt"/>
        </file>
        <file name="invertDeltaColors.reducer.ts" path="/home/travis/build/MaibornWolff/codecharta/visualization/app/codeCharta/state/store/appSettings/invertDeltaColors/invertDeltaColors.reducer.ts">
          <metrics statements="3" coveredstatements="3" conditionals="3" coveredconditionals="3" methods="1" coveredmethods="1"/>
          <line num="4" count="4237" type="stmt"/>
          <line num="6" count="55" type="stmt"/>
          <line num="8" count="4182" type="stmt"/>
        </file>
        <file name="invertDeltaColors.service.ts" path="/home/travis/build/MaibornWolff/codecharta/visualization/app/codeCharta/state/store/appSettings/invertDeltaColors/invertDeltaColors.service.ts">
          <metrics statements="9" coveredstatements="8" conditionals="2" coveredconditionals="2" methods="6" coveredmethods="5"/>
          <line num="11" count="94" type="stmt"/>
          <line num="13" count="12" type="stmt"/>
          <line num="14" count="12" type="stmt"/>
          <line num="18" count="1091" type="cond" truecount="2" falsecount="0"/>
          <line num="19" count="29" type="stmt"/>
          <line num="24" count="29" type="stmt"/>
          <line num="28" count="29" type="stmt"/>
          <line num="32" count="17" type="stmt"/>
          <line num="33" count="0" type="stmt"/>
        </file>
        <file name="invertDeltaColors.splitter.ts" path="/home/travis/build/MaibornWolff/codecharta/visualization/app/codeCharta/state/store/appSettings/invertDeltaColors/invertDeltaColors.splitter.ts">
          <metrics statements="1" coveredstatements="1" conditionals="0" coveredconditionals="0" methods="1" coveredmethods="1"/>
          <line num="4" count="43" type="stmt"/>
        </file>
      </package>
      <package name="app.codeCharta.state.store.appSettings.invertHeight">
        <metrics statements="17" coveredstatements="16" conditionals="8" coveredconditionals="8" methods="10" coveredmethods="9"/>
        <file name="invertHeight.actions.ts" path="/home/travis/build/MaibornWolff/codecharta/visualization/app/codeCharta/state/store/appSettings/invertHeight/invertHeight.actions.ts">
          <metrics statements="4" coveredstatements="4" conditionals="3" coveredconditionals="3" methods="2" coveredmethods="2"/>
          <line num="3" count="122" type="cond" truecount="2" falsecount="0"/>
          <line num="4" count="122" type="stmt"/>
          <line num="15" count="1250" type="stmt"/>
          <line num="21" count="122" type="stmt"/>
        </file>
        <file name="invertHeight.reducer.ts" path="/home/travis/build/MaibornWolff/codecharta/visualization/app/codeCharta/state/store/appSettings/invertHeight/invertHeight.reducer.ts">
          <metrics statements="3" coveredstatements="3" conditionals="3" coveredconditionals="3" methods="1" coveredmethods="1"/>
          <line num="4" count="4237" type="stmt"/>
          <line num="6" count="47" type="stmt"/>
          <line num="8" count="4190" type="stmt"/>
        </file>
        <file name="invertHeight.service.ts" path="/home/travis/build/MaibornWolff/codecharta/visualization/app/codeCharta/state/store/appSettings/invertHeight/invertHeight.service.ts">
          <metrics statements="9" coveredstatements="8" conditionals="2" coveredconditionals="2" methods="6" coveredmethods="5"/>
          <line num="11" count="94" type="stmt"/>
          <line num="13" count="12" type="stmt"/>
          <line num="14" count="12" type="stmt"/>
          <line num="18" count="1091" type="cond" truecount="2" falsecount="0"/>
          <line num="19" count="29" type="stmt"/>
          <line num="24" count="29" type="stmt"/>
          <line num="28" count="29" type="stmt"/>
          <line num="32" count="5" type="stmt"/>
          <line num="33" count="0" type="stmt"/>
        </file>
        <file name="invertHeight.splitter.ts" path="/home/travis/build/MaibornWolff/codecharta/visualization/app/codeCharta/state/store/appSettings/invertHeight/invertHeight.splitter.ts">
          <metrics statements="1" coveredstatements="1" conditionals="0" coveredconditionals="0" methods="1" coveredmethods="1"/>
          <line num="4" count="43" type="stmt"/>
        </file>
      </package>
      <package name="app.codeCharta.state.store.appSettings.isAttributeSideBarVisible">
        <metrics statements="27" coveredstatements="26" conditionals="10" coveredconditionals="10" methods="14" coveredmethods="13"/>
        <file name="isAttributeSideBarVisible.actions.ts" path="/home/travis/build/MaibornWolff/codecharta/visualization/app/codeCharta/state/store/appSettings/isAttributeSideBarVisible/isAttributeSideBarVisible.actions.ts">
          <metrics statements="8" coveredstatements="8" conditionals="3" coveredconditionals="3" methods="4" coveredmethods="4"/>
          <line num="3" count="122" type="cond" truecount="2" falsecount="0"/>
          <line num="4" count="122" type="stmt"/>
          <line num="5" count="122" type="stmt"/>
          <line num="6" count="122" type="stmt"/>
          <line num="27" count="1249" type="stmt"/>
          <line num="34" count="4" type="stmt"/>
          <line num="40" count="4" type="stmt"/>
          <line num="45" count="122" type="stmt"/>
        </file>
        <file name="isAttributeSideBarVisible.reducer.ts" path="/home/travis/build/MaibornWolff/codecharta/visualization/app/codeCharta/state/store/appSettings/isAttributeSideBarVisible/isAttributeSideBarVisible.reducer.ts">
          <metrics statements="5" coveredstatements="5" conditionals="5" coveredconditionals="5" methods="1" coveredmethods="1"/>
          <line num="11" count="4239" type="stmt"/>
          <line num="13" count="4" type="stmt"/>
          <line num="15" count="4" type="stmt"/>
          <line num="17" count="46" type="stmt"/>
          <line num="19" count="4185" type="stmt"/>
        </file>
        <file name="isAttributeSideBarVisible.service.ts" path="/home/travis/build/MaibornWolff/codecharta/visualization/app/codeCharta/state/store/appSettings/isAttributeSideBarVisible/isAttributeSideBarVisible.service.ts">
          <metrics statements="13" coveredstatements="12" conditionals="2" coveredconditionals="2" methods="8" coveredmethods="7"/>
          <line num="18" count="94" type="stmt"/>
          <line num="20" count="18" type="stmt"/>
          <line num="21" count="18" type="stmt"/>
          <line num="22" count="18" type="stmt"/>
          <line num="23" count="18" type="stmt"/>
          <line num="27" count="1" type="stmt"/>
          <line num="31" count="1" type="stmt"/>
          <line num="35" count="1091" type="cond" truecount="2" falsecount="0"/>
          <line num="36" count="29" type="stmt"/>
          <line num="41" count="29" type="stmt"/>
          <line num="45" count="29" type="stmt"/>
          <line num="51" count="22" type="stmt"/>
          <line num="52" count="0" type="stmt"/>
        </file>
        <file name="isAttributeSideBarVisible.splitter.ts" path="/home/travis/build/MaibornWolff/codecharta/visualization/app/codeCharta/state/store/appSettings/isAttributeSideBarVisible/isAttributeSideBarVisible.splitter.ts">
          <metrics statements="1" coveredstatements="1" conditionals="0" coveredconditionals="0" methods="1" coveredmethods="1"/>
          <line num="4" count="43" type="stmt"/>
        </file>
      </package>
      <package name="app.codeCharta.state.store.appSettings.isLoadingFile">
        <metrics statements="17" coveredstatements="16" conditionals="8" coveredconditionals="8" methods="10" coveredmethods="9"/>
        <file name="isLoadingFile.actions.ts" path="/home/travis/build/MaibornWolff/codecharta/visualization/app/codeCharta/state/store/appSettings/isLoadingFile/isLoadingFile.actions.ts">
          <metrics statements="4" coveredstatements="4" conditionals="3" coveredconditionals="3" methods="2" coveredmethods="2"/>
          <line num="3" count="123" type="cond" truecount="2" falsecount="0"/>
          <line num="4" count="123" type="stmt"/>
          <line num="15" count="1264" type="stmt"/>
          <line num="21" count="123" type="stmt"/>
        </file>
        <file name="isLoadingFile.reducer.ts" path="/home/travis/build/MaibornWolff/codecharta/visualization/app/codeCharta/state/store/appSettings/isLoadingFile/isLoadingFile.reducer.ts">
          <metrics statements="3" coveredstatements="3" conditionals="3" coveredconditionals="3" methods="1" coveredmethods="1"/>
          <line num="4" count="4237" type="stmt"/>
          <line num="6" count="61" type="stmt"/>
          <line num="8" count="4176" type="stmt"/>
        </file>
        <file name="isLoadingFile.service.ts" path="/home/travis/build/MaibornWolff/codecharta/visualization/app/codeCharta/state/store/appSettings/isLoadingFile/isLoadingFile.service.ts">
          <metrics statements="9" coveredstatements="8" conditionals="2" coveredconditionals="2" methods="6" coveredmethods="5"/>
          <line num="11" count="94" type="stmt"/>
          <line num="13" count="12" type="stmt"/>
          <line num="14" count="12" type="stmt"/>
          <line num="18" count="1091" type="cond" truecount="2" falsecount="0"/>
          <line num="19" count="39" type="stmt"/>
          <line num="24" count="39" type="stmt"/>
          <line num="28" count="39" type="stmt"/>
          <line num="32" count="2" type="stmt"/>
          <line num="33" count="0" type="stmt"/>
        </file>
        <file name="isLoadingFile.splitter.ts" path="/home/travis/build/MaibornWolff/codecharta/visualization/app/codeCharta/state/store/appSettings/isLoadingFile/isLoadingFile.splitter.ts">
          <metrics statements="1" coveredstatements="1" conditionals="0" coveredconditionals="0" methods="1" coveredmethods="1"/>
          <line num="4" count="43" type="stmt"/>
        </file>
      </package>
      <package name="app.codeCharta.state.store.appSettings.isLoadingMap">
        <metrics statements="17" coveredstatements="16" conditionals="8" coveredconditionals="8" methods="10" coveredmethods="9"/>
        <file name="isLoadingMap.actions.ts" path="/home/travis/build/MaibornWolff/codecharta/visualization/app/codeCharta/state/store/appSettings/isLoadingMap/isLoadingMap.actions.ts">
          <metrics statements="4" coveredstatements="4" conditionals="3" coveredconditionals="3" methods="2" coveredmethods="2"/>
          <line num="3" count="122" type="cond" truecount="2" falsecount="0"/>
          <line num="4" count="122" type="stmt"/>
          <line num="15" count="1994" type="stmt"/>
          <line num="21" count="122" type="stmt"/>
        </file>
        <file name="isLoadingMap.reducer.ts" path="/home/travis/build/MaibornWolff/codecharta/visualization/app/codeCharta/state/store/appSettings/isLoadingMap/isLoadingMap.reducer.ts">
          <metrics statements="3" coveredstatements="3" conditionals="3" coveredconditionals="3" methods="1" coveredmethods="1"/>
          <line num="4" count="4237" type="stmt"/>
          <line num="6" count="791" type="stmt"/>
          <line num="8" count="3446" type="stmt"/>
        </file>
        <file name="isLoadingMap.service.ts" path="/home/travis/build/MaibornWolff/codecharta/visualization/app/codeCharta/state/store/appSettings/isLoadingMap/isLoadingMap.service.ts">
          <metrics statements="9" coveredstatements="8" conditionals="2" coveredconditionals="2" methods="6" coveredmethods="5"/>
          <line num="11" count="94" type="stmt"/>
          <line num="13" count="12" type="stmt"/>
          <line num="14" count="12" type="stmt"/>
          <line num="18" count="1091" type="cond" truecount="2" falsecount="0"/>
          <line num="19" count="170" type="stmt"/>
          <line num="24" count="170" type="stmt"/>
          <line num="28" count="170" type="stmt"/>
          <line num="32" count="1" type="stmt"/>
          <line num="33" count="0" type="stmt"/>
        </file>
        <file name="isLoadingMap.splitter.ts" path="/home/travis/build/MaibornWolff/codecharta/visualization/app/codeCharta/state/store/appSettings/isLoadingMap/isLoadingMap.splitter.ts">
          <metrics statements="1" coveredstatements="1" conditionals="0" coveredconditionals="0" methods="1" coveredmethods="1"/>
          <line num="4" count="43" type="stmt"/>
        </file>
      </package>
      <package name="app.codeCharta.state.store.appSettings.isPresentationMode">
        <metrics statements="17" coveredstatements="16" conditionals="8" coveredconditionals="8" methods="10" coveredmethods="9"/>
        <file name="isPresentationMode.actions.ts" path="/home/travis/build/MaibornWolff/codecharta/visualization/app/codeCharta/state/store/appSettings/isPresentationMode/isPresentationMode.actions.ts">
          <metrics statements="4" coveredstatements="4" conditionals="3" coveredconditionals="3" methods="2" coveredmethods="2"/>
          <line num="3" count="122" type="cond" truecount="2" falsecount="0"/>
          <line num="4" count="122" type="stmt"/>
          <line num="15" count="1253" type="stmt"/>
          <line num="21" count="122" type="stmt"/>
        </file>
        <file name="isPresentationMode.reducer.ts" path="/home/travis/build/MaibornWolff/codecharta/visualization/app/codeCharta/state/store/appSettings/isPresentationMode/isPresentationMode.reducer.ts">
          <metrics statements="3" coveredstatements="3" conditionals="3" coveredconditionals="3" methods="1" coveredmethods="1"/>
          <line num="4" count="4237" type="stmt"/>
          <line num="6" count="50" type="stmt"/>
          <line num="8" count="4187" type="stmt"/>
        </file>
        <file name="isPresentationMode.service.ts" path="/home/travis/build/MaibornWolff/codecharta/visualization/app/codeCharta/state/store/appSettings/isPresentationMode/isPresentationMode.service.ts">
          <metrics statements="9" coveredstatements="8" conditionals="2" coveredconditionals="2" methods="6" coveredmethods="5"/>
          <line num="11" count="94" type="stmt"/>
          <line num="13" count="12" type="stmt"/>
          <line num="14" count="12" type="stmt"/>
          <line num="18" count="1091" type="cond" truecount="2" falsecount="0"/>
          <line num="19" count="29" type="stmt"/>
          <line num="24" count="29" type="stmt"/>
          <line num="28" count="29" type="stmt"/>
          <line num="32" count="1" type="stmt"/>
          <line num="33" count="0" type="stmt"/>
        </file>
        <file name="isPresentationMode.splitter.ts" path="/home/travis/build/MaibornWolff/codecharta/visualization/app/codeCharta/state/store/appSettings/isPresentationMode/isPresentationMode.splitter.ts">
          <metrics statements="1" coveredstatements="1" conditionals="0" coveredconditionals="0" methods="1" coveredmethods="1"/>
          <line num="4" count="43" type="stmt"/>
        </file>
      </package>
      <package name="app.codeCharta.state.store.appSettings.isWhiteBackground">
        <metrics statements="17" coveredstatements="16" conditionals="8" coveredconditionals="8" methods="10" coveredmethods="9"/>
        <file name="isWhiteBackground.actions.ts" path="/home/travis/build/MaibornWolff/codecharta/visualization/app/codeCharta/state/store/appSettings/isWhiteBackground/isWhiteBackground.actions.ts">
          <metrics statements="4" coveredstatements="4" conditionals="3" coveredconditionals="3" methods="2" coveredmethods="2"/>
          <line num="3" count="122" type="cond" truecount="2" falsecount="0"/>
          <line num="4" count="122" type="stmt"/>
          <line num="15" count="1251" type="stmt"/>
          <line num="21" count="122" type="stmt"/>
        </file>
        <file name="isWhiteBackground.reducer.ts" path="/home/travis/build/MaibornWolff/codecharta/visualization/app/codeCharta/state/store/appSettings/isWhiteBackground/isWhiteBackground.reducer.ts">
          <metrics statements="3" coveredstatements="3" conditionals="3" coveredconditionals="3" methods="1" coveredmethods="1"/>
          <line num="4" count="4237" type="stmt"/>
          <line num="6" count="48" type="stmt"/>
          <line num="8" count="4189" type="stmt"/>
        </file>
        <file name="isWhiteBackground.service.ts" path="/home/travis/build/MaibornWolff/codecharta/visualization/app/codeCharta/state/store/appSettings/isWhiteBackground/isWhiteBackground.service.ts">
          <metrics statements="9" coveredstatements="8" conditionals="2" coveredconditionals="2" methods="6" coveredmethods="5"/>
          <line num="11" count="94" type="stmt"/>
          <line num="13" count="12" type="stmt"/>
          <line num="14" count="12" type="stmt"/>
          <line num="18" count="1091" type="cond" truecount="2" falsecount="0"/>
          <line num="19" count="29" type="stmt"/>
          <line num="24" count="29" type="stmt"/>
          <line num="28" count="29" type="stmt"/>
          <line num="32" count="3" type="stmt"/>
          <line num="33" count="0" type="stmt"/>
        </file>
        <file name="isWhiteBackground.splitter.ts" path="/home/travis/build/MaibornWolff/codecharta/visualization/app/codeCharta/state/store/appSettings/isWhiteBackground/isWhiteBackground.splitter.ts">
          <metrics statements="1" coveredstatements="1" conditionals="0" coveredconditionals="0" methods="1" coveredmethods="1"/>
          <line num="4" count="43" type="stmt"/>
        </file>
      </package>
      <package name="app.codeCharta.state.store.appSettings.mapColors">
        <metrics statements="17" coveredstatements="16" conditionals="8" coveredconditionals="8" methods="10" coveredmethods="9"/>
        <file name="mapColors.actions.ts" path="/home/travis/build/MaibornWolff/codecharta/visualization/app/codeCharta/state/store/appSettings/mapColors/mapColors.actions.ts">
          <metrics statements="4" coveredstatements="4" conditionals="3" coveredconditionals="3" methods="2" coveredmethods="2"/>
          <line num="3" count="122" type="cond" truecount="2" falsecount="0"/>
          <line num="4" count="122" type="stmt"/>
          <line num="15" count="1251" type="stmt"/>
          <line num="21" count="122" type="stmt"/>
        </file>
        <file name="mapColors.reducer.ts" path="/home/travis/build/MaibornWolff/codecharta/visualization/app/codeCharta/state/store/appSettings/mapColors/mapColors.reducer.ts">
          <metrics statements="3" coveredstatements="3" conditionals="3" coveredconditionals="3" methods="1" coveredmethods="1"/>
          <line num="5" count="4238" type="stmt"/>
          <line num="7" count="48" type="stmt"/>
          <line num="9" count="4190" type="stmt"/>
        </file>
        <file name="mapColors.service.ts" path="/home/travis/build/MaibornWolff/codecharta/visualization/app/codeCharta/state/store/appSettings/mapColors/mapColors.service.ts">
          <metrics statements="9" coveredstatements="8" conditionals="2" coveredconditionals="2" methods="6" coveredmethods="5"/>
          <line num="12" count="94" type="stmt"/>
          <line num="14" count="12" type="stmt"/>
          <line num="15" count="12" type="stmt"/>
          <line num="19" count="1091" type="cond" truecount="2" falsecount="0"/>
          <line num="20" count="29" type="stmt"/>
          <line num="25" count="29" type="stmt"/>
          <line num="29" count="29" type="stmt"/>
          <line num="33" count="32" type="stmt"/>
          <line num="34" count="0" type="stmt"/>
        </file>
        <file name="mapColors.splitter.ts" path="/home/travis/build/MaibornWolff/codecharta/visualization/app/codeCharta/state/store/appSettings/mapColors/mapColors.splitter.ts">
          <metrics statements="1" coveredstatements="1" conditionals="0" coveredconditionals="0" methods="1" coveredmethods="1"/>
          <line num="5" count="43" type="stmt"/>
        </file>
      </package>
      <package name="app.codeCharta.state.store.appSettings.resetCameraIfNewFileIsLoaded">
        <metrics statements="17" coveredstatements="16" conditionals="8" coveredconditionals="8" methods="10" coveredmethods="9"/>
        <file name="resetCameraIfNewFileIsLoaded.actions.ts" path="/home/travis/build/MaibornWolff/codecharta/visualization/app/codeCharta/state/store/appSettings/resetCameraIfNewFileIsLoaded/resetCameraIfNewFileIsLoaded.actions.ts">
          <metrics statements="4" coveredstatements="4" conditionals="3" coveredconditionals="3" methods="2" coveredmethods="2"/>
          <line num="3" count="122" type="cond" truecount="2" falsecount="0"/>
          <line num="4" count="122" type="stmt"/>
          <line num="17" count="1253" type="stmt"/>
          <line num="23" count="122" type="stmt"/>
        </file>
        <file name="resetCameraIfNewFileIsLoaded.reducer.ts" path="/home/travis/build/MaibornWolff/codecharta/visualization/app/codeCharta/state/store/appSettings/resetCameraIfNewFileIsLoaded/resetCameraIfNewFileIsLoaded.reducer.ts">
          <metrics statements="3" coveredstatements="3" conditionals="3" coveredconditionals="3" methods="1" coveredmethods="1"/>
          <line num="11" count="4237" type="stmt"/>
          <line num="13" count="50" type="stmt"/>
          <line num="15" count="4187" type="stmt"/>
        </file>
        <file name="resetCameraIfNewFileIsLoaded.service.ts" path="/home/travis/build/MaibornWolff/codecharta/visualization/app/codeCharta/state/store/appSettings/resetCameraIfNewFileIsLoaded/resetCameraIfNewFileIsLoaded.service.ts">
          <metrics statements="9" coveredstatements="8" conditionals="2" coveredconditionals="2" methods="6" coveredmethods="5"/>
          <line num="11" count="94" type="stmt"/>
          <line num="13" count="12" type="stmt"/>
          <line num="14" count="12" type="stmt"/>
          <line num="18" count="1091" type="cond" truecount="2" falsecount="0"/>
          <line num="19" count="29" type="stmt"/>
          <line num="24" count="29" type="stmt"/>
          <line num="28" count="29" type="stmt"/>
          <line num="34" count="5" type="stmt"/>
          <line num="35" count="0" type="stmt"/>
        </file>
        <file name="resetCameraIfNewFileIsLoaded.splitter.ts" path="/home/travis/build/MaibornWolff/codecharta/visualization/app/codeCharta/state/store/appSettings/resetCameraIfNewFileIsLoaded/resetCameraIfNewFileIsLoaded.splitter.ts">
          <metrics statements="1" coveredstatements="1" conditionals="0" coveredconditionals="0" methods="1" coveredmethods="1"/>
          <line num="4" count="43" type="stmt"/>
        </file>
      </package>
      <package name="app.codeCharta.state.store.appSettings.scaling">
        <metrics statements="17" coveredstatements="17" conditionals="8" coveredconditionals="8" methods="10" coveredmethods="10"/>
        <file name="scaling.actions.ts" path="/home/travis/build/MaibornWolff/codecharta/visualization/app/codeCharta/state/store/appSettings/scaling/scaling.actions.ts">
          <metrics statements="4" coveredstatements="4" conditionals="3" coveredconditionals="3" methods="2" coveredmethods="2"/>
          <line num="4" count="123" type="cond" truecount="2" falsecount="0"/>
          <line num="5" count="123" type="stmt"/>
          <line num="16" count="1258" type="stmt"/>
          <line num="22" count="123" type="stmt"/>
        </file>
        <file name="scaling.reducer.ts" path="/home/travis/build/MaibornWolff/codecharta/visualization/app/codeCharta/state/store/appSettings/scaling/scaling.reducer.ts">
          <metrics statements="3" coveredstatements="3" conditionals="3" coveredconditionals="3" methods="1" coveredmethods="1"/>
          <line num="5" count="4237" type="stmt"/>
          <line num="7" count="54" type="stmt"/>
          <line num="9" count="4183" type="stmt"/>
        </file>
        <file name="scaling.service.ts" path="/home/travis/build/MaibornWolff/codecharta/visualization/app/codeCharta/state/store/appSettings/scaling/scaling.service.ts">
          <metrics statements="9" coveredstatements="9" conditionals="2" coveredconditionals="2" methods="6" coveredmethods="6"/>
          <line num="12" count="94" type="stmt"/>
          <line num="14" count="12" type="stmt"/>
          <line num="15" count="12" type="stmt"/>
          <line num="19" count="1091" type="cond" truecount="2" falsecount="0"/>
          <line num="20" count="29" type="stmt"/>
          <line num="25" count="29" type="stmt"/>
          <line num="29" count="29" type="stmt"/>
          <line num="33" count="126" type="stmt"/>
          <line num="34" count="28" type="stmt"/>
        </file>
        <file name="scaling.splitter.ts" path="/home/travis/build/MaibornWolff/codecharta/visualization/app/codeCharta/state/store/appSettings/scaling/scaling.splitter.ts">
          <metrics statements="1" coveredstatements="1" conditionals="0" coveredconditionals="0" methods="1" coveredmethods="1"/>
          <line num="5" count="45" type="stmt"/>
        </file>
      </package>
      <package name="app.codeCharta.state.store.appSettings.searchPanelMode">
        <metrics statements="17" coveredstatements="16" conditionals="8" coveredconditionals="8" methods="10" coveredmethods="9"/>
        <file name="searchPanelMode.actions.ts" path="/home/travis/build/MaibornWolff/codecharta/visualization/app/codeCharta/state/store/appSettings/searchPanelMode/searchPanelMode.actions.ts">
          <metrics statements="4" coveredstatements="4" conditionals="3" coveredconditionals="3" methods="2" coveredmethods="2"/>
          <line num="4" count="122" type="cond" truecount="2" falsecount="0"/>
          <line num="5" count="122" type="stmt"/>
          <line num="16" count="1253" type="stmt"/>
          <line num="22" count="122" type="stmt"/>
        </file>
        <file name="searchPanelMode.reducer.ts" path="/home/travis/build/MaibornWolff/codecharta/visualization/app/codeCharta/state/store/appSettings/searchPanelMode/searchPanelMode.reducer.ts">
          <metrics statements="3" coveredstatements="3" conditionals="3" coveredconditionals="3" methods="1" coveredmethods="1"/>
          <line num="5" count="4237" type="stmt"/>
          <line num="7" count="50" type="stmt"/>
          <line num="9" count="4187" type="stmt"/>
        </file>
        <file name="searchPanelMode.service.ts" path="/home/travis/build/MaibornWolff/codecharta/visualization/app/codeCharta/state/store/appSettings/searchPanelMode/searchPanelMode.service.ts">
          <metrics statements="9" coveredstatements="8" conditionals="2" coveredconditionals="2" methods="6" coveredmethods="5"/>
          <line num="12" count="94" type="stmt"/>
          <line num="14" count="12" type="stmt"/>
          <line num="15" count="12" type="stmt"/>
          <line num="19" count="1091" type="cond" truecount="2" falsecount="0"/>
          <line num="20" count="29" type="stmt"/>
          <line num="25" count="29" type="stmt"/>
          <line num="29" count="29" type="stmt"/>
          <line num="33" count="11" type="stmt"/>
          <line num="34" count="0" type="stmt"/>
        </file>
        <file name="searchPanelMode.splitter.ts" path="/home/travis/build/MaibornWolff/codecharta/visualization/app/codeCharta/state/store/appSettings/searchPanelMode/searchPanelMode.splitter.ts">
          <metrics statements="1" coveredstatements="1" conditionals="0" coveredconditionals="0" methods="1" coveredmethods="1"/>
          <line num="5" count="43" type="stmt"/>
        </file>
      </package>
      <package name="app.codeCharta.state.store.appSettings.showOnlyBuildingsWithEdges">
        <metrics statements="17" coveredstatements="16" conditionals="8" coveredconditionals="8" methods="10" coveredmethods="9"/>
        <file name="showOnlyBuildingsWithEdges.actions.ts" path="/home/travis/build/MaibornWolff/codecharta/visualization/app/codeCharta/state/store/appSettings/showOnlyBuildingsWithEdges/showOnlyBuildingsWithEdges.actions.ts">
          <metrics statements="4" coveredstatements="4" conditionals="3" coveredconditionals="3" methods="2" coveredmethods="2"/>
          <line num="3" count="122" type="cond" truecount="2" falsecount="0"/>
          <line num="4" count="122" type="stmt"/>
          <line num="17" count="1254" type="stmt"/>
          <line num="23" count="122" type="stmt"/>
        </file>
        <file name="showOnlyBuildingsWithEdges.reducer.ts" path="/home/travis/build/MaibornWolff/codecharta/visualization/app/codeCharta/state/store/appSettings/showOnlyBuildingsWithEdges/showOnlyBuildingsWithEdges.reducer.ts">
          <metrics statements="3" coveredstatements="3" conditionals="3" coveredconditionals="3" methods="1" coveredmethods="1"/>
          <line num="11" count="4237" type="stmt"/>
          <line num="13" count="51" type="stmt"/>
          <line num="15" count="4186" type="stmt"/>
        </file>
        <file name="showOnlyBuildingsWithEdges.service.ts" path="/home/travis/build/MaibornWolff/codecharta/visualization/app/codeCharta/state/store/appSettings/showOnlyBuildingsWithEdges/showOnlyBuildingsWithEdges.service.ts">
          <metrics statements="9" coveredstatements="8" conditionals="2" coveredconditionals="2" methods="6" coveredmethods="5"/>
          <line num="11" count="94" type="stmt"/>
          <line num="13" count="12" type="stmt"/>
          <line num="14" count="12" type="stmt"/>
          <line num="18" count="1091" type="cond" truecount="2" falsecount="0"/>
          <line num="19" count="29" type="stmt"/>
          <line num="24" count="29" type="stmt"/>
          <line num="28" count="29" type="stmt"/>
          <line num="34" count="5" type="stmt"/>
          <line num="35" count="0" type="stmt"/>
        </file>
        <file name="showOnlyBuildingsWithEdges.splitter.ts" path="/home/travis/build/MaibornWolff/codecharta/visualization/app/codeCharta/state/store/appSettings/showOnlyBuildingsWithEdges/showOnlyBuildingsWithEdges.splitter.ts">
          <metrics statements="1" coveredstatements="1" conditionals="0" coveredconditionals="0" methods="1" coveredmethods="1"/>
          <line num="4" count="43" type="stmt"/>
        </file>
      </package>
      <package name="app.codeCharta.state.store.appSettings.sortingOrderAscending">
        <metrics statements="17" coveredstatements="16" conditionals="8" coveredconditionals="8" methods="10" coveredmethods="9"/>
        <file name="sortingOrderAscending.actions.ts" path="/home/travis/build/MaibornWolff/codecharta/visualization/app/codeCharta/state/store/appSettings/sortingOrderAscending/sortingOrderAscending.actions.ts">
          <metrics statements="4" coveredstatements="4" conditionals="3" coveredconditionals="3" methods="2" coveredmethods="2"/>
          <line num="3" count="122" type="cond" truecount="2" falsecount="0"/>
          <line num="4" count="122" type="stmt"/>
          <line num="15" count="1250" type="stmt"/>
          <line num="21" count="122" type="stmt"/>
        </file>
        <file name="sortingOrderAscending.reducer.ts" path="/home/travis/build/MaibornWolff/codecharta/visualization/app/codeCharta/state/store/appSettings/sortingOrderAscending/sortingOrderAscending.reducer.ts">
          <metrics statements="3" coveredstatements="3" conditionals="3" coveredconditionals="3" methods="1" coveredmethods="1"/>
          <line num="4" count="4237" type="stmt"/>
          <line num="6" count="47" type="stmt"/>
          <line num="8" count="4190" type="stmt"/>
        </file>
        <file name="sortingOrderAscending.service.ts" path="/home/travis/build/MaibornWolff/codecharta/visualization/app/codeCharta/state/store/appSettings/sortingOrderAscending/sortingOrderAscending.service.ts">
          <metrics statements="9" coveredstatements="8" conditionals="2" coveredconditionals="2" methods="6" coveredmethods="5"/>
          <line num="12" count="94" type="stmt"/>
          <line num="14" count="12" type="stmt"/>
          <line num="15" count="12" type="stmt"/>
[...]
        </file>
        <file name="metricHelper.ts" path="/home/travis/build/MaibornWolff/codecharta/visualization/app/codeCharta/util/metricHelper.ts">
          <metrics statements="4" coveredstatements="4" conditionals="2" coveredconditionals="2" methods="6" coveredmethods="6"/>
          <line num="4" count="126" type="stmt"/>
          <line num="8" count="135" type="cond" truecount="2" falsecount="0"/>
          <line num="12" count="74" type="stmt"/>
          <line num="13" count="62" type="stmt"/>
        </file>
        <file name="nodeDecorator.ts" path="/home/travis/build/MaibornWolff/codecharta/visualization/app/codeCharta/util/nodeDecorator.ts">
          <metrics statements="90" coveredstatements="90" conditionals="56" coveredconditionals="49" methods="36" coveredmethods="36"/>
          <line num="21" count="31" type="stmt"/>
          <line num="22" count="31" type="stmt"/>
          <line num="23" count="31" type="stmt"/>
          <line num="24" count="31" type="stmt"/>
          <line num="28" count="81" type="stmt"/>
          <line num="32" count="31" type="stmt"/>
          <line num="33" count="31" type="stmt"/>
          <line num="35" count="31" type="stmt"/>
          <line num="36" count="1" type="stmt"/>
          <line num="37" count="1" type="cond" truecount="1" falsecount="1"/>
          <line num="40" count="31" type="stmt"/>
          <line num="43" count="157" type="stmt"/>
          <line num="44" count="157" type="stmt"/>
          <line num="45" count="157" type="stmt"/>
          <line num="50" count="31" type="stmt"/>
          <line num="51" count="162" type="stmt"/>
          <line num="60" count="31" type="stmt"/>
          <line num="61" count="162" type="cond" truecount="2" falsecount="0"/>
          <line num="62" count="6" type="stmt"/>
          <line num="63" count="6" type="stmt"/>
          <line num="64" count="6" type="stmt"/>
          <line num="65" count="6" type="stmt"/>
          <line num="66" count="6" type="cond" truecount="2" falsecount="0"/>
          <line num="67" count="1" type="stmt"/>
          <line num="69" count="6" type="stmt"/>
          <line num="70" count="6" type="stmt"/>
          <line num="71" count="6" type="stmt"/>
          <line num="72" count="6" type="stmt"/>
          <line num="73" count="156" type="cond" truecount="5" falsecount="0"/>
          <line num="74" count="57" type="stmt"/>
          <line num="75" count="125" type="stmt"/>
          <line num="80" count="31" type="cond" truecount="1" falsecount="1"/>
          <line num="81" count="31" type="stmt"/>
          <line num="86" count="81" type="cond" truecount="3" falsecount="1"/>
          <line num="87" count="81" type="stmt"/>
          <line num="88" count="81" type="stmt"/>
          <line num="89" count="443" type="stmt"/>
          <line num="93" count="994" type="stmt"/>
          <line num="97" count="81" type="stmt"/>
          <line num="101" count="31" type="cond" truecount="1" falsecount="1"/>
          <line num="102" count="31" type="stmt"/>
          <line num="103" count="31" type="stmt"/>
          <line num="104" count="163" type="cond" truecount="2" falsecount="0"/>
          <line num="105" count="163" type="cond" truecount="2" falsecount="0"/>
          <line num="106" count="163" type="stmt"/>
          <line num="112" count="31" type="cond" truecount="3" falsecount="1"/>
          <line num="113" count="31" type="stmt"/>
          <line num="114" count="31" type="stmt"/>
          <line num="115" count="99" type="stmt"/>
          <line num="116" count="267" type="cond" truecount="2" falsecount="0"/>
          <line num="117" count="69" type="stmt"/>
          <line num="132" count="13" type="cond" truecount="1" falsecount="1"/>
          <line num="133" count="13" type="stmt"/>
          <line num="134" count="13" type="stmt"/>
          <line num="135" count="108" type="stmt"/>
          <line num="136" count="67" type="stmt"/>
          <line num="137" count="67" type="stmt"/>
          <line num="140" count="13" type="stmt"/>
          <line num="150" count="67" type="stmt"/>
          <line num="151" count="201" type="cond" truecount="4" falsecount="0"/>
          <line num="152" count="78" type="stmt"/>
          <line num="153" count="191" type="stmt"/>
          <line num="157" count="78" type="cond" truecount="2" falsecount="0"/>
          <line num="158" count="36" type="stmt"/>
          <line num="170" count="67" type="stmt"/>
          <line num="171" count="20" type="cond" truecount="4" falsecount="0"/>
          <line num="172" count="8" type="stmt"/>
          <line num="178" count="227" type="stmt"/>
          <line num="179" count="90" type="stmt"/>
          <line num="181" count="90" type="cond" truecount="2" falsecount="0"/>
          <line num="182" count="8" type="stmt"/>
          <line num="185" count="82" type="stmt"/>
          <line num="187" count="26" type="stmt"/>
          <line num="190" count="90" type="stmt"/>
          <line num="199" count="20" type="stmt"/>
          <line num="200" count="8" type="stmt"/>
          <line num="202" count="8" type="stmt"/>
          <line num="203" count="8" type="stmt"/>
          <line num="204" count="6" type="stmt"/>
          <line num="205" count="6" type="stmt"/>
          <line num="208" count="8" type="cond" truecount="2" falsecount="0"/>
          <line num="209" count="4" type="stmt"/>
          <line num="212" count="4" type="stmt"/>
          <line num="214" count="2" type="stmt"/>
          <line num="217" count="2" type="stmt"/>
          <line num="218" count="1" type="stmt"/>
          <line num="219" count="1" type="stmt"/>
          <line num="225" count="30" type="stmt"/>
          <line num="226" count="48" type="stmt"/>
          <line num="227" count="30" type="stmt"/>
        </file>
        <file name="nodePathHelper.ts" path="/home/travis/build/MaibornWolff/codecharta/visualization/app/codeCharta/util/nodePathHelper.ts">
          <metrics statements="7" coveredstatements="3" conditionals="2" coveredconditionals="0" methods="3" coveredmethods="1"/>
          <line num="4" count="0" type="cond" truecount="0" falsecount="2"/>
          <line num="5" count="0" type="stmt"/>
          <line num="7" count="0" type="stmt"/>
          <line num="11" count="32" type="stmt"/>
          <line num="12" count="32" type="stmt"/>
          <line num="13" count="32" type="stmt"/>
          <line num="17" count="0" type="stmt"/>
        </file>
        <file name="reduxHelper.ts" path="/home/travis/build/MaibornWolff/codecharta/visualization/app/codeCharta/util/reduxHelper.ts">
          <metrics statements="11" coveredstatements="11" conditionals="2" coveredconditionals="2" methods="7" coveredmethods="7"/>
          <line num="3" count="122" type="stmt"/>
          <line num="6" count="10" type="stmt"/>
          <line num="7" count="12" type="stmt"/>
          <line num="12" count="31" type="cond" truecount="2" falsecount="0"/>
          <line num="13" count="19" type="stmt"/>
          <line num="14" count="19" type="stmt"/>
          <line num="15" count="19" type="stmt"/>
          <line num="17" count="12" type="stmt"/>
          <line num="21" count="45671" type="stmt"/>
          <line num="25" count="31" type="stmt"/>
          <line num="29" count="35" type="stmt"/>
        </file>
        <file name="scenarioHelper.ts" path="/home/travis/build/MaibornWolff/codecharta/visualization/app/codeCharta/util/scenarioHelper.ts">
          <metrics statements="9" coveredstatements="9" conditionals="3" coveredconditionals="3" methods="10" coveredmethods="10"/>
          <line num="12" count="95" type="stmt"/>
          <line num="15" count="8" type="stmt"/>
          <line num="19" count="6" type="stmt"/>
          <line num="20" count="2" type="stmt"/>
          <line num="28" count="1" type="stmt"/>
          <line num="32" count="1" type="stmt"/>
          <line num="36" count="97" type="stmt"/>
          <line num="37" count="388" type="stmt"/>
          <line num="39" count="97" type="stmt"/>
        </file>
        <file name="settingsHelper.ts" path="/home/travis/build/MaibornWolff/codecharta/visualization/app/codeCharta/util/settingsHelper.ts">
          <metrics statements="9" coveredstatements="9" conditionals="13" coveredconditionals="12" methods="1" coveredmethods="1"/>
          <line num="6" count="1180" type="stmt"/>
          <line num="8" count="1180" type="stmt"/>
          <line num="9" count="2751" type="cond" truecount="2" falsecount="0"/>
          <line num="10" count="787" type="stmt"/>
          <line num="11" count="787" type="stmt"/>
          <line num="12" count="787" type="stmt"/>
          <line num="14" count="787" type="cond" truecount="5" falsecount="0"/>
          <line num="15" count="6" type="stmt"/>
          <line num="21" count="787" type="stmt"/>
        </file>
        <file name="treeMapGenerator.ts" path="/home/travis/build/MaibornWolff/codecharta/visualization/app/codeCharta/util/treeMapGenerator.ts">
          <metrics statements="28" coveredstatements="27" conditionals="17" coveredconditionals="16" methods="11" coveredmethods="11"/>
          <line num="9" count="95" type="stmt"/>
          <line num="12" count="9" type="stmt"/>
          <line num="13" count="11" type="stmt"/>
          <line num="14" count="9" type="stmt"/>
          <line num="15" count="9" type="stmt"/>
          <line num="16" count="9" type="stmt"/>
          <line num="17" count="36" type="stmt"/>
          <line num="22" count="9" type="stmt"/>
          <line num="23" count="36" type="stmt"/>
          <line num="24" count="9" type="stmt"/>
          <line num="25" count="9" type="stmt"/>
          <line num="26" count="9" type="stmt"/>
          <line num="27" count="9" type="stmt"/>
          <line num="28" count="9" type="stmt"/>
          <line num="33" count="36" type="stmt"/>
          <line num="37" count="36" type="stmt"/>
          <line num="38" count="36" type="cond" truecount="2" falsecount="0"/>
          <line num="39" count="27" type="stmt"/>
          <line num="41" count="36" type="stmt"/>
          <line num="45" count="37" type="cond" truecount="4" falsecount="0"/>
          <line num="49" count="37" type="cond" truecount="1" falsecount="1"/>
          <line num="50" count="0" type="stmt"/>
          <line num="53" count="37" type="cond" truecount="2" falsecount="0"/>
          <line num="54" count="1" type="stmt"/>
          <line num="57" count="36" type="cond" truecount="5" falsecount="0"/>
          <line num="58" count="8" type="stmt"/>
          <line num="60" count="28" type="stmt"/>
          <line num="64" count="36" type="cond" truecount="2" falsecount="0"/>
        </file>
        <file name="treeMapHelper.ts" path="/home/travis/build/MaibornWolff/codecharta/visualization/app/codeCharta/util/treeMapHelper.ts">
          <metrics statements="65" coveredstatements="63" conditionals="64" coveredconditionals="61" methods="14" coveredmethods="14"/>
          <line num="8" count="96" type="stmt"/>
          <line num="9" count="96" type="stmt"/>
          <line num="10" count="96" type="stmt"/>
          <line num="13" count="9" type="stmt"/>
          <line num="14" count="9" type="cond" truecount="4" falsecount="0"/>
          <line num="15" count="4" type="stmt"/>
          <line num="16" count="5" type="stmt"/>
          <line num="19" count="9" type="stmt"/>
          <line num="23" count="1" type="stmt"/>
          <line num="24" count="1" type="stmt"/>
          <line num="25" count="1" type="stmt"/>
          <line num="28" count="1" type="stmt"/>
          <line num="32" count="46" type="cond" truecount="2" falsecount="0"/>
          <line num="34" count="46" type="cond" truecount="1" falsecount="1"/>
          <line num="35" count="0" type="stmt"/>
          <line num="36" count="46" type="cond" truecount="2" falsecount="0"/>
          <line num="37" count="37" type="stmt"/>
          <line num="39" count="9" type="stmt"/>
          <line num="50" count="46" type="cond" truecount="2" falsecount="0"/>
          <line num="51" count="46" type="stmt"/>
          <line num="52" count="46" type="stmt"/>
          <line num="53" count="46" type="stmt"/>
          <line num="54" count="46" type="stmt"/>
          <line num="55" count="46" type="stmt"/>
          <line num="58" count="46" type="stmt"/>
          <line num="59" count="46" type="stmt"/>
          <line num="60" count="46" type="stmt"/>
          <line num="61" count="46" type="stmt"/>
          <line num="63" count="46" type="stmt"/>
          <line num="92" count="46" type="stmt"/>
          <line num="93" count="46" type="cond" truecount="2" falsecount="0"/>
          <line num="94" count="1" type="stmt"/>
          <line num="96" count="46" type="cond" truecount="6" falsecount="0"/>
          <line num="97" count="1" type="stmt"/>
          <line num="99" count="46" type="stmt"/>
          <line num="103" count="46" type="cond" truecount="2" falsecount="0"/>
          <line num="104" count="18" type="stmt"/>
          <line num="106" count="28" type="stmt"/>
          <line num="111" count="46" type="cond" truecount="2" falsecount="0"/>
          <line num="112" count="18" type="stmt"/>
          <line num="114" count="28" type="stmt"/>
          <line num="119" count="54" type="stmt"/>
          <line num="120" count="54" type="cond" truecount="2" falsecount="0"/>
          <line num="123" count="7" type="stmt"/>
          <line num="125" count="1" type="stmt"/>
          <line num="128" count="54" type="cond" truecount="5" falsecount="0"/>
          <line num="129" count="2" type="cond" truecount="1" falsecount="1"/>
          <line num="132" count="54" type="cond" truecount="2" falsecount="0"/>
          <line num="133" count="54" type="stmt"/>
          <line num="137" count="1" type="stmt"/>
          <line num="139" count="1" type="cond" truecount="2" falsecount="0"/>
          <line num="145" count="2" type="stmt"/>
          <line num="149" count="55" type="cond" truecount="2" falsecount="0"/>
          <line num="150" count="55" type="cond" truecount="1" falsecount="1"/>
          <line num="151" count="0" type="stmt"/>
          <line num="153" count="55" type="stmt"/>
          <line num="155" count="55" type="cond" truecount="2" falsecount="0"/>
          <line num="156" count="31" type="stmt"/>
          <line num="157" count="24" type="cond" truecount="2" falsecount="0"/>
          <line num="158" count="1" type="stmt"/>
          <line num="159" count="23" type="cond" truecount="2" falsecount="0"/>
          <line num="160" count="14" type="cond" truecount="2" falsecount="0"/>
          <line num="161" count="9" type="cond" truecount="2" falsecount="0"/>
          <line num="162" count="8" type="cond" truecount="2" falsecount="0"/>
          <line num="164" count="1" type="stmt"/>
        </file>
        <file name="urlExtractor.ts" path="/home/travis/build/MaibornWolff/codecharta/visualization/app/codeCharta/util/urlExtractor.ts">
          <metrics statements="28" coveredstatements="27" conditionals="14" coveredconditionals="13" methods="8" coveredmethods="8"/>
          <line num="6" count="95" type="stmt"/>
          <line num="8" count="20" type="stmt"/>
          <line num="11" count="4" type="stmt"/>
          <line num="12" count="4" type="stmt"/>
          <line num="13" count="4" type="stmt"/>
          <line num="15" count="4" type="cond" truecount="2" falsecount="0"/>
          <line num="16" count="2" type="stmt"/>
          <line num="18" count="2" type="cond" truecount="1" falsecount="1"/>
          <line num="19" count="0" type="stmt"/>
          <line num="21" count="2" type="stmt"/>
          <line num="25" count="14" type="stmt"/>
          <line num="27" count="14" type="cond" truecount="2" falsecount="0"/>
          <line num="28" count="11" type="stmt"/>
          <line num="31" count="14" type="cond" truecount="2" falsecount="0"/>
          <line num="32" count="1" type="stmt"/>
          <line num="35" count="14" type="stmt"/>
          <line num="37" count="14" type="stmt"/>
          <line num="38" count="5" type="stmt"/>
          <line num="40" count="5" type="stmt"/>
          <line num="45" count="14" type="stmt"/>
          <line num="49" count="4" type="stmt"/>
          <line num="50" count="4" type="cond" truecount="4" falsecount="0"/>
          <line num="51" count="2" type="stmt"/>
          <line num="52" count="2" type="cond" truecount="2" falsecount="0"/>
          <line num="53" count="1" type="stmt"/>
          <line num="54" count="1" type="stmt"/>
          <line num="56" count="1" type="stmt"/>
          <line num="60" count="2" type="stmt"/>
        </file>
      </package>
      <package name="app.codeCharta.util.color">
        <metrics statements="47" coveredstatements="47" conditionals="3" coveredconditionals="3" methods="20" coveredmethods="20"/>
        <file name="colorConverter.ts" path="/home/travis/build/MaibornWolff/codecharta/visualization/app/codeCharta/util/color/colorConverter.ts">
          <metrics statements="41" coveredstatements="41" conditionals="3" coveredconditionals="3" methods="14" coveredmethods="14"/>
          <line num="7" count="374" type="stmt"/>
          <line num="11" count="2" type="stmt"/>
          <line num="12" count="2" type="stmt"/>
          <line num="13" count="2" type="stmt"/>
          <line num="17" count="8" type="stmt"/>
          <line num="18" count="8" type="stmt"/>
          <line num="22" count="14" type="stmt"/>
          <line num="23" count="14" type="stmt"/>
          <line num="27" count="35" type="stmt"/>
          <line num="38" count="6" type="stmt"/>
          <line num="39" count="6" type="stmt"/>
          <line num="43" count="371" type="stmt"/>
          <line num="44" count="371" type="stmt"/>
          <line num="48" count="1" type="stmt"/>
          <line num="49" count="1" type="stmt"/>
          <line num="50" count="1" type="stmt"/>
          <line num="52" count="1" type="stmt"/>
          <line num="56" count="7" type="stmt"/>
          <line num="57" count="7" type="stmt"/>
          <line num="58" count="7" type="stmt"/>
          <line num="59" count="7" type="stmt"/>
          <line num="61" count="7" type="stmt"/>
          <line num="62" count="35" type="stmt"/>
          <line num="63" count="35" type="stmt"/>
          <line num="64" count="35" type="stmt"/>
          <line num="66" count="7" type="stmt"/>
          <line num="70" count="35" type="stmt"/>
          <line num="71" count="35" type="stmt"/>
          <line num="72" count="35" type="stmt"/>
          <line num="76" count="57" type="stmt"/>
          <line num="77" count="57" type="cond" truecount="2" falsecount="0"/>
          <line num="78" count="2" type="stmt"/>
          <line num="80" count="57" type="stmt"/>
          <line num="84" count="35" type="stmt"/>
          <line num="88" count="70" type="stmt"/>
          <line num="89" count="70" type="stmt"/>
          <line num="90" count="70" type="stmt"/>
          <line num="91" count="70" type="stmt"/>
          <line num="92" count="70" type="stmt"/>
          <line num="93" count="70" type="stmt"/>
          <line num="97" count="35" type="stmt"/>
        </file>
        <file name="hsl.ts" path="/home/travis/build/MaibornWolff/codecharta/visualization/app/codeCharta/util/color/hsl.ts">
          <metrics statements="6" coveredstatements="6" conditionals="0" coveredconditionals="0" methods="6" coveredmethods="6"/>
          <line num="4" count="12" type="stmt"/>
          <line num="7" count="7" type="stmt"/>
          <line num="11" count="7" type="stmt"/>
          <line num="15" count="8" type="stmt"/>
          <line num="19" count="6" type="stmt"/>
          <line num="23" count="2" type="stmt"/>
        </file>
      </package>
    </metrics>
  </project>
</coverage>
