{"/home/travis/build/MaibornWolff/codecharta/visualization/app/app.ts": {"path":"/home/travis/build/MaibornWolff/codecharta/visualization/app/app.ts","statementMap":{"0":{"start":{"line":2,"column":0},"end":{"line":null,"column":-1}},"1":{"start":{"line":3,"column":0},"end":{"line":null,"column":-1}},"2":{"start":{"line":4,"column":0},"end":{"line":null,"column":-1}},"3":{"start":{"line":5,"column":0},"end":{"line":null,"column":-1}},"4":{"start":{"line":6,"column":0},"end":{"line":null,"column":-1}},"5":{"start":{"line":7,"column":0},"end":{"line":null,"column":-1}},"6":{"start":{"line":10,"column":0},"end":{"line":null,"column":-1}},"7":{"start":{"line":12,"column":0},"end":{"line":null,"column":-1}},"8":{"start":{"line":17,"column":3},"end":{"line":null,"column":-1}},"9":{"start":{"line":18,"column":3},"end":{"line":null,"column":-1}},"10":{"start":{"line":25,"column":2},"end":{"line":null,"column":-1}},"11":{"start":{"line":32,"column":2},"end":{"line":null,"column":-1}},"12":{"start":{"line":37,"column":3},"end":{"line":null,"column":-1}},"13":{"start":{"line":38,"column":3},"end":{"line":null,"column":-1}}},"fnMap":{"0":{"name":"(anonymous_1)","decl":{"start":{"line":16,"column":2},"end":{"line":16,"column":21}},"loc":{"start":{"line":16,"column":22},"end":{"line":14,"column":9}}},"1":{"name":"(anonymous_2)","decl":{"start":{"line":24,"column":9},"end":{"line":24,"column":29}},"loc":{"start":{"line":24,"column":30},"end":{"line":12,"column":0}}},"2":{"name":"(anonymous_3)","decl":{"start":{"line":31,"column":9},"end":{"line":31,"column":26}},"loc":{"start":{"line":31,"column":27},"end":{"line":12,"column":0}}},"3":{"name":"(anonymous_4)","decl":{"start":{"line":36,"column":2},"end":{"line":36,"column":20}},"loc":{"start":{"line":36,"column":21},"end":{"line":34,"column":9}}}},"branchMap":{},"s":{"0":0,"1":0,"2":0,"3":0,"4":0,"5":0,"6":0,"7":0,"8":0,"9":0,"10":0,"11":0,"12":0,"13":0},"f":{"0":0,"1":0,"2":0,"3":0},"b":{}}
,"/home/travis/build/MaibornWolff/codecharta/visualization/app/codeCharta/codeCharta.component.ts": {"path":"/home/travis/build/MaibornWolff/codecharta/visualization/app/codeCharta/codeCharta.component.ts","statementMap":{"0":{"start":{"line":27,"column":10},"end":{"line":27,"column":37}},"1":{"start":{"line":28,"column":10},"end":{"line":28,"column":29}},"2":{"start":{"line":29,"column":10},"end":{"line":29,"column":36}},"3":{"start":{"line":30,"column":10},"end":{"line":30,"column":38}},"4":{"start":{"line":31,"column":10},"end":{"line":31,"column":46}},"5":{"start":{"line":33,"column":10},"end":{"line":33,"column":42}},"6":{"start":{"line":17,"column":9},"end":{"line":21,"column":2}},"7":{"start":{"line":35,"column":2},"end":{"line":35,"column":46}},"8":{"start":{"line":36,"column":2},"end":{"line":36,"column":62}},"9":{"start":{"line":37,"column":2},"end":{"line":37,"column":52}},"10":{"start":{"line":38,"column":2},"end":{"line":38,"column":25}},"11":{"start":{"line":42,"column":2},"end":{"line":54,"column":5}},"12":{"start":{"line":45,"column":4},"end":{"line":50,"column":5}},"13":{"start":{"line":46,"column":5},"end":{"line":46,"column":31}},"14":{"start":{"line":47,"column":5},"end":{"line":47,"column":33}},"15":{"start":{"line":49,"column":5},"end":{"line":49,"column":33}},"16":{"start":{"line":53,"column":4},"end":{"line":53,"column":32}},"17":{"start":{"line":58,"column":2},"end":{"line":62,"column":3}},"18":{"start":{"line":59,"column":3},"end":{"line":61,"column":4}},"19":{"start":{"line":63,"column":2},"end":{"line":66,"column":4}},"20":{"start":{"line":70,"column":2},"end":{"line":70,"column":46}},"21":{"start":{"line":72,"column":2},"end":{"line":81,"column":5}},"22":{"start":{"line":75,"column":4},"end":{"line":75,"column":86}},"23":{"start":{"line":78,"column":4},"end":{"line":78,"column":55}},"24":{"start":{"line":79,"column":4},"end":{"line":79,"column":20}},"25":{"start":{"line":80,"column":4},"end":{"line":80,"column":23}},"26":{"start":{"line":85,"column":30},"end":{"line":85,"column":70}},"27":{"start":{"line":86,"column":16},"end":{"line":86,"column":63}},"28":{"start":{"line":88,"column":2},"end":{"line":94,"column":3}},"29":{"start":{"line":89,"column":3},"end":{"line":89,"column":59}},"30":{"start":{"line":90,"column":9},"end":{"line":94,"column":3}},"31":{"start":{"line":91,"column":3},"end":{"line":91,"column":49}},"32":{"start":{"line":93,"column":3},"end":{"line":93,"column":50}},"33":{"start":{"line":98,"column":2},"end":{"line":98,"column":72}},"34":{"start":{"line":102,"column":35},"end":{"line":106,"column":1}}},"fnMap":{"0":{"name":"(anonymous_0)","decl":{"start":{"line":26,"column":1},"end":{"line":27,"column":9}},"loc":{"start":{"line":33,"column":42},"end":{"line":39,"column":2}}},"1":{"name":"(anonymous_1)","decl":{"start":{"line":41,"column":8},"end":{"line":41,"column":23}},"loc":{"start":{"line":41,"column":24},"end":{"line":55,"column":2}}},"2":{"name":"(anonymous_2)","decl":{"start":{"line":44,"column":9},"end":{"line":44,"column":10}},"loc":{"start":{"line":44,"column":34},"end":{"line":51,"column":4}}},"3":{"name":"(anonymous_3)","decl":{"start":{"line":52,"column":10},"end":{"line":52,"column":12}},"loc":{"start":{"line":52,"column":15},"end":{"line":54,"column":4}}},"4":{"name":"(anonymous_4)","decl":{"start":{"line":57,"column":8},"end":{"line":57,"column":28}},"loc":{"start":{"line":57,"column":29},"end":{"line":67,"column":2}}},"5":{"name":"(anonymous_5)","decl":{"start":{"line":69,"column":9},"end":{"line":69,"column":23}},"loc":{"start":{"line":69,"column":47},"end":{"line":82,"column":2}}},"6":{"name":"(anonymous_6)","decl":{"start":{"line":74,"column":9},"end":{"line":74,"column":11}},"loc":{"start":{"line":74,"column":14},"end":{"line":76,"column":4}}},"7":{"name":"(anonymous_7)","decl":{"start":{"line":77,"column":10},"end":{"line":77,"column":11}},"loc":{"start":{"line":77,"column":14},"end":{"line":81,"column":4}}},"8":{"name":"(anonymous_8)","decl":{"start":{"line":84,"column":9},"end":{"line":84,"column":29}},"loc":{"start":{"line":84,"column":30},"end":{"line":95,"column":2}}},"9":{"name":"(anonymous_9)","decl":{"start":{"line":97,"column":9},"end":{"line":97,"column":19}},"loc":{"start":{"line":97,"column":35},"end":{"line":99,"column":2}}}},"branchMap":{"0":{"loc":{"start":{"line":45,"column":4},"end":{"line":50,"column":5}},"type":"if","locations":[{"start":{"line":45,"column":4},"end":{"line":50,"column":5}},{"start":{"line":45,"column":4},"end":{"line":50,"column":5}}]},"1":{"loc":{"start":{"line":58,"column":2},"end":{"line":62,"column":3}},"type":"if","locations":[{"start":{"line":58,"column":2},"end":{"line":62,"column":3}},{"start":{"line":58,"column":2},"end":{"line":62,"column":3}}]},"2":{"loc":{"start":{"line":88,"column":2},"end":{"line":94,"column":3}},"type":"if","locations":[{"start":{"line":88,"column":2},"end":{"line":94,"column":3}},{"start":{"line":88,"column":2},"end":{"line":94,"column":3}}]},"3":{"loc":{"start":{"line":88,"column":6},"end":{"line":88,"column":29}},"type":"binary-expr","locations":[{"start":{"line":88,"column":6},"end":{"line":88,"column":29}},{"start":{"line":88,"column":33},"end":{"line":88,"column":50}}]},"4":{"loc":{"start":{"line":90,"column":9},"end":{"line":94,"column":3}},"type":"if","locations":[{"start":{"line":90,"column":9},"end":{"line":94,"column":3}},{"start":{"line":90,"column":9},"end":{"line":94,"column":3}}]}},"s":{"0":10,"1":10,"2":10,"3":10,"4":10,"5":10,"6":10,"7":10,"8":10,"9":10,"10":10,"11":13,"12":13,"13":2,"14":2,"15":11,"16":1,"17":13,"18":11,"19":13,"20":15,"21":15,"22":15,"23":0,"24":0,"25":0,"26":2,"27":2,"28":2,"29":0,"30":2,"31":0,"32":2,"33":0,"34":94},"f":{"0":10,"1":13,"2":13,"3":1,"4":13,"5":15,"6":15,"7":0,"8":2,"9":0},"b":{"0":[2,11],"1":[11,2],"2":[0,2],"3":[2,0],"4":[0,2]}}
,"/home/travis/build/MaibornWolff/codecharta/visualization/app/codeCharta/codeCharta.model.ts": {"path":"/home/travis/build/MaibornWolff/codecharta/visualization/app/codeCharta/codeCharta.model.ts","statementMap":{"0":{"start":{"line":15,"column":0},"end":{"line":21,"column":1}},"1":{"start":{"line":16,"column":1},"end":{"line":16,"column":18}},"2":{"start":{"line":17,"column":1},"end":{"line":17,"column":24}},"3":{"start":{"line":18,"column":1},"end":{"line":18,"column":26}},"4":{"start":{"line":19,"column":1},"end":{"line":19,"column":20}},"5":{"start":{"line":20,"column":1},"end":{"line":20,"column":14}},"6":{"start":{"line":23,"column":0},"end":{"line":28,"column":1}},"7":{"start":{"line":24,"column":1},"end":{"line":24,"column":22}},"8":{"start":{"line":25,"column":1},"end":{"line":25,"column":20}},"9":{"start":{"line":26,"column":1},"end":{"line":26,"column":20}},"10":{"start":{"line":27,"column":1},"end":{"line":27,"column":24}},"11":{"start":{"line":65,"column":0},"end":{"line":68,"column":1}},"12":{"start":{"line":66,"column":1},"end":{"line":66,"column":14}},"13":{"start":{"line":67,"column":1},"end":{"line":67,"column":18}},"14":{"start":{"line":70,"column":0},"end":{"line":73,"column":1}},"15":{"start":{"line":71,"column":1},"end":{"line":71,"column":14}},"16":{"start":{"line":72,"column":1},"end":{"line":72,"column":36}},"17":{"start":{"line":164,"column":0},"end":{"line":167,"column":1}},"18":{"start":{"line":165,"column":1},"end":{"line":165,"column":22}},"19":{"start":{"line":166,"column":1},"end":{"line":166,"column":22}},"20":{"start":{"line":176,"column":0},"end":{"line":181,"column":1}},"21":{"start":{"line":177,"column":1},"end":{"line":177,"column":14}},"22":{"start":{"line":178,"column":1},"end":{"line":178,"column":14}},"23":{"start":{"line":179,"column":1},"end":{"line":179,"column":10}},"24":{"start":{"line":180,"column":1},"end":{"line":180,"column":14}},"25":{"start":{"line":193,"column":0},"end":{"line":196,"column":1}},"26":{"start":{"line":194,"column":1},"end":{"line":194,"column":20}},"27":{"start":{"line":195,"column":1},"end":{"line":195,"column":20}}},"fnMap":{"0":{"name":"(anonymous_0)","decl":{"start":{"line":15,"column":0},"end":{"line":15,"column":11}},"loc":{"start":{"line":15,"column":30},"end":{"line":21,"column":1}}},"1":{"name":"(anonymous_1)","decl":{"start":{"line":23,"column":0},"end":{"line":23,"column":11}},"loc":{"start":{"line":23,"column":27},"end":{"line":28,"column":1}}},"2":{"name":"(anonymous_2)","decl":{"start":{"line":65,"column":0},"end":{"line":65,"column":11}},"loc":{"start":{"line":65,"column":20},"end":{"line":68,"column":1}}},"3":{"name":"(anonymous_3)","decl":{"start":{"line":70,"column":0},"end":{"line":70,"column":11}},"loc":{"start":{"line":70,"column":25},"end":{"line":73,"column":1}}},"4":{"name":"(anonymous_4)","decl":{"start":{"line":164,"column":0},"end":{"line":164,"column":11}},"loc":{"start":{"line":164,"column":30},"end":{"line":167,"column":1}}},"5":{"name":"(anonymous_5)","decl":{"start":{"line":176,"column":0},"end":{"line":176,"column":11}},"loc":{"start":{"line":176,"column":26},"end":{"line":181,"column":1}}},"6":{"name":"(anonymous_6)","decl":{"start":{"line":193,"column":0},"end":{"line":193,"column":11}},"loc":{"start":{"line":193,"column":25},"end":{"line":196,"column":1}}}},"branchMap":{"0":{"loc":{"start":{"line":15,"column":12},"end":{"line":15,"column":30}},"type":"binary-expr","locations":[{"start":{"line":15,"column":12},"end":{"line":15,"column":30}},{"start":{"line":15,"column":12},"end":{"line":15,"column":30}}]},"1":{"loc":{"start":{"line":23,"column":12},"end":{"line":23,"column":27}},"type":"binary-expr","locations":[{"start":{"line":23,"column":12},"end":{"line":23,"column":27}},{"start":{"line":23,"column":12},"end":{"line":23,"column":27}}]},"2":{"loc":{"start":{"line":65,"column":12},"end":{"line":65,"column":20}},"type":"binary-expr","locations":[{"start":{"line":65,"column":12},"end":{"line":65,"column":20}},{"start":{"line":65,"column":12},"end":{"line":65,"column":20}}]},"3":{"loc":{"start":{"line":70,"column":12},"end":{"line":70,"column":25}},"type":"binary-expr","locations":[{"start":{"line":70,"column":12},"end":{"line":70,"column":25}},{"start":{"line":70,"column":12},"end":{"line":70,"column":25}}]},"4":{"loc":{"start":{"line":164,"column":12},"end":{"line":164,"column":30}},"type":"binary-expr","locations":[{"start":{"line":164,"column":12},"end":{"line":164,"column":30}},{"start":{"line":164,"column":12},"end":{"line":164,"column":30}}]},"5":{"loc":{"start":{"line":176,"column":12},"end":{"line":176,"column":26}},"type":"binary-expr","locations":[{"start":{"line":176,"column":12},"end":{"line":176,"column":26}},{"start":{"line":176,"column":12},"end":{"line":176,"column":26}}]},"6":{"loc":{"start":{"line":193,"column":12},"end":{"line":193,"column":25}},"type":"binary-expr","locations":[{"start":{"line":193,"column":12},"end":{"line":193,"column":25}},{"start":{"line":193,"column":12},"end":{"line":193,"column":25}}]}},"s":{"0":125,"1":125,"2":125,"3":125,"4":125,"5":125,"6":125,"7":125,"8":125,"9":125,"10":125,"11":125,"12":125,"13":125,"14":125,"15":125,"16":125,"17":125,"18":125,"19":125,"20":125,"21":125,"22":125,"23":125,"24":125,"25":125,"26":125,"27":125},"f":{"0":125,"1":125,"2":125,"3":125,"4":125,"5":125,"6":125},"b":{"0":[125,125],"1":[125,125],"2":[125,125],"3":[125,125],"4":[125,125],"5":[125,125],"6":[125,125]}}
,"/home/travis/build/MaibornWolff/codecharta/visualization/app/codeCharta/codeCharta.module.ts": {"path":"/home/travis/build/MaibornWolff/codecharta/visualization/app/codeCharta/codeCharta.module.ts","statementMap":{"0":{"start":{"line":12,"column":0},"end":{"line":12,"column":79}},"1":{"start":{"line":14,"column":0},"end":{"line":17,"column":65}}},"fnMap":{},"branchMap":{},"s":{"0":94,"1":94},"f":{},"b":{}}
,"/home/travis/build/MaibornWolff/codecharta/visualization/app/codeCharta/codeCharta.service.ts": {"path":"/home/travis/build/MaibornWolff/codecharta/visualization/app/codeCharta/codeCharta.service.ts","statementMap":{"0":{"start":{"line":13,"column":21},"end":{"line":13,"column":47}},"1":{"start":{"line":16,"column":2},"end":{"line":32,"column":4}},"2":{"start":{"line":17,"column":3},"end":{"line":29,"column":5}},"3":{"start":{"line":18,"column":49},"end":{"line":18,"column":93}},"4":{"start":{"line":19,"column":4},"end":{"line":28,"column":5}},"5":{"start":{"line":20,"column":20},"end":{"line":20,"column":79}},"6":{"start":{"line":21,"column":5},"end":{"line":21,"column":42}},"7":{"start":{"line":22,"column":5},"end":{"line":22,"column":48}},"8":{"start":{"line":23,"column":5},"end":{"line":25,"column":6}},"9":{"start":{"line":24,"column":6},"end":{"line":24,"column":30}},"10":{"start":{"line":27,"column":5},"end":{"line":27,"column":29}},"11":{"start":{"line":30,"column":3},"end":{"line":30,"column":92}},"12":{"start":{"line":31,"column":3},"end":{"line":31,"column":12}},"13":{"start":{"line":36,"column":2},"end":{"line":51,"column":3}},"14":{"start":{"line":55,"column":31},"end":{"line":55,"column":33}},"15":{"start":{"line":57,"column":2},"end":{"line":74,"column":3}},"16":{"start":{"line":58,"column":3},"end":{"line":61,"column":4}},"17":{"start":{"line":63,"column":3},"end":{"line":67,"column":4}},"18":{"start":{"line":64,"column":4},"end":{"line":64,"column":32}},"19":{"start":{"line":66,"column":4},"end":{"line":66,"column":50}},"20":{"start":{"line":69,"column":3},"end":{"line":73,"column":4}},"21":{"start":{"line":70,"column":4},"end":{"line":70,"column":32}},"22":{"start":{"line":72,"column":4},"end":{"line":72,"column":50}},"23":{"start":{"line":75,"column":2},"end":{"line":75,"column":26}},"24":{"start":{"line":79,"column":2},"end":{"line":83,"column":4}},"25":{"start":{"line":80,"column":3},"end":{"line":82,"column":4}},"26":{"start":{"line":81,"column":4},"end":{"line":81,"column":34}},"27":{"start":{"line":84,"column":2},"end":{"line":84,"column":18}},"28":{"start":{"line":9,"column":15},"end":{"line":9,"column":33}},"29":{"start":{"line":10,"column":15},"end":{"line":10,"column":60}},"30":{"start":{"line":11,"column":24},"end":{"line":11,"column":54}}},"fnMap":{"0":{"name":"(anonymous_0)","decl":{"start":{"line":13,"column":1},"end":{"line":13,"column":20}},"loc":{"start":{"line":13,"column":47},"end":{"line":13,"column":51}}},"1":{"name":"(anonymous_1)","decl":{"start":{"line":15,"column":8},"end":{"line":15,"column":16}},"loc":{"start":{"line":15,"column":47},"end":{"line":33,"column":2}}},"2":{"name":"(anonymous_2)","decl":{"start":{"line":16,"column":21},"end":{"line":16,"column":22}},"loc":{"start":{"line":16,"column":41},"end":{"line":32,"column":3}}},"3":{"name":"(anonymous_3)","decl":{"start":{"line":17,"column":25},"end":{"line":17,"column":26}},"loc":{"start":{"line":17,"column":56},"end":{"line":29,"column":4}}},"4":{"name":"(anonymous_4)","decl":{"start":{"line":35,"column":9},"end":{"line":35,"column":17}},"loc":{"start":{"line":35,"column":53},"end":{"line":52,"column":2}}},"5":{"name":"(anonymous_5)","decl":{"start":{"line":54,"column":9},"end":{"line":54,"column":25}},"loc":{"start":{"line":54,"column":57},"end":{"line":76,"column":2}}},"6":{"name":"(anonymous_6)","decl":{"start":{"line":78,"column":9},"end":{"line":78,"column":39}},"loc":{"start":{"line":78,"column":50},"end":{"line":85,"column":2}}},"7":{"name":"(anonymous_7)","decl":{"start":{"line":79,"column":20},"end":{"line":79,"column":21}},"loc":{"start":{"line":79,"column":24},"end":{"line":83,"column":3}}}},"branchMap":{"0":{"loc":{"start":{"line":19,"column":4},"end":{"line":28,"column":5}},"type":"if","locations":[{"start":{"line":19,"column":4},"end":{"line":28,"column":5}},{"start":{"line":19,"column":4},"end":{"line":28,"column":5}}]},"1":{"loc":{"start":{"line":23,"column":5},"end":{"line":25,"column":6}},"type":"if","locations":[{"start":{"line":23,"column":5},"end":{"line":25,"column":6}},{"start":{"line":23,"column":5},"end":{"line":25,"column":6}}]},"2":{"loc":{"start":{"line":44,"column":12},"end":{"line":44,"column":29}},"type":"binary-expr","locations":[{"start":{"line":44,"column":12},"end":{"line":44,"column":29}},{"start":{"line":44,"column":33},"end":{"line":44,"column":35}}]},"3":{"loc":{"start":{"line":46,"column":53},"end":{"line":46,"column":74}},"type":"binary-expr","locations":[{"start":{"line":46,"column":53},"end":{"line":46,"column":74}},{"start":{"line":46,"column":78},"end":{"line":46,"column":80}}]},"4":{"loc":{"start":{"line":47,"column":21},"end":{"line":47,"column":47}},"type":"binary-expr","locations":[{"start":{"line":47,"column":21},"end":{"line":47,"column":47}},{"start":{"line":47,"column":51},"end":{"line":47,"column":53}}]},"5":{"loc":{"start":{"line":57,"column":2},"end":{"line":74,"column":3}},"type":"if","locations":[{"start":{"line":57,"column":2},"end":{"line":74,"column":3}},{"start":{"line":57,"column":2},"end":{"line":74,"column":3}}]},"6":{"loc":{"start":{"line":57,"column":6},"end":{"line":57,"column":31}},"type":"binary-expr","locations":[{"start":{"line":57,"column":6},"end":{"line":57,"column":31}},{"start":{"line":57,"column":35},"end":{"line":57,"column":50}}]},"7":{"loc":{"start":{"line":63,"column":3},"end":{"line":67,"column":4}},"type":"if","locations":[{"start":{"line":63,"column":3},"end":{"line":67,"column":4}},{"start":{"line":63,"column":3},"end":{"line":67,"column":4}}]},"8":{"loc":{"start":{"line":69,"column":3},"end":{"line":73,"column":4}},"type":"if","locations":[{"start":{"line":69,"column":3},"end":{"line":73,"column":4}},{"start":{"line":69,"column":3},"end":{"line":73,"column":4}}]},"9":{"loc":{"start":{"line":80,"column":3},"end":{"line":82,"column":4}},"type":"if","locations":[{"start":{"line":80,"column":3},"end":{"line":82,"column":4}},{"start":{"line":80,"column":3},"end":{"line":82,"column":4}}]}},"s":{"0":17,"1":6,"2":6,"3":6,"4":6,"5":3,"6":3,"7":3,"8":3,"9":0,"10":3,"11":6,"12":3,"13":3,"14":3,"15":3,"16":3,"17":0,"18":0,"19":0,"20":0,"21":0,"22":0,"23":0,"24":3,"25":1,"26":1,"27":3,"28":120,"29":120,"30":120},"f":{"0":17,"1":6,"2":6,"3":6,"4":3,"5":3,"6":3,"7":1},"b":{"0":[3,3],"1":[0,3],"2":[3,3],"3":[3,2],"4":[3,3],"5":[3,0],"6":[3,0],"7":[0,0],"8":[0,0],"9":[1,0]}}
,"/home/travis/build/MaibornWolff/codecharta/visualization/app/codeCharta/model/files.ts": {"path":"/home/travis/build/MaibornWolff/codecharta/visualization/app/codeCharta/model/files.ts","statementMap":{"0":{"start":{"line":2,"column":14},"end":{"line":2,"column":31}},"1":{"start":{"line":5,"column":21},"end":{"line":5,"column":44}},"2":{"start":{"line":8,"column":2},"end":{"line":8,"column":19}},"3":{"start":{"line":12,"column":2},"end":{"line":12,"column":17}},"4":{"start":{"line":16,"column":2},"end":{"line":18,"column":4}},"5":{"start":{"line":17,"column":3},"end":{"line":17,"column":55}},"6":{"start":{"line":22,"column":2},"end":{"line":22,"column":36}},"7":{"start":{"line":22,"column":29},"end":{"line":22,"column":35}},"8":{"start":{"line":26,"column":2},"end":{"line":26,"column":90}},"9":{"start":{"line":30,"column":2},"end":{"line":30,"column":38}},"10":{"start":{"line":34,"column":2},"end":{"line":40,"column":4}},"11":{"start":{"line":35,"column":3},"end":{"line":39,"column":4}},"12":{"start":{"line":36,"column":4},"end":{"line":36,"column":58}},"13":{"start":{"line":38,"column":4},"end":{"line":38,"column":56}},"14":{"start":{"line":44,"column":2},"end":{"line":44,"column":46}},"15":{"start":{"line":48,"column":2},"end":{"line":56,"column":4}},"16":{"start":{"line":49,"column":3},"end":{"line":55,"column":4}},"17":{"start":{"line":50,"column":4},"end":{"line":50,"column":61}},"18":{"start":{"line":51,"column":10},"end":{"line":55,"column":4}},"19":{"start":{"line":52,"column":4},"end":{"line":52,"column":62}},"20":{"start":{"line":54,"column":4},"end":{"line":54,"column":56}},"21":{"start":{"line":60,"column":2},"end":{"line":60,"column":81}},"22":{"start":{"line":64,"column":2},"end":{"line":70,"column":4}},"23":{"start":{"line":65,"column":3},"end":{"line":69,"column":4}},"24":{"start":{"line":66,"column":4},"end":{"line":66,"column":59}},"25":{"start":{"line":68,"column":4},"end":{"line":68,"column":56}},"26":{"start":{"line":74,"column":2},"end":{"line":74,"column":70}},"27":{"start":{"line":74,"column":49},"end":{"line":74,"column":68}},"28":{"start":{"line":78,"column":2},"end":{"line":78,"column":47}},"29":{"start":{"line":82,"column":39},"end":{"line":82,"column":97}},"30":{"start":{"line":82,"column":60},"end":{"line":82,"column":96}},"31":{"start":{"line":83,"column":2},"end":{"line":83,"column":63}},"32":{"start":{"line":87,"column":2},"end":{"line":87,"column":53}},"33":{"start":{"line":87,"column":46},"end":{"line":87,"column":52}},"34":{"start":{"line":91,"column":2},"end":{"line":91,"column":73}},"35":{"start":{"line":91,"column":32},"end":{"line":91,"column":72}},"36":{"start":{"line":95,"column":2},"end":{"line":95,"column":73}},"37":{"start":{"line":95,"column":30},"end":{"line":95,"column":72}},"38":{"start":{"line":99,"column":2},"end":{"line":99,"column":126}},"39":{"start":{"line":99,"column":30},"end":{"line":99,"column":125}},"40":{"start":{"line":103,"column":2},"end":{"line":103,"column":74}},"41":{"start":{"line":103,"column":30},"end":{"line":103,"column":73}}},"fnMap":{"0":{"name":"(anonymous_0)","decl":{"start":{"line":5,"column":1},"end":{"line":5,"column":20}},"loc":{"start":{"line":5,"column":44},"end":{"line":5,"column":48}}},"1":{"name":"(anonymous_1)","decl":{"start":{"line":7,"column":8},"end":{"line":7,"column":15}},"loc":{"start":{"line":7,"column":16},"end":{"line":9,"column":2}}},"2":{"name":"(anonymous_2)","decl":{"start":{"line":11,"column":8},"end":{"line":11,"column":12}},"loc":{"start":{"line":11,"column":13},"end":{"line":13,"column":2}}},"3":{"name":"(anonymous_3)","decl":{"start":{"line":15,"column":8},"end":{"line":15,"column":21}},"loc":{"start":{"line":15,"column":22},"end":{"line":19,"column":2}}},"4":{"name":"(anonymous_4)","decl":{"start":{"line":16,"column":30},"end":{"line":16,"column":31}},"loc":{"start":{"line":16,"column":34},"end":{"line":18,"column":3}}},"5":{"name":"(anonymous_5)","decl":{"start":{"line":21,"column":8},"end":{"line":21,"column":17}},"loc":{"start":{"line":21,"column":18},"end":{"line":23,"column":2}}},"6":{"name":"(anonymous_6)","decl":{"start":{"line":22,"column":24},"end":{"line":22,"column":25}},"loc":{"start":{"line":22,"column":29},"end":{"line":22,"column":35}}},"7":{"name":"(anonymous_7)","decl":{"start":{"line":25,"column":8},"end":{"line":25,"column":14}},"loc":{"start":{"line":25,"column":28},"end":{"line":27,"column":2}}},"8":{"name":"(anonymous_8)","decl":{"start":{"line":29,"column":8},"end":{"line":29,"column":15}},"loc":{"start":{"line":29,"column":29},"end":{"line":31,"column":2}}},"9":{"name":"(anonymous_9)","decl":{"start":{"line":33,"column":8},"end":{"line":33,"column":22}},"loc":{"start":{"line":33,"column":40},"end":{"line":41,"column":2}}},"10":{"name":"(anonymous_10)","decl":{"start":{"line":34,"column":30},"end":{"line":34,"column":31}},"loc":{"start":{"line":34,"column":34},"end":{"line":40,"column":3}}},"11":{"name":"(anonymous_11)","decl":{"start":{"line":43,"column":8},"end":{"line":43,"column":16}},"loc":{"start":{"line":43,"column":30},"end":{"line":45,"column":2}}},"12":{"name":"(anonymous_12)","decl":{"start":{"line":47,"column":8},"end":{"line":47,"column":22}},"loc":{"start":{"line":47,"column":77},"end":{"line":57,"column":2}}},"13":{"name":"(anonymous_13)","decl":{"start":{"line":48,"column":30},"end":{"line":48,"column":31}},"loc":{"start":{"line":48,"column":34},"end":{"line":56,"column":3}}},"14":{"name":"(anonymous_14)","decl":{"start":{"line":59,"column":8},"end":{"line":59,"column":15}},"loc":{"start":{"line":59,"column":54},"end":{"line":61,"column":2}}},"15":{"name":"(anonymous_15)","decl":{"start":{"line":63,"column":8},"end":{"line":63,"column":25}},"loc":{"start":{"line":63,"column":53},"end":{"line":71,"column":2}}},"16":{"name":"(anonymous_16)","decl":{"start":{"line":64,"column":30},"end":{"line":64,"column":31}},"loc":{"start":{"line":64,"column":34},"end":{"line":70,"column":3}}},"17":{"name":"(anonymous_17)","decl":{"start":{"line":73,"column":8},"end":{"line":73,"column":18}},"loc":{"start":{"line":73,"column":43},"end":{"line":75,"column":2}}},"18":{"name":"(anonymous_18)","decl":{"start":{"line":74,"column":44},"end":{"line":74,"column":45}},"loc":{"start":{"line":74,"column":49},"end":{"line":74,"column":68}}},"19":{"name":"(anonymous_19)","decl":{"start":{"line":77,"column":8},"end":{"line":77,"column":26}},"loc":{"start":{"line":77,"column":27},"end":{"line":79,"column":2}}},"20":{"name":"(anonymous_20)","decl":{"start":{"line":81,"column":8},"end":{"line":81,"column":24}},"loc":{"start":{"line":81,"column":42},"end":{"line":84,"column":2}}},"21":{"name":"(anonymous_21)","decl":{"start":{"line":82,"column":55},"end":{"line":82,"column":56}},"loc":{"start":{"line":82,"column":60},"end":{"line":82,"column":96}}},"22":{"name":"(anonymous_22)","decl":{"start":{"line":86,"column":8},"end":{"line":86,"column":22}},"loc":{"start":{"line":86,"column":23},"end":{"line":88,"column":2}}},"23":{"name":"(anonymous_23)","decl":{"start":{"line":87,"column":41},"end":{"line":87,"column":42}},"loc":{"start":{"line":87,"column":46},"end":{"line":87,"column":52}}},"24":{"name":"(anonymous_24)","decl":{"start":{"line":90,"column":8},"end":{"line":90,"column":27}},"loc":{"start":{"line":90,"column":28},"end":{"line":92,"column":2}}},"25":{"name":"(anonymous_25)","decl":{"start":{"line":91,"column":27},"end":{"line":91,"column":28}},"loc":{"start":{"line":91,"column":32},"end":{"line":91,"column":72}}},"26":{"name":"(anonymous_26)","decl":{"start":{"line":94,"column":8},"end":{"line":94,"column":20}},"loc":{"start":{"line":94,"column":21},"end":{"line":96,"column":2}}},"27":{"name":"(anonymous_27)","decl":{"start":{"line":95,"column":25},"end":{"line":95,"column":26}},"loc":{"start":{"line":95,"column":30},"end":{"line":95,"column":72}}},"28":{"name":"(anonymous_28)","decl":{"start":{"line":98,"column":8},"end":{"line":98,"column":19}},"loc":{"start":{"line":98,"column":20},"end":{"line":100,"column":2}}},"29":{"name":"(anonymous_29)","decl":{"start":{"line":99,"column":25},"end":{"line":99,"column":26}},"loc":{"start":{"line":99,"column":30},"end":{"line":99,"column":125}}},"30":{"name":"(anonymous_30)","decl":{"start":{"line":102,"column":8},"end":{"line":102,"column":21}},"loc":{"start":{"line":102,"column":22},"end":{"line":104,"column":2}}},"31":{"name":"(anonymous_31)","decl":{"start":{"line":103,"column":25},"end":{"line":103,"column":26}},"loc":{"start":{"line":103,"column":30},"end":{"line":103,"column":73}}}},"branchMap":{"0":{"loc":{"start":{"line":5,"column":42},"end":{"line":5,"column":44}},"type":"default-arg","locations":[{"start":{"line":5,"column":42},"end":{"line":5,"column":44}}]},"1":{"loc":{"start":{"line":35,"column":3},"end":{"line":39,"column":4}},"type":"if","locations":[{"start":{"line":35,"column":3},"end":{"line":39,"column":4}},{"start":{"line":35,"column":3},"end":{"line":39,"column":4}}]},"2":{"loc":{"start":{"line":49,"column":3},"end":{"line":55,"column":4}},"type":"if","locations":[{"start":{"line":49,"column":3},"end":{"line":55,"column":4}},{"start":{"line":49,"column":3},"end":{"line":55,"column":4}}]},"3":{"loc":{"start":{"line":51,"column":10},"end":{"line":55,"column":4}},"type":"if","locations":[{"start":{"line":51,"column":10},"end":{"line":55,"column":4}},{"start":{"line":51,"column":10},"end":{"line":55,"column":4}}]},"4":{"loc":{"start":{"line":65,"column":3},"end":{"line":69,"column":4}},"type":"if","locations":[{"start":{"line":65,"column":3},"end":{"line":69,"column":4}},{"start":{"line":65,"column":3},"end":{"line":69,"column":4}}]},"5":{"loc":{"start":{"line":83,"column":29},"end":{"line":83,"column":51}},"type":"cond-expr","locations":[{"start":{"line":83,"column":29},"end":{"line":83,"column":51}},{"start":{"line":83,"column":54},"end":{"line":83,"column":63}}]},"6":{"loc":{"start":{"line":99,"column":30},"end":{"line":99,"column":75}},"type":"binary-expr","locations":[{"start":{"line":99,"column":30},"end":{"line":99,"column":75}},{"start":{"line":99,"column":79},"end":{"line":99,"column":125}}]}},"s":{"0":121,"1":344,"2":51,"3":106,"4":2,"5":4,"6":13,"7":8,"8":237,"9":35,"10":69,"11":121,"12":68,"13":53,"14":58,"15":16,"16":30,"17":16,"18":14,"19":14,"20":0,"21":12,"22":13,"23":26,"24":23,"25":3,"26":8,"27":14,"28":1270,"29":3,"30":4,"31":3,"32":3,"33":3,"34":1311,"35":94,"36":25,"37":37,"38":89,"39":42,"40":20,"41":28},"f":{"0":344,"1":51,"2":106,"3":2,"4":4,"5":13,"6":8,"7":237,"8":35,"9":69,"10":121,"11":58,"12":16,"13":30,"14":12,"15":13,"16":26,"17":8,"18":14,"19":1270,"20":3,"21":4,"22":3,"23":3,"24":1311,"25":94,"26":25,"27":37,"28":89,"29":42,"30":20,"31":28},"b":{"0":[332],"1":[68,53],"2":[16,14],"3":[14,0],"4":[23,3],"5":[2,1],"6":[42,31]}}
,"/home/travis/build/MaibornWolff/codecharta/visualization/app/codeCharta/state/edgeMetricData.service.ts": {"path":"/home/travis/build/MaibornWolff/codecharta/visualization/app/codeCharta/state/edgeMetricData.service.ts","statementMap":{"0":{"start":{"line":20,"column":21},"end":{"line":20,"column":50}},"1":{"start":{"line":20,"column":60},"end":{"line":20,"column":86}},"2":{"start":{"line":17,"column":9},"end":{"line":17,"column":42}},"3":{"start":{"line":21,"column":2},"end":{"line":21,"column":47}},"4":{"start":{"line":22,"column":2},"end":{"line":22,"column":51}},"5":{"start":{"line":26,"column":2},"end":{"line":26,"column":26}},"6":{"start":{"line":30,"column":2},"end":{"line":30,"column":26}},"7":{"start":{"line":34,"column":2},"end":{"line":34,"column":47}},"8":{"start":{"line":35,"column":2},"end":{"line":35,"column":22}},"9":{"start":{"line":36,"column":2},"end":{"line":36,"column":31}},"10":{"start":{"line":37,"column":2},"end":{"line":37,"column":36}},"11":{"start":{"line":41,"column":2},"end":{"line":43,"column":3}},"12":{"start":{"line":42,"column":3},"end":{"line":42,"column":12}},"13":{"start":{"line":45,"column":2},"end":{"line":45,"column":45}},"14":{"start":{"line":45,"column":38},"end":{"line":45,"column":44}},"15":{"start":{"line":49,"column":2},"end":{"line":51,"column":3}},"16":{"start":{"line":50,"column":3},"end":{"line":50,"column":11}},"17":{"start":{"line":52,"column":2},"end":{"line":52,"column":53}},"18":{"start":{"line":56,"column":2},"end":{"line":58,"column":3}},"19":{"start":{"line":57,"column":3},"end":{"line":57,"column":12}},"20":{"start":{"line":60,"column":44},"end":{"line":60,"column":46}},"21":{"start":{"line":61,"column":35},"end":{"line":61,"column":81}},"22":{"start":{"line":62,"column":2},"end":{"line":64,"column":3}},"23":{"start":{"line":63,"column":3},"end":{"line":63,"column":72}},"24":{"start":{"line":66,"column":2},"end":{"line":66,"column":34}},"25":{"start":{"line":70,"column":22},"end":{"line":70,"column":91}},"26":{"start":{"line":70,"column":57},"end":{"line":70,"column":90}},"27":{"start":{"line":71,"column":24},"end":{"line":71,"column":33}},"28":{"start":{"line":73,"column":2},"end":{"line":75,"column":4}},"29":{"start":{"line":74,"column":3},"end":{"line":74,"column":87}},"30":{"start":{"line":76,"column":2},"end":{"line":76,"column":24}},"31":{"start":{"line":80,"column":2},"end":{"line":80,"column":28}},"32":{"start":{"line":84,"column":2},"end":{"line":84,"column":83}},"33":{"start":{"line":88,"column":2},"end":{"line":93,"column":3}},"34":{"start":{"line":89,"column":3},"end":{"line":89,"column":12}},"35":{"start":{"line":91,"column":19},"end":{"line":91,"column":49}},"36":{"start":{"line":92,"column":3},"end":{"line":92,"column":44}},"37":{"start":{"line":97,"column":2},"end":{"line":97,"column":37}},"38":{"start":{"line":98,"column":28},"end":{"line":101,"column":67}},"39":{"start":{"line":101,"column":21},"end":{"line":101,"column":66}},"40":{"start":{"line":102,"column":33},"end":{"line":102,"column":64}},"41":{"start":{"line":103,"column":2},"end":{"line":112,"column":5}},"42":{"start":{"line":107,"column":4},"end":{"line":111,"column":6}},"43":{"start":{"line":108,"column":5},"end":{"line":110,"column":6}},"44":{"start":{"line":109,"column":6},"end":{"line":109,"column":40}},"45":{"start":{"line":113,"column":2},"end":{"line":113,"column":32}},"46":{"start":{"line":117,"column":19},"end":{"line":117,"column":63}},"47":{"start":{"line":117,"column":39},"end":{"line":117,"column":62}},"48":{"start":{"line":118,"column":17},"end":{"line":118,"column":59}},"49":{"start":{"line":118,"column":37},"end":{"line":118,"column":58}},"50":{"start":{"line":119,"column":2},"end":{"line":119,"column":95}},"51":{"start":{"line":123,"column":20},"end":{"line":123,"column":71}},"52":{"start":{"line":124,"column":2},"end":{"line":124,"column":81}},"53":{"start":{"line":128,"column":2},"end":{"line":131,"column":3}},"54":{"start":{"line":129,"column":27},"end":{"line":129,"column":61}},"55":{"start":{"line":130,"column":3},"end":{"line":130,"column":75}},"56":{"start":{"line":135,"column":2},"end":{"line":137,"column":3}},"57":{"start":{"line":136,"column":3},"end":{"line":136,"column":57}},"58":{"start":{"line":138,"column":2},"end":{"line":138,"column":52}},"59":{"start":{"line":142,"column":2},"end":{"line":142,"column":56}},"60":{"start":{"line":143,"column":2},"end":{"line":143,"column":54}},"61":{"start":{"line":144,"column":2},"end":{"line":144,"column":45}},"62":{"start":{"line":145,"column":2},"end":{"line":145,"column":43}},"63":{"start":{"line":149,"column":2},"end":{"line":151,"column":3}},"64":{"start":{"line":150,"column":3},"end":{"line":150,"column":62}},"65":{"start":{"line":155,"column":33},"end":{"line":155,"column":35}},"66":{"start":{"line":157,"column":2},"end":{"line":166,"column":4}},"67":{"start":{"line":158,"column":28},"end":{"line":158,"column":29}},"68":{"start":{"line":159,"column":3},"end":{"line":164,"column":5}},"69":{"start":{"line":160,"column":26},"end":{"line":160,"column":57}},"70":{"start":{"line":161,"column":4},"end":{"line":163,"column":5}},"71":{"start":{"line":162,"column":5},"end":{"line":162,"column":39}},"72":{"start":{"line":165,"column":3},"end":{"line":165,"column":70}},"73":{"start":{"line":168,"column":2},"end":{"line":168,"column":19}},"74":{"start":{"line":172,"column":28},"end":{"line":172,"column":37}},"75":{"start":{"line":173,"column":2},"end":{"line":180,"column":3}},"76":{"start":{"line":174,"column":3},"end":{"line":179,"column":5}},"77":{"start":{"line":175,"column":31},"end":{"line":177,"column":5}},"78":{"start":{"line":176,"column":41},"end":{"line":176,"column":104}},"79":{"start":{"line":178,"column":4},"end":{"line":178,"column":52}},"80":{"start":{"line":181,"column":2},"end":{"line":181,"column":47}},"81":{"start":{"line":185,"column":2},"end":{"line":185,"column":57}},"82":{"start":{"line":189,"column":2},"end":{"line":189,"column":103}},"83":{"start":{"line":193,"column":2},"end":{"line":195,"column":4}},"84":{"start":{"line":194,"column":3},"end":{"line":194,"column":43}},"85":{"start":{"line":15,"column":16},"end":{"line":15,"column":75}}},"fnMap":{"0":{"name":"(anonymous_0)","decl":{"start":{"line":20,"column":1},"end":{"line":20,"column":20}},"loc":{"start":{"line":20,"column":86},"end":{"line":23,"column":2}}},"1":{"name":"(anonymous_1)","decl":{"start":{"line":25,"column":8},"end":{"line":25,"column":25}},"loc":{"start":{"line":25,"column":53},"end":{"line":27,"column":2}}},"2":{"name":"(anonymous_2)","decl":{"start":{"line":29,"column":8},"end":{"line":29,"column":30}},"loc":{"start":{"line":29,"column":44},"end":{"line":31,"column":2}}},"3":{"name":"(anonymous_3)","decl":{"start":{"line":33,"column":9},"end":{"line":33,"column":25}},"loc":{"start":{"line":33,"column":26},"end":{"line":38,"column":2}}},"4":{"name":"(anonymous_4)","decl":{"start":{"line":40,"column":8},"end":{"line":40,"column":21}},"loc":{"start":{"line":40,"column":22},"end":{"line":46,"column":2}}},"5":{"name":"(anonymous_5)","decl":{"start":{"line":45,"column":33},"end":{"line":45,"column":34}},"loc":{"start":{"line":45,"column":38},"end":{"line":45,"column":44}}},"6":{"name":"(anonymous_6)","decl":{"start":{"line":48,"column":8},"end":{"line":48,"column":35}},"loc":{"start":{"line":48,"column":55},"end":{"line":53,"column":2}}},"7":{"name":"(anonymous_7)","decl":{"start":{"line":55,"column":8},"end":{"line":55,"column":31}},"loc":{"start":{"line":55,"column":74},"end":{"line":67,"column":2}}},"8":{"name":"(anonymous_8)","decl":{"start":{"line":69,"column":8},"end":{"line":69,"column":29}},"loc":{"start":{"line":69,"column":63},"end":{"line":77,"column":2}}},"9":{"name":"(anonymous_9)","decl":{"start":{"line":70,"column":51},"end":{"line":70,"column":52}},"loc":{"start":{"line":70,"column":57},"end":{"line":70,"column":90}}},"10":{"name":"(anonymous_10)","decl":{"start":{"line":73,"column":22},"end":{"line":73,"column":27}},"loc":{"start":{"line":73,"column":31},"end":{"line":75,"column":3}}},"11":{"name":"(anonymous_11)","decl":{"start":{"line":79,"column":8},"end":{"line":79,"column":20}},"loc":{"start":{"line":79,"column":21},"end":{"line":81,"column":2}}},"12":{"name":"(anonymous_12)","decl":{"start":{"line":83,"column":8},"end":{"line":83,"column":31}},"loc":{"start":{"line":83,"column":51},"end":{"line":85,"column":2}}},"13":{"name":"(anonymous_13)","decl":{"start":{"line":87,"column":9},"end":{"line":87,"column":24}},"loc":{"start":{"line":87,"column":25},"end":{"line":94,"column":2}}},"14":{"name":"(anonymous_14)","decl":{"start":{"line":96,"column":9},"end":{"line":96,"column":31}},"loc":{"start":{"line":96,"column":32},"end":{"line":114,"column":2}}},"15":{"name":"(anonymous_15)","decl":{"start":{"line":101,"column":8},"end":{"line":101,"column":16}},"loc":{"start":{"line":101,"column":21},"end":{"line":101,"column":66}}},"16":{"name":"(anonymous_16)","decl":{"start":{"line":106,"column":12},"end":{"line":106,"column":20}},"loc":{"start":{"line":106,"column":24},"end":{"line":112,"column":4}}},"17":{"name":"(anonymous_17)","decl":{"start":{"line":107,"column":55},"end":{"line":107,"column":58}},"loc":{"start":{"line":107,"column":62},"end":{"line":111,"column":5}}},"18":{"name":"(anonymous_18)","decl":{"start":{"line":116,"column":9},"end":{"line":116,"column":37}},"loc":{"start":{"line":116,"column":70},"end":{"line":120,"column":2}}},"19":{"name":"(anonymous_19)","decl":{"start":{"line":117,"column":34},"end":{"line":117,"column":35}},"loc":{"start":{"line":117,"column":39},"end":{"line":117,"column":62}}},"20":{"name":"(anonymous_20)","decl":{"start":{"line":118,"column":32},"end":{"line":118,"column":33}},"loc":{"start":{"line":118,"column":37},"end":{"line":118,"column":58}}},"21":{"name":"(anonymous_21)","decl":{"start":{"line":122,"column":9},"end":{"line":122,"column":24}},"loc":{"start":{"line":122,"column":38},"end":{"line":125,"column":2}}},"22":{"name":"(anonymous_22)","decl":{"start":{"line":127,"column":9},"end":{"line":127,"column":31}},"loc":{"start":{"line":127,"column":43},"end":{"line":132,"column":2}}},"23":{"name":"(anonymous_23)","decl":{"start":{"line":134,"column":9},"end":{"line":134,"column":25}},"loc":{"start":{"line":134,"column":49},"end":{"line":139,"column":2}}},"24":{"name":"(anonymous_24)","decl":{"start":{"line":141,"column":9},"end":{"line":141,"column":22}},"loc":{"start":{"line":141,"column":103},"end":{"line":146,"column":2}}},"25":{"name":"(anonymous_25)","decl":{"start":{"line":148,"column":9},"end":{"line":148,"column":30}},"loc":{"start":{"line":148,"column":95},"end":{"line":152,"column":2}}},"26":{"name":"(anonymous_26)","decl":{"start":{"line":154,"column":9},"end":{"line":154,"column":28}},"loc":{"start":{"line":154,"column":80},"end":{"line":169,"column":2}}},"27":{"name":"(anonymous_27)","decl":{"start":{"line":157,"column":18},"end":{"line":157,"column":19}},"loc":{"start":{"line":157,"column":55},"end":{"line":166,"column":3}}},"28":{"name":"(anonymous_28)","decl":{"start":{"line":159,"column":22},"end":{"line":159,"column":23}},"loc":{"start":{"line":159,"column":52},"end":{"line":164,"column":4}}},"29":{"name":"(anonymous_29)","decl":{"start":{"line":171,"column":9},"end":{"line":171,"column":30}},"loc":{"start":{"line":171,"column":31},"end":{"line":182,"column":2}}},"30":{"name":"(anonymous_30)","decl":{"start":{"line":174,"column":35},"end":{"line":174,"column":36}},"loc":{"start":{"line":174,"column":50},"end":{"line":179,"column":4}}},"31":{"name":"(anonymous_31)","decl":{"start":{"line":176,"column":31},"end":{"line":176,"column":32}},"loc":{"start":{"line":176,"column":41},"end":{"line":176,"column":104}}},"32":{"name":"(anonymous_32)","decl":{"start":{"line":184,"column":9},"end":{"line":184,"column":21}},"loc":{"start":{"line":184,"column":22},"end":{"line":186,"column":2}}},"33":{"name":"(anonymous_33)","decl":{"start":{"line":188,"column":9},"end":{"line":188,"column":35}},"loc":{"start":{"line":188,"column":36},"end":{"line":190,"column":2}}},"34":{"name":"(anonymous_34)","decl":{"start":{"line":192,"column":8},"end":{"line":192,"column":13}},"loc":{"start":{"line":192,"column":99},"end":{"line":196,"column":2}}},"35":{"name":"(anonymous_35)","decl":{"start":{"line":193,"column":71},"end":{"line":193,"column":72}},"loc":{"start":{"line":193,"column":87},"end":{"line":195,"column":3}}}},"branchMap":{"0":{"loc":{"start":{"line":41,"column":2},"end":{"line":43,"column":3}},"type":"if","locations":[{"start":{"line":41,"column":2},"end":{"line":43,"column":3}},{"start":{"line":41,"column":2},"end":{"line":43,"column":3}}]},"1":{"loc":{"start":{"line":49,"column":2},"end":{"line":51,"column":3}},"type":"if","locations":[{"start":{"line":49,"column":2},"end":{"line":51,"column":3}},{"start":{"line":49,"column":2},"end":{"line":51,"column":3}}]},"2":{"loc":{"start":{"line":49,"column":6},"end":{"line":49,"column":30}},"type":"binary-expr","locations":[{"start":{"line":49,"column":6},"end":{"line":49,"column":30}},{"start":{"line":49,"column":34},"end":{"line":49,"column":74}}]},"3":{"loc":{"start":{"line":56,"column":2},"end":{"line":58,"column":3}},"type":"if","locations":[{"start":{"line":56,"column":2},"end":{"line":58,"column":3}},{"start":{"line":56,"column":2},"end":{"line":58,"column":3}}]},"4":{"loc":{"start":{"line":56,"column":6},"end":{"line":56,"column":30}},"type":"binary-expr","locations":[{"start":{"line":56,"column":6},"end":{"line":56,"column":30}},{"start":{"line":56,"column":34},"end":{"line":56,"column":74}}]},"5":{"loc":{"start":{"line":88,"column":2},"end":{"line":93,"column":3}},"type":"if","locations":[{"start":{"line":88,"column":2},"end":{"line":93,"column":3}},{"start":{"line":88,"column":2},"end":{"line":93,"column":3}}]},"6":{"loc":{"start":{"line":108,"column":5},"end":{"line":110,"column":6}},"type":"if","locations":[{"start":{"line":108,"column":5},"end":{"line":110,"column":6}},{"start":{"line":108,"column":5},"end":{"line":110,"column":6}}]},"7":{"loc":{"start":{"line":119,"column":9},"end":{"line":119,"column":17}},"type":"binary-expr","locations":[{"start":{"line":119,"column":9},"end":{"line":119,"column":17}},{"start":{"line":119,"column":21},"end":{"line":119,"column":27}},{"start":{"line":119,"column":31},"end":{"line":119,"column":62}},{"start":{"line":119,"column":66},"end":{"line":119,"column":95}}]},"8":{"loc":{"start":{"line":135,"column":2},"end":{"line":137,"column":3}},"type":"if","locations":[{"start":{"line":135,"column":2},"end":{"line":137,"column":3}},{"start":{"line":135,"column":2},"end":{"line":137,"column":3}}]},"9":{"loc":{"start":{"line":149,"column":2},"end":{"line":151,"column":3}},"type":"if","locations":[{"start":{"line":149,"column":2},"end":{"line":151,"column":3}},{"start":{"line":149,"column":2},"end":{"line":151,"column":3}}]},"10":{"loc":{"start":{"line":161,"column":4},"end":{"line":163,"column":5}},"type":"if","locations":[{"start":{"line":161,"column":4},"end":{"line":163,"column":5}},{"start":{"line":161,"column":4},"end":{"line":163,"column":5}}]},"11":{"loc":{"start":{"line":173,"column":2},"end":{"line":180,"column":3}},"type":"if","locations":[{"start":{"line":173,"column":2},"end":{"line":180,"column":3}},{"start":{"line":173,"column":2},"end":{"line":180,"column":3}}]}},"s":{"0":208,"1":208,"2":208,"3":208,"4":208,"5":14,"6":5,"7":19,"8":19,"9":19,"10":19,"11":10,"12":0,"13":10,"14":6,"15":2,"16":1,"17":1,"18":2,"19":1,"20":1,"21":1,"22":1,"23":2,"24":1,"25":7,"26":4,"27":7,"28":7,"29":3,"30":7,"31":6,"32":4,"33":19,"34":14,"35":5,"36":5,"37":5,"38":5,"39":5,"40":5,"41":5,"42":5,"43":15,"44":10,"45":5,"46":15,"47":65,"48":15,"49":60,"50":15,"51":20,"52":20,"53":10,"54":20,"55":20,"56":20,"57":15,"58":20,"59":20,"60":20,"61":20,"62":20,"63":40,"64":35,"65":5,"66":5,"67":15,"68":15,"69":35,"70":35,"71":20,"72":15,"73":5,"74":21,"75":21,"76":13,"77":17,"78":24,"79":17,"80":21,"81":19,"82":19,"83":12,"84":14,"85":94},"f":{"0":208,"1":14,"2":5,"3":19,"4":10,"5":6,"6":2,"7":2,"8":7,"9":4,"10":3,"11":6,"12":4,"13":19,"14":5,"15":5,"16":5,"17":15,"18":15,"19":65,"20":60,"21":20,"22":10,"23":20,"24":20,"25":40,"26":5,"27":15,"28":35,"29":21,"30":17,"31":24,"32":19,"33":19,"34":12,"35":14},"b":{"0":[0,10],"1":[1,1],"2":[2,2],"3":[1,1],"4":[2,2],"5":[14,5],"6":[10,5],"7":[15,10,10,10],"8":[15,5],"9":[35,5],"10":[20,15],"11":[13,8]}}
,"/home/travis/build/MaibornWolff/codecharta/visualization/app/codeCharta/state/injector.service.ts": {"path":"/home/travis/build/MaibornWolff/codecharta/visualization/app/codeCharta/state/injector.service.ts","statementMap":{"0":{"start":{"line":49,"column":10},"end":{"line":49,"column":76}},"1":{"start":{"line":50,"column":10},"end":{"line":50,"column":52}},"2":{"start":{"line":51,"column":10},"end":{"line":51,"column":68}},"3":{"start":{"line":52,"column":10},"end":{"line":52,"column":56}},"4":{"start":{"line":53,"column":10},"end":{"line":53,"column":52}},"5":{"start":{"line":54,"column":10},"end":{"line":54,"column":50}},"6":{"start":{"line":55,"column":10},"end":{"line":55,"column":36}},"7":{"start":{"line":56,"column":10},"end":{"line":56,"column":40}},"8":{"start":{"line":57,"column":10},"end":{"line":57,"column":44}},"9":{"start":{"line":58,"column":10},"end":{"line":58,"column":82}},"10":{"start":{"line":59,"column":10},"end":{"line":59,"column":78}},"11":{"start":{"line":60,"column":10},"end":{"line":60,"column":64}},"12":{"start":{"line":61,"column":10},"end":{"line":61,"column":60}},"13":{"start":{"line":62,"column":10},"end":{"line":62,"column":52}},"14":{"start":{"line":63,"column":10},"end":{"line":63,"column":50}},"15":{"start":{"line":64,"column":10},"end":{"line":64,"column":60}},"16":{"start":{"line":65,"column":10},"end":{"line":65,"column":58}},"17":{"start":{"line":66,"column":10},"end":{"line":66,"column":60}},"18":{"start":{"line":67,"column":10},"end":{"line":67,"column":38}},"19":{"start":{"line":68,"column":10},"end":{"line":68,"column":40}},"20":{"start":{"line":69,"column":10},"end":{"line":69,"column":46}},"21":{"start":{"line":70,"column":10},"end":{"line":70,"column":66}},"22":{"start":{"line":71,"column":10},"end":{"line":71,"column":60}},"23":{"start":{"line":72,"column":10},"end":{"line":72,"column":54}},"24":{"start":{"line":73,"column":10},"end":{"line":73,"column":36}},"25":{"start":{"line":74,"column":10},"end":{"line":74,"column":54}},"26":{"start":{"line":75,"column":10},"end":{"line":75,"column":46}},"27":{"start":{"line":76,"column":10},"end":{"line":76,"column":46}},"28":{"start":{"line":77,"column":10},"end":{"line":77,"column":38}},"29":{"start":{"line":78,"column":10},"end":{"line":78,"column":52}},"30":{"start":{"line":79,"column":10},"end":{"line":79,"column":60}},"31":{"start":{"line":80,"column":10},"end":{"line":80,"column":56}},"32":{"start":{"line":81,"column":10},"end":{"line":81,"column":50}},"33":{"start":{"line":82,"column":10},"end":{"line":82,"column":62}},"34":{"start":{"line":83,"column":10},"end":{"line":83,"column":48}},"35":{"start":{"line":84,"column":10},"end":{"line":84,"column":46}},"36":{"start":{"line":85,"column":10},"end":{"line":85,"column":44}},"37":{"start":{"line":86,"column":10},"end":{"line":86,"column":46}},"38":{"start":{"line":87,"column":10},"end":{"line":87,"column":62}}},"fnMap":{"0":{"name":"(anonymous_0)","decl":{"start":{"line":46,"column":1},"end":{"line":49,"column":9}},"loc":{"start":{"line":87,"column":62},"end":{"line":88,"column":5}}}},"branchMap":{},"s":{"0":8,"1":8,"2":8,"3":8,"4":8,"5":8,"6":8,"7":8,"8":8,"9":8,"10":8,"11":8,"12":8,"13":8,"14":8,"15":8,"16":8,"17":8,"18":8,"19":8,"20":8,"21":8,"22":8,"23":8,"24":8,"25":8,"26":8,"27":8,"28":8,"29":8,"30":8,"31":8,"32":8,"33":8,"34":8,"35":8,"36":8,"37":8,"38":8},"f":{"0":8},"b":{}}
,"/home/travis/build/MaibornWolff/codecharta/visualization/app/codeCharta/state/metric.service.ts": {"path":"/home/travis/build/MaibornWolff/codecharta/visualization/app/codeCharta/state/metric.service.ts","statementMap":{"0":{"start":{"line":26,"column":21},"end":{"line":26,"column":50}},"1":{"start":{"line":26,"column":60},"end":{"line":26,"column":86}},"2":{"start":{"line":24,"column":9},"end":{"line":24,"column":38}},"3":{"start":{"line":27,"column":2},"end":{"line":27,"column":47}},"4":{"start":{"line":28,"column":2},"end":{"line":28,"column":51}},"5":{"start":{"line":29,"column":2},"end":{"line":29,"column":56}},"6":{"start":{"line":33,"column":2},"end":{"line":33,"column":25}},"7":{"start":{"line":37,"column":2},"end":{"line":37,"column":25}},"8":{"start":{"line":41,"column":2},"end":{"line":41,"column":25}},"9":{"start":{"line":45,"column":2},"end":{"line":45,"column":41}},"10":{"start":{"line":45,"column":34},"end":{"line":45,"column":40}},"11":{"start":{"line":49,"column":2},"end":{"line":49,"column":24}},"12":{"start":{"line":53,"column":2},"end":{"line":53,"column":56}},"13":{"start":{"line":53,"column":35},"end":{"line":53,"column":55}},"14":{"start":{"line":57,"column":29},"end":{"line":57,"column":76}},"15":{"start":{"line":57,"column":55},"end":{"line":57,"column":75}},"16":{"start":{"line":58,"column":2},"end":{"line":58,"column":45}},"17":{"start":{"line":62,"column":2},"end":{"line":62,"column":83}},"18":{"start":{"line":66,"column":2},"end":{"line":66,"column":43}},"19":{"start":{"line":67,"column":2},"end":{"line":67,"column":23}},"20":{"start":{"line":68,"column":2},"end":{"line":68,"column":30}},"21":{"start":{"line":72,"column":2},"end":{"line":78,"column":3}},"22":{"start":{"line":73,"column":3},"end":{"line":73,"column":12}},"23":{"start":{"line":76,"column":19},"end":{"line":76,"column":49}},"24":{"start":{"line":77,"column":3},"end":{"line":77,"column":48}},"25":{"start":{"line":82,"column":51},"end":{"line":82,"column":60}},"26":{"start":{"line":84,"column":2},"end":{"line":101,"column":5}},"27":{"start":{"line":88,"column":48},"end":{"line":88,"column":86}},"28":{"start":{"line":89,"column":4},"end":{"line":100,"column":6}},"29":{"start":{"line":90,"column":5},"end":{"line":99,"column":6}},"30":{"start":{"line":98,"column":6},"end":{"line":98,"column":53}},"31":{"start":{"line":102,"column":2},"end":{"line":102,"column":16}},"32":{"start":{"line":106,"column":31},"end":{"line":106,"column":64}},"33":{"start":{"line":108,"column":2},"end":{"line":114,"column":4}},"34":{"start":{"line":109,"column":3},"end":{"line":113,"column":4}},"35":{"start":{"line":110,"column":4},"end":{"line":112,"column":6}},"36":{"start":{"line":118,"column":21},"end":{"line":118,"column":23}},"37":{"start":{"line":120,"column":2},"end":{"line":125,"column":4}},"38":{"start":{"line":121,"column":3},"end":{"line":124,"column":5}},"39":{"start":{"line":126,"column":2},"end":{"line":126,"column":45}},"40":{"start":{"line":130,"column":2},"end":{"line":130,"column":84}},"41":{"start":{"line":130,"column":36},"end":{"line":130,"column":82}},"42":{"start":{"line":134,"column":2},"end":{"line":139,"column":3}},"43":{"start":{"line":134,"column":33},"end":{"line":134,"column":70}},"44":{"start":{"line":135,"column":3},"end":{"line":138,"column":5}},"45":{"start":{"line":143,"column":2},"end":{"line":143,"column":84}},"46":{"start":{"line":147,"column":2},"end":{"line":149,"column":4}},"47":{"start":{"line":148,"column":3},"end":{"line":148,"column":37}},"48":{"start":{"line":20,"column":15},"end":{"line":20,"column":37}},"49":{"start":{"line":21,"column":16},"end":{"line":21,"column":61}}},"fnMap":{"0":{"name":"(anonymous_0)","decl":{"start":{"line":26,"column":1},"end":{"line":26,"column":20}},"loc":{"start":{"line":26,"column":86},"end":{"line":30,"column":2}}},"1":{"name":"(anonymous_1)","decl":{"start":{"line":32,"column":8},"end":{"line":32,"column":30}},"loc":{"start":{"line":32,"column":44},"end":{"line":34,"column":2}}},"2":{"name":"(anonymous_2)","decl":{"start":{"line":36,"column":8},"end":{"line":36,"column":25}},"loc":{"start":{"line":36,"column":53},"end":{"line":38,"column":2}}},"3":{"name":"(anonymous_3)","decl":{"start":{"line":40,"column":8},"end":{"line":40,"column":30}},"loc":{"start":{"line":40,"column":62},"end":{"line":42,"column":2}}},"4":{"name":"(anonymous_4)","decl":{"start":{"line":44,"column":8},"end":{"line":44,"column":17}},"loc":{"start":{"line":44,"column":18},"end":{"line":46,"column":2}}},"5":{"name":"(anonymous_5)","decl":{"start":{"line":45,"column":29},"end":{"line":45,"column":30}},"loc":{"start":{"line":45,"column":34},"end":{"line":45,"column":40}}},"6":{"name":"(anonymous_6)","decl":{"start":{"line":48,"column":8},"end":{"line":48,"column":20}},"loc":{"start":{"line":48,"column":21},"end":{"line":50,"column":2}}},"7":{"name":"(anonymous_7)","decl":{"start":{"line":52,"column":8},"end":{"line":52,"column":24}},"loc":{"start":{"line":52,"column":44},"end":{"line":54,"column":2}}},"8":{"name":"(anonymous_8)","decl":{"start":{"line":53,"column":30},"end":{"line":53,"column":31}},"loc":{"start":{"line":53,"column":35},"end":{"line":53,"column":55}}},"9":{"name":"(anonymous_9)","decl":{"start":{"line":56,"column":8},"end":{"line":56,"column":31}},"loc":{"start":{"line":56,"column":51},"end":{"line":59,"column":2}}},"10":{"name":"(anonymous_10)","decl":{"start":{"line":57,"column":50},"end":{"line":57,"column":51}},"loc":{"start":{"line":57,"column":55},"end":{"line":57,"column":75}}},"11":{"name":"(anonymous_11)","decl":{"start":{"line":61,"column":8},"end":{"line":61,"column":31}},"loc":{"start":{"line":61,"column":51},"end":{"line":63,"column":2}}},"12":{"name":"(anonymous_12)","decl":{"start":{"line":65,"column":9},"end":{"line":65,"column":24}},"loc":{"start":{"line":65,"column":25},"end":{"line":69,"column":2}}},"13":{"name":"(anonymous_13)","decl":{"start":{"line":71,"column":9},"end":{"line":71,"column":24}},"loc":{"start":{"line":71,"column":25},"end":{"line":79,"column":2}}},"14":{"name":"(anonymous_14)","decl":{"start":{"line":81,"column":9},"end":{"line":81,"column":31}},"loc":{"start":{"line":81,"column":32},"end":{"line":103,"column":2}}},"15":{"name":"(anonymous_15)","decl":{"start":{"line":87,"column":12},"end":{"line":87,"column":13}},"loc":{"start":{"line":87,"column":37},"end":{"line":101,"column":4}}},"16":{"name":"(anonymous_16)","decl":{"start":{"line":89,"column":18},"end":{"line":89,"column":19}},"loc":{"start":{"line":89,"column":55},"end":{"line":100,"column":5}}},"17":{"name":"(anonymous_17)","decl":{"start":{"line":105,"column":9},"end":{"line":105,"column":35}},"loc":{"start":{"line":105,"column":111},"end":{"line":115,"column":2}}},"18":{"name":"(anonymous_18)","decl":{"start":{"line":108,"column":21},"end":{"line":108,"column":22}},"loc":{"start":{"line":108,"column":40},"end":{"line":114,"column":3}}},"19":{"name":"(anonymous_19)","decl":{"start":{"line":117,"column":9},"end":{"line":117,"column":32}},"loc":{"start":{"line":117,"column":74},"end":{"line":127,"column":2}}},"20":{"name":"(anonymous_20)","decl":{"start":{"line":120,"column":18},"end":{"line":120,"column":19}},"loc":{"start":{"line":120,"column":61},"end":{"line":125,"column":3}}},"21":{"name":"(anonymous_21)","decl":{"start":{"line":129,"column":9},"end":{"line":129,"column":27}},"loc":{"start":{"line":129,"column":53},"end":{"line":131,"column":2}}},"22":{"name":"(anonymous_22)","decl":{"start":{"line":130,"column":25},"end":{"line":130,"column":26}},"loc":{"start":{"line":130,"column":36},"end":{"line":130,"column":82}}},"23":{"name":"(anonymous_23)","decl":{"start":{"line":133,"column":9},"end":{"line":133,"column":22}},"loc":{"start":{"line":133,"column":23},"end":{"line":140,"column":2}}},"24":{"name":"(anonymous_24)","decl":{"start":{"line":134,"column":28},"end":{"line":134,"column":29}},"loc":{"start":{"line":134,"column":33},"end":{"line":134,"column":70}}},"25":{"name":"(anonymous_25)","decl":{"start":{"line":142,"column":9},"end":{"line":142,"column":29}},"loc":{"start":{"line":142,"column":30},"end":{"line":144,"column":2}}},"26":{"name":"(anonymous_26)","decl":{"start":{"line":146,"column":8},"end":{"line":146,"column":13}},"loc":{"start":{"line":146,"column":91},"end":{"line":150,"column":2}}},"27":{"name":"(anonymous_27)","decl":{"start":{"line":147,"column":56},"end":{"line":147,"column":57}},"loc":{"start":{"line":147,"column":72},"end":{"line":149,"column":3}}}},"branchMap":{"0":{"loc":{"start":{"line":58,"column":18},"end":{"line":58,"column":33}},"type":"cond-expr","locations":[{"start":{"line":58,"column":18},"end":{"line":58,"column":33}},{"start":{"line":58,"column":36},"end":{"line":58,"column":45}}]},"1":{"loc":{"start":{"line":72,"column":2},"end":{"line":78,"column":3}},"type":"if","locations":[{"start":{"line":72,"column":2},"end":{"line":78,"column":3}},{"start":{"line":72,"column":2},"end":{"line":78,"column":3}}]},"2":{"loc":{"start":{"line":90,"column":5},"end":{"line":99,"column":6}},"type":"if","locations":[{"start":{"line":90,"column":5},"end":{"line":99,"column":6}},{"start":{"line":90,"column":5},"end":{"line":99,"column":6}}]},"3":{"loc":{"start":{"line":91,"column":6},"end":{"line":91,"column":20}},"type":"binary-expr","locations":[{"start":{"line":91,"column":6},"end":{"line":91,"column":20}},{"start":{"line":92,"column":6},"end":{"line":96,"column":7}}]},"4":{"loc":{"start":{"line":109,"column":3},"end":{"line":113,"column":4}},"type":"if","locations":[{"start":{"line":109,"column":3},"end":{"line":113,"column":4}},{"start":{"line":109,"column":3},"end":{"line":113,"column":4}}]},"5":{"loc":{"start":{"line":109,"column":7},"end":{"line":109,"column":27}},"type":"binary-expr","locations":[{"start":{"line":109,"column":7},"end":{"line":109,"column":27}},{"start":{"line":109,"column":31},"end":{"line":109,"column":91}}]},"6":{"loc":{"start":{"line":130,"column":54},"end":{"line":130,"column":55}},"type":"cond-expr","locations":[{"start":{"line":130,"column":54},"end":{"line":130,"column":55}},{"start":{"line":130,"column":58},"end":{"line":130,"column":82}}]},"7":{"loc":{"start":{"line":130,"column":76},"end":{"line":130,"column":78}},"type":"cond-expr","locations":[{"start":{"line":130,"column":76},"end":{"line":130,"column":78}},{"start":{"line":130,"column":81},"end":{"line":130,"column":82}}]},"8":{"loc":{"start":{"line":134,"column":2},"end":{"line":139,"column":3}},"type":"if","locations":[{"start":{"line":134,"column":2},"end":{"line":139,"column":3}},{"start":{"line":134,"column":2},"end":{"line":139,"column":3}}]}},"s":{"0":205,"1":205,"2":205,"3":205,"4":205,"5":205,"6":3,"7":17,"8":14,"9":2,"10":3,"11":4,"12":0,"13":0,"14":73,"15":50,"16":73,"17":8,"18":34,"19":34,"20":34,"21":30,"22":29,"23":1,"24":1,"25":1,"26":1,"27":1,"28":1,"29":3,"30":3,"31":1,"32":3,"33":3,"34":9,"35":6,"36":1,"37":1,"38":3,"39":1,"40":1,"41":3,"42":34,"43":18,"44":34,"45":34,"46":192,"47":140,"48":120,"49":120},"f":{"0":205,"1":3,"2":17,"3":14,"4":2,"5":3,"6":4,"7":0,"8":0,"9":73,"10":50,"11":8,"12":34,"13":30,"14":1,"15":1,"16":3,"17":3,"18":9,"19":1,"20":3,"21":1,"22":3,"23":34,"24":18,"25":34,"26":192,"27":140},"b":{"0":[35,38],"1":[29,1],"2":[3,0],"3":[3,3],"4":[6,3],"5":[9,6],"6":[2,1],"7":[1,0],"8":[34,0]}}
,"/home/travis/build/MaibornWolff/codecharta/visualization/app/codeCharta/state/nodeSearch.service.ts": {"path":"/home/travis/build/MaibornWolff/codecharta/visualization/app/codeCharta/state/nodeSearch.service.ts","statementMap":{"0":{"start":{"line":21,"column":10},"end":{"line":21,"column":39}},"1":{"start":{"line":22,"column":10},"end":{"line":22,"column":36}},"2":{"start":{"line":23,"column":10},"end":{"line":23,"column":58}},"3":{"start":{"line":17,"column":9},"end":{"line":17,"column":42}},"4":{"start":{"line":25,"column":2},"end":{"line":25,"column":55}},"5":{"start":{"line":29,"column":2},"end":{"line":29,"column":60}},"6":{"start":{"line":30,"column":2},"end":{"line":30,"column":33}},"7":{"start":{"line":31,"column":2},"end":{"line":31,"column":39}},"8":{"start":{"line":35,"column":2},"end":{"line":43,"column":3}},"9":{"start":{"line":36,"column":3},"end":{"line":36,"column":12}},"10":{"start":{"line":38,"column":17},"end":{"line":41,"column":21}},"11":{"start":{"line":41,"column":14},"end":{"line":41,"column":20}},"12":{"start":{"line":42,"column":3},"end":{"line":42,"column":69}},"13":{"start":{"line":47,"column":31},"end":{"line":47,"column":104}},"14":{"start":{"line":47,"column":97},"end":{"line":47,"column":103}},"15":{"start":{"line":48,"column":2},"end":{"line":48,"column":81}},"16":{"start":{"line":52,"column":2},"end":{"line":52,"column":94}},"17":{"start":{"line":56,"column":2},"end":{"line":58,"column":4}},"18":{"start":{"line":57,"column":3},"end":{"line":57,"column":40}},"19":{"start":{"line":15,"column":16},"end":{"line":15,"column":67}}},"fnMap":{"0":{"name":"(anonymous_0)","decl":{"start":{"line":20,"column":1},"end":{"line":21,"column":9}},"loc":{"start":{"line":23,"column":58},"end":{"line":26,"column":2}}},"1":{"name":"(anonymous_1)","decl":{"start":{"line":28,"column":8},"end":{"line":28,"column":29}},"loc":{"start":{"line":28,"column":52},"end":{"line":32,"column":2}}},"2":{"name":"(anonymous_2)","decl":{"start":{"line":34,"column":9},"end":{"line":34,"column":25}},"loc":{"start":{"line":34,"column":48},"end":{"line":44,"column":2}}},"3":{"name":"(anonymous_3)","decl":{"start":{"line":41,"column":9},"end":{"line":41,"column":10}},"loc":{"start":{"line":41,"column":14},"end":{"line":41,"column":20}}},"4":{"name":"(anonymous_4)","decl":{"start":{"line":46,"column":9},"end":{"line":46,"column":38}},"loc":{"start":{"line":46,"column":39},"end":{"line":49,"column":2}}},"5":{"name":"(anonymous_5)","decl":{"start":{"line":47,"column":92},"end":{"line":47,"column":93}},"loc":{"start":{"line":47,"column":97},"end":{"line":47,"column":103}}},"6":{"name":"(anonymous_6)","decl":{"start":{"line":51,"column":9},"end":{"line":51,"column":32}},"loc":{"start":{"line":51,"column":33},"end":{"line":53,"column":2}}},"7":{"name":"(anonymous_7)","decl":{"start":{"line":55,"column":8},"end":{"line":55,"column":13}},"loc":{"start":{"line":55,"column":88},"end":{"line":59,"column":2}}},"8":{"name":"(anonymous_8)","decl":{"start":{"line":56,"column":63},"end":{"line":56,"column":64}},"loc":{"start":{"line":56,"column":79},"end":{"line":58,"column":3}}}},"branchMap":{"0":{"loc":{"start":{"line":35,"column":2},"end":{"line":43,"column":3}},"type":"if","locations":[{"start":{"line":35,"column":2},"end":{"line":43,"column":3}},{"start":{"line":35,"column":2},"end":{"line":43,"column":3}}]},"1":{"loc":{"start":{"line":47,"column":64},"end":{"line":47,"column":66}},"type":"cond-expr","locations":[{"start":{"line":47,"column":64},"end":{"line":47,"column":66}},{"start":{"line":47,"column":69},"end":{"line":47,"column":104}}]}},"s":{"0":13,"1":13,"2":13,"3":13,"4":13,"5":17,"6":17,"7":17,"8":17,"9":15,"10":2,"11":12,"12":2,"13":17,"14":2,"15":17,"16":17,"17":1,"18":0,"19":94},"f":{"0":13,"1":17,"2":17,"3":12,"4":17,"5":2,"6":17,"7":1,"8":0},"b":{"0":[15,2],"1":[15,2]}}
,"/home/travis/build/MaibornWolff/codecharta/visualization/app/codeCharta/state/state.module.ts": {"path":"/home/travis/build/MaibornWolff/codecharta/visualization/app/codeCharta/state/state.module.ts","statementMap":{"0":{"start":{"line":49,"column":0},"end":{"line":94,"column":57}}},"fnMap":{},"branchMap":{},"s":{"0":94},"f":{},"b":{}}
,"/home/travis/build/MaibornWolff/codecharta/visualization/app/codeCharta/state/store.service.ts": {"path":"/home/travis/build/MaibornWolff/codecharta/visualization/app/codeCharta/state/store.service.ts","statementMap":{"0":{"start":{"line":23,"column":21},"end":{"line":23,"column":50}},"1":{"start":{"line":24,"column":2},"end":{"line":24,"column":39}},"2":{"start":{"line":28,"column":2},"end":{"line":40,"column":3}},"3":{"start":{"line":39,"column":3},"end":{"line":39,"column":39}},"4":{"start":{"line":42,"column":2},"end":{"line":47,"column":4}},"5":{"start":{"line":43,"column":3},"end":{"line":43,"column":36}},"6":{"start":{"line":44,"column":3},"end":{"line":46,"column":4}},"7":{"start":{"line":45,"column":4},"end":{"line":45,"column":34}},"8":{"start":{"line":51,"column":2},"end":{"line":51,"column":30}},"9":{"start":{"line":55,"column":2},"end":{"line":55,"column":90}},"10":{"start":{"line":59,"column":2},"end":{"line":61,"column":4}},"11":{"start":{"line":60,"column":3},"end":{"line":60,"column":45}},"12":{"start":{"line":19,"column":16},"end":{"line":19,"column":53}}},"fnMap":{"0":{"name":"(anonymous_0)","decl":{"start":{"line":23,"column":1},"end":{"line":23,"column":20}},"loc":{"start":{"line":23,"column":50},"end":{"line":25,"column":2}}},"1":{"name":"(anonymous_1)","decl":{"start":{"line":27,"column":8},"end":{"line":27,"column":15}},"loc":{"start":{"line":27,"column":60},"end":{"line":48,"column":2}}},"2":{"name":"(anonymous_2)","decl":{"start":{"line":42,"column":36},"end":{"line":42,"column":47}},"loc":{"start":{"line":42,"column":51},"end":{"line":47,"column":3}}},"3":{"name":"(anonymous_3)","decl":{"start":{"line":50,"column":8},"end":{"line":50,"column":15}},"loc":{"start":{"line":50,"column":16},"end":{"line":52,"column":2}}},"4":{"name":"(anonymous_4)","decl":{"start":{"line":54,"column":9},"end":{"line":54,"column":14}},"loc":{"start":{"line":54,"column":34},"end":{"line":56,"column":2}}},"5":{"name":"(anonymous_5)","decl":{"start":{"line":58,"column":8},"end":{"line":58,"column":13}},"loc":{"start":{"line":58,"column":83},"end":{"line":62,"column":2}}},"6":{"name":"(anonymous_6)","decl":{"start":{"line":59,"column":51},"end":{"line":59,"column":52}},"loc":{"start":{"line":59,"column":67},"end":{"line":61,"column":3}}}},"branchMap":{"0":{"loc":{"start":{"line":27,"column":55},"end":{"line":27,"column":60}},"type":"default-arg","locations":[{"start":{"line":27,"column":55},"end":{"line":27,"column":60}}]},"1":{"loc":{"start":{"line":28,"column":2},"end":{"line":40,"column":3}},"type":"if","locations":[{"start":{"line":28,"column":2},"end":{"line":40,"column":3}},{"start":{"line":28,"column":2},"end":{"line":40,"column":3}}]},"2":{"loc":{"start":{"line":30,"column":4},"end":{"line":30,"column":52}},"type":"binary-expr","locations":[{"start":{"line":30,"column":4},"end":{"line":30,"column":52}},{"start":{"line":31,"column":4},"end":{"line":31,"column":53}},{"start":{"line":32,"column":4},"end":{"line":32,"column":61}},{"start":{"line":33,"column":4},"end":{"line":33,"column":55}},{"start":{"line":34,"column":4},"end":{"line":34,"column":53}},{"start":{"line":35,"column":4},"end":{"line":35,"column":65}},{"start":{"line":36,"column":4},"end":{"line":36,"column":12}}]},"3":{"loc":{"start":{"line":44,"column":3},"end":{"line":46,"column":4}},"type":"if","locations":[{"start":{"line":44,"column":3},"end":{"line":46,"column":4}},{"start":{"line":44,"column":3},"end":{"line":46,"column":4}}]}},"s":{"0":721,"1":721,"2":1514,"3":738,"4":1514,"5":2993,"6":2989,"7":2985,"8":3554,"9":2985,"10":457,"11":42531,"12":120},"f":{"0":721,"1":1514,"2":2993,"3":3554,"4":2985,"5":457,"6":42531},"b":{"0":[1510],"1":[738,776],"2":[1514,769,754,753,749,748,742],"3":[2985,4]}}
,"/home/travis/build/MaibornWolff/codecharta/visualization/app/codeCharta/state/store/state.actions.ts": {"path":"/home/travis/build/MaibornWolff/codecharta/visualization/app/codeCharta/state/store/state.actions.ts","statementMap":{"0":{"start":{"line":10,"column":0},"end":{"line":12,"column":1}},"1":{"start":{"line":11,"column":1},"end":{"line":11,"column":24}},"2":{"start":{"line":22,"column":1},"end":{"line":25,"column":2}},"3":{"start":{"line":28,"column":35},"end":{"line":35,"column":1}}},"fnMap":{"0":{"name":"(anonymous_0)","decl":{"start":{"line":10,"column":0},"end":{"line":10,"column":11}},"loc":{"start":{"line":10,"column":24},"end":{"line":12,"column":1}}},"1":{"name":"setState","decl":{"start":{"line":21,"column":16},"end":{"line":21,"column":24}},"loc":{"start":{"line":21,"column":70},"end":{"line":26,"column":1}}}},"branchMap":{"0":{"loc":{"start":{"line":10,"column":12},"end":{"line":10,"column":24}},"type":"binary-expr","locations":[{"start":{"line":10,"column":12},"end":{"line":10,"column":24}},{"start":{"line":10,"column":12},"end":{"line":10,"column":24}}]},"1":{"loc":{"start":{"line":21,"column":58},"end":{"line":21,"column":70}},"type":"default-arg","locations":[{"start":{"line":21,"column":58},"end":{"line":21,"column":70}}]}},"s":{"0":121,"1":121,"2":39,"3":121},"f":{"0":121,"1":39},"b":{"0":[121,121],"1":[1]}}
,"/home/travis/build/MaibornWolff/codecharta/visualization/app/codeCharta/state/store/state.reducer.ts": {"path":"/home/travis/build/MaibornWolff/codecharta/visualization/app/codeCharta/state/store/state.reducer.ts","statementMap":{"0":{"start":{"line":9,"column":20},"end":{"line":16,"column":2}}},"fnMap":{},"branchMap":{},"s":{"0":120},"f":{},"b":{}}
,"/home/travis/build/MaibornWolff/codecharta/visualization/app/codeCharta/state/store/state.splitter.ts": {"path":"/home/travis/build/MaibornWolff/codecharta/visualization/app/codeCharta/state/store/state.splitter.ts","statementMap":{"0":{"start":{"line":20,"column":1},"end":{"line":22,"column":2}},"1":{"start":{"line":21,"column":2},"end":{"line":21,"column":52}},"2":{"start":{"line":24,"column":1},"end":{"line":26,"column":2}},"3":{"start":{"line":25,"column":2},"end":{"line":25,"column":49}},"4":{"start":{"line":28,"column":1},"end":{"line":30,"column":2}},"5":{"start":{"line":29,"column":2},"end":{"line":29,"column":48}},"6":{"start":{"line":32,"column":1},"end":{"line":34,"column":2}},"7":{"start":{"line":33,"column":2},"end":{"line":33,"column":52}},"8":{"start":{"line":36,"column":1},"end":{"line":60,"column":2}},"9":{"start":{"line":37,"column":28},"end":{"line":37,"column":30}},"10":{"start":{"line":40,"column":2},"end":{"line":42,"column":3}},"11":{"start":{"line":41,"column":3},"end":{"line":41,"column":91}},"12":{"start":{"line":44,"column":2},"end":{"line":46,"column":3}},"13":{"start":{"line":45,"column":3},"end":{"line":45,"column":82}},"14":{"start":{"line":48,"column":2},"end":{"line":50,"column":3}},"15":{"start":{"line":49,"column":3},"end":{"line":49,"column":80}},"16":{"start":{"line":52,"column":2},"end":{"line":54,"column":3}},"17":{"start":{"line":53,"column":3},"end":{"line":53,"column":80}},"18":{"start":{"line":56,"column":2},"end":{"line":58,"column":3}},"19":{"start":{"line":57,"column":3},"end":{"line":57,"column":67}},"20":{"start":{"line":59,"column":2},"end":{"line":59,"column":16}},"21":{"start":{"line":61,"column":1},"end":{"line":61,"column":16}}},"fnMap":{"0":{"name":"splitStateActions","decl":{"start":{"line":18,"column":16},"end":{"line":18,"column":33}},"loc":{"start":{"line":18,"column":50},"end":{"line":62,"column":1}}}},"branchMap":{"0":{"loc":{"start":{"line":20,"column":1},"end":{"line":22,"column":2}},"type":"if","locations":[{"start":{"line":20,"column":1},"end":{"line":22,"column":2}},{"start":{"line":20,"column":1},"end":{"line":22,"column":2}}]},"1":{"loc":{"start":{"line":24,"column":1},"end":{"line":26,"column":2}},"type":"if","locations":[{"start":{"line":24,"column":1},"end":{"line":26,"column":2}},{"start":{"line":24,"column":1},"end":{"line":26,"column":2}}]},"2":{"loc":{"start":{"line":28,"column":1},"end":{"line":30,"column":2}},"type":"if","locations":[{"start":{"line":28,"column":1},"end":{"line":30,"column":2}},{"start":{"line":28,"column":1},"end":{"line":30,"column":2}}]},"3":{"loc":{"start":{"line":32,"column":1},"end":{"line":34,"column":2}},"type":"if","locations":[{"start":{"line":32,"column":1},"end":{"line":34,"column":2}},{"start":{"line":32,"column":1},"end":{"line":34,"column":2}}]},"4":{"loc":{"start":{"line":36,"column":1},"end":{"line":60,"column":2}},"type":"if","locations":[{"start":{"line":36,"column":1},"end":{"line":60,"column":2}},{"start":{"line":36,"column":1},"end":{"line":60,"column":2}}]},"5":{"loc":{"start":{"line":40,"column":2},"end":{"line":42,"column":3}},"type":"if","locations":[{"start":{"line":40,"column":2},"end":{"line":42,"column":3}},{"start":{"line":40,"column":2},"end":{"line":42,"column":3}}]},"6":{"loc":{"start":{"line":44,"column":2},"end":{"line":46,"column":3}},"type":"if","locations":[{"start":{"line":44,"column":2},"end":{"line":46,"column":3}},{"start":{"line":44,"column":2},"end":{"line":46,"column":3}}]},"7":{"loc":{"start":{"line":48,"column":2},"end":{"line":50,"column":3}},"type":"if","locations":[{"start":{"line":48,"column":2},"end":{"line":50,"column":3}},{"start":{"line":48,"column":2},"end":{"line":50,"column":3}}]},"8":{"loc":{"start":{"line":52,"column":2},"end":{"line":54,"column":3}},"type":"if","locations":[{"start":{"line":52,"column":2},"end":{"line":54,"column":3}},{"start":{"line":52,"column":2},"end":{"line":54,"column":3}}]},"9":{"loc":{"start":{"line":56,"column":2},"end":{"line":58,"column":3}},"type":"if","locations":[{"start":{"line":56,"column":2},"end":{"line":58,"column":3}},{"start":{"line":56,"column":2},"end":{"line":58,"column":3}}]}},"s":{"0":1520,"1":14,"2":1506,"3":1,"4":1505,"5":15,"6":1490,"7":0,"8":1490,"9":36,"10":36,"11":33,"12":36,"13":30,"14":36,"15":33,"16":36,"17":29,"18":36,"19":29,"20":36,"21":1454},"f":{"0":1520},"b":{"0":[14,1506],"1":[1,1505],"2":[15,1490],"3":[0,1490],"4":[36,1454],"5":[33,3],"6":[30,6],"7":[33,3],"8":[29,7],"9":[29,7]}}
,"/home/travis/build/MaibornWolff/codecharta/visualization/app/codeCharta/state/store/appSettings/appSettings.actions.ts": {"path":"/home/travis/build/MaibornWolff/codecharta/visualization/app/codeCharta/state/store/appSettings/appSettings.actions.ts","statementMap":{"0":{"start":{"line":26,"column":0},"end":{"line":28,"column":1}},"1":{"start":{"line":27,"column":1},"end":{"line":27,"column":38}},"2":{"start":{"line":38,"column":1},"end":{"line":41,"column":2}},"3":{"start":{"line":44,"column":47},"end":{"line":67,"column":1}}},"fnMap":{"0":{"name":"(anonymous_0)","decl":{"start":{"line":26,"column":0},"end":{"line":26,"column":11}},"loc":{"start":{"line":26,"column":30},"end":{"line":28,"column":1}}},"1":{"name":"setAppSettings","decl":{"start":{"line":37,"column":16},"end":{"line":37,"column":30}},"loc":{"start":{"line":37,"column":94},"end":{"line":42,"column":1}}}},"branchMap":{"0":{"loc":{"start":{"line":26,"column":12},"end":{"line":26,"column":30}},"type":"binary-expr","locations":[{"start":{"line":26,"column":12},"end":{"line":26,"column":30}},{"start":{"line":26,"column":12},"end":{"line":26,"column":30}}]},"1":{"loc":{"start":{"line":37,"column":76},"end":{"line":37,"column":94}},"type":"default-arg","locations":[{"start":{"line":37,"column":76},"end":{"line":37,"column":94}}]}},"s":{"0":121,"1":121,"2":17,"3":121},"f":{"0":121,"1":17},"b":{"0":[121,121],"1":[16]}}
,"/home/travis/build/MaibornWolff/codecharta/visualization/app/codeCharta/state/store/appSettings/appSettings.reducer.ts": {"path":"/home/travis/build/MaibornWolff/codecharta/visualization/app/codeCharta/state/store/appSettings/appSettings.reducer.ts","statementMap":{"0":{"start":{"line":25,"column":20},"end":{"line":48,"column":2}}},"fnMap":{},"branchMap":{},"s":{"0":120},"f":{},"b":{}}
,"/home/travis/build/MaibornWolff/codecharta/visualization/app/codeCharta/state/store/appSettings/appSettings.splitter.ts": {"path":"/home/travis/build/MaibornWolff/codecharta/visualization/app/codeCharta/state/store/appSettings/appSettings.splitter.ts","statementMap":{"0":{"start":{"line":27,"column":29},"end":{"line":27,"column":31}},"1":{"start":{"line":30,"column":1},"end":{"line":32,"column":2}},"2":{"start":{"line":31,"column":2},"end":{"line":31,"column":87}},"3":{"start":{"line":34,"column":1},"end":{"line":36,"column":2}},"4":{"start":{"line":35,"column":2},"end":{"line":35,"column":79}},"5":{"start":{"line":38,"column":1},"end":{"line":40,"column":2}},"6":{"start":{"line":39,"column":2},"end":{"line":39,"column":67}},"7":{"start":{"line":42,"column":1},"end":{"line":44,"column":2}},"8":{"start":{"line":43,"column":2},"end":{"line":43,"column":63}},"9":{"start":{"line":46,"column":1},"end":{"line":48,"column":2}},"10":{"start":{"line":47,"column":2},"end":{"line":47,"column":61}},"11":{"start":{"line":50,"column":1},"end":{"line":52,"column":2}},"12":{"start":{"line":51,"column":2},"end":{"line":51,"column":68}},"13":{"start":{"line":54,"column":1},"end":{"line":56,"column":2}},"14":{"start":{"line":55,"column":2},"end":{"line":55,"column":93}},"15":{"start":{"line":58,"column":1},"end":{"line":60,"column":2}},"16":{"start":{"line":59,"column":2},"end":{"line":59,"column":89}},"17":{"start":{"line":62,"column":1},"end":{"line":64,"column":2}},"18":{"start":{"line":63,"column":2},"end":{"line":63,"column":75}},"19":{"start":{"line":66,"column":1},"end":{"line":68,"column":2}},"20":{"start":{"line":67,"column":2},"end":{"line":67,"column":71}},"21":{"start":{"line":70,"column":1},"end":{"line":72,"column":2}},"22":{"start":{"line":71,"column":2},"end":{"line":71,"column":63}},"23":{"start":{"line":74,"column":1},"end":{"line":76,"column":2}},"24":{"start":{"line":75,"column":2},"end":{"line":75,"column":61}},"25":{"start":{"line":78,"column":1},"end":{"line":80,"column":2}},"26":{"start":{"line":79,"column":2},"end":{"line":79,"column":71}},"27":{"start":{"line":82,"column":1},"end":{"line":84,"column":2}},"28":{"start":{"line":83,"column":2},"end":{"line":83,"column":69}},"29":{"start":{"line":86,"column":1},"end":{"line":88,"column":2}},"30":{"start":{"line":87,"column":2},"end"
[...]
,"column":4},"end":{"line":77,"column":27}},"type":"binary-expr","locations":[{"start":{"line":77,"column":4},"end":{"line":77,"column":27}},{"start":{"line":77,"column":31},"end":{"line":77,"column":86}}]},"9":{"loc":{"start":{"line":93,"column":2},"end":{"line":95,"column":3}},"type":"if","locations":[{"start":{"line":93,"column":2},"end":{"line":95,"column":3}},{"start":{"line":93,"column":2},"end":{"line":95,"column":3}}]},"10":{"loc":{"start":{"line":96,"column":2},"end":{"line":98,"column":3}},"type":"if","locations":[{"start":{"line":96,"column":2},"end":{"line":98,"column":3}},{"start":{"line":96,"column":2},"end":{"line":98,"column":3}}]},"11":{"loc":{"start":{"line":96,"column":6},"end":{"line":96,"column":28}},"type":"binary-expr","locations":[{"start":{"line":96,"column":6},"end":{"line":96,"column":28}},{"start":{"line":96,"column":33},"end":{"line":96,"column":43}},{"start":{"line":96,"column":47},"end":{"line":96,"column":78}},{"start":{"line":96,"column":82},"end":{"line":96,"column":91}}]},"12":{"loc":{"start":{"line":103,"column":2},"end":{"line":107,"column":3}},"type":"if","locations":[{"start":{"line":103,"column":2},"end":{"line":107,"column":3}},{"start":{"line":103,"column":2},"end":{"line":107,"column":3}}]},"13":{"loc":{"start":{"line":111,"column":2},"end":{"line":115,"column":3}},"type":"if","locations":[{"start":{"line":111,"column":2},"end":{"line":115,"column":3}},{"start":{"line":111,"column":2},"end":{"line":115,"column":3}}]},"14":{"loc":{"start":{"line":120,"column":2},"end":{"line":126,"column":3}},"type":"if","locations":[{"start":{"line":120,"column":2},"end":{"line":126,"column":3}},{"start":{"line":120,"column":2},"end":{"line":126,"column":3}}]},"15":{"loc":{"start":{"line":121,"column":3},"end":{"line":121,"column":43}},"type":"binary-expr","locations":[{"start":{"line":121,"column":3},"end":{"line":121,"column":43}},{"start":{"line":122,"column":3},"end":{"line":122,"column":23}},{"start":{"line":123,"column":3},"end":{"line":123,"column":63}}]},"16":{"loc":{"start":{"line":128,"column":2},"end":{"line":130,"column":3}},"type":"if","locations":[{"start":{"line":128,"column":2},"end":{"line":130,"column":3}},{"start":{"line":128,"column":2},"end":{"line":130,"column":3}}]},"17":{"loc":{"start":{"line":128,"column":6},"end":{"line":128,"column":41}},"type":"binary-expr","locations":[{"start":{"line":128,"column":6},"end":{"line":128,"column":41}},{"start":{"line":128,"column":45},"end":{"line":128,"column":76}},{"start":{"line":128,"column":80},"end":{"line":128,"column":122}}]},"18":{"loc":{"start":{"line":129,"column":63},"end":{"line":129,"column":67}},"type":"cond-expr","locations":[{"start":{"line":129,"column":63},"end":{"line":129,"column":67}},{"start":{"line":129,"column":70},"end":{"line":129,"column":108}}]},"19":{"loc":{"start":{"line":132,"column":14},"end":{"line":132,"column":42}},"type":"binary-expr","locations":[{"start":{"line":132,"column":14},"end":{"line":132,"column":42}},{"start":{"line":132,"column":46},"end":{"line":132,"column":55}}]},"20":{"loc":{"start":{"line":138,"column":3},"end":{"line":138,"column":78}},"type":"binary-expr","locations":[{"start":{"line":138,"column":3},"end":{"line":138,"column":78}},{"start":{"line":139,"column":3},"end":{"line":140,"column":16}}]},"21":{"loc":{"start":{"line":139,"column":39},"end":{"line":139,"column":82}},"type":"binary-expr","locations":[{"start":{"line":139,"column":39},"end":{"line":139,"column":82}},{"start":{"line":139,"column":86},"end":{"line":139,"column":127}}]},"22":{"loc":{"start":{"line":149,"column":61},"end":{"line":149,"column":94}},"type":"cond-expr","locations":[{"start":{"line":149,"column":61},"end":{"line":149,"column":94}},{"start":{"line":149,"column":97},"end":{"line":149,"column":129}}]},"23":{"loc":{"start":{"line":150,"column":2},"end":{"line":166,"column":3}},"type":"if","locations":[{"start":{"line":150,"column":2},"end":{"line":166,"column":3}},{"start":{"line":150,"column":2},"end":{"line":166,"column":3}}]},"24":{"loc":{"start":{"line":155,"column":3},"end":{"line":165,"column":4}},"type":"if","locations":[{"start":{"line":155,"column":3},"end":{"line":165,"column":4}},{"start":{"line":155,"column":3},"end":{"line":165,"column":4}}]},"25":{"loc":{"start":{"line":157,"column":10},"end":{"line":165,"column":4}},"type":"if","locations":[{"start":{"line":157,"column":10},"end":{"line":165,"column":4}},{"start":{"line":157,"column":10},"end":{"line":165,"column":4}}]},"26":{"loc":{"start":{"line":159,"column":10},"end":{"line":165,"column":4}},"type":"if","locations":[{"start":{"line":159,"column":10},"end":{"line":165,"column":4}},{"start":{"line":159,"column":10},"end":{"line":165,"column":4}}]},"27":{"loc":{"start":{"line":160,"column":44},"end":{"line":160,"column":76}},"type":"cond-expr","locations":[{"start":{"line":160,"column":44},"end":{"line":160,"column":76}},{"start":{"line":160,"column":79},"end":{"line":160,"column":95}}]},"28":{"loc":{"start":{"line":161,"column":10},"end":{"line":165,"column":4}},"type":"if","locations":[{"start":{"line":161,"column":10},"end":{"line":165,"column":4}},{"start":{"line":161,"column":10},"end":{"line":165,"column":4}}]},"29":{"loc":{"start":{"line":162,"column":44},"end":{"line":162,"column":60}},"type":"cond-expr","locations":[{"start":{"line":162,"column":44},"end":{"line":162,"column":60}},{"start":{"line":162,"column":63},"end":{"line":162,"column":95}}]}},"s":{"0":9,"1":9,"2":4,"3":5,"4":9,"5":1,"6":1,"7":1,"8":1,"9":46,"10":46,"11":0,"12":46,"13":37,"14":9,"15":46,"16":46,"17":46,"18":46,"19":46,"20":46,"21":46,"22":46,"23":46,"24":46,"25":46,"26":46,"27":46,"28":1,"29":46,"30":1,"31":46,"32":46,"33":18,"34":28,"35":46,"36":18,"37":28,"38":54,"39":54,"40":7,"41":1,"42":54,"43":2,"44":54,"45":54,"46":1,"47":1,"48":2,"49":55,"50":55,"51":0,"52":55,"53":55,"54":31,"55":24,"56":1,"57":23,"58":14,"59":9,"60":8,"61":1,"62":96,"63":96,"64":96},"f":{"0":9,"1":1,"2":1,"3":46,"4":46,"5":46,"6":46,"7":46,"8":54,"9":7,"10":1,"11":1,"12":2,"13":55},"b":{"0":[4,5],"1":[9,4],"2":[46,27],"3":[0,46],"4":[37,9],"5":[46,11],"6":[35,11],"7":[3,43],"8":[46,5],"9":[1,45],"10":[1,45],"11":[46,45,34,34],"12":[18,28],"13":[18,28],"14":[1,53],"15":[54,7,7],"16":[2,52],"17":[54,54,2],"18":[0,2],"19":[54,53],"20":[1,1],"21":[1,1],"22":[48,7],"23":[0,55],"24":[31,24],"25":[1,23],"26":[14,9],"27":[1,13],"28":[8,1],"29":[2,6]}}
,"/home/travis/build/MaibornWolff/codecharta/visualization/app/codeCharta/util/urlExtractor.ts": {"path":"/home/travis/build/MaibornWolff/codecharta/visualization/app/codeCharta/util/urlExtractor.ts","statementMap":{"0":{"start":{"line":8,"column":21},"end":{"line":8,"column":48}},"1":{"start":{"line":8,"column":58},"end":{"line":8,"column":77}},"2":{"start":{"line":11,"column":24},"end":{"line":11,"column":54}},"3":{"start":{"line":12,"column":14},"end":{"line":12,"column":70}},"4":{"start":{"line":13,"column":13},"end":{"line":13,"column":48}},"5":{"start":{"line":15,"column":2},"end":{"line":17,"column":3}},"6":{"start":{"line":16,"column":3},"end":{"line":16,"column":14}},"7":{"start":{"line":18,"column":2},"end":{"line":20,"column":3}},"8":{"start":{"line":19,"column":3},"end":{"line":19,"column":12}},"9":{"start":{"line":21,"column":2},"end":{"line":21,"column":59}},"10":{"start":{"line":25,"column":18},"end":{"line":25,"column":46}},"11":{"start":{"line":27,"column":2},"end":{"line":29,"column":3}},"12":{"start":{"line":28,"column":3},"end":{"line":28,"column":17}},"13":{"start":{"line":31,"column":2},"end":{"line":33,"column":3}},"14":{"start":{"line":32,"column":3},"end":{"line":32,"column":26}},"15":{"start":{"line":35,"column":25},"end":{"line":35,"column":27}},"16":{"start":{"line":37,"column":2},"end":{"line":43,"column":4}},"17":{"start":{"line":38,"column":3},"end":{"line":42,"column":4}},"18":{"start":{"line":40,"column":5},"end":{"line":40,"column":61}},"19":{"start":{"line":45,"column":2},"end":{"line":45,"column":38}},"20":{"start":{"line":49,"column":2},"end":{"line":62,"column":4}},"21":{"start":{"line":50,"column":3},"end":{"line":61,"column":4}},"22":{"start":{"line":51,"column":4},"end":{"line":58,"column":14}},"23":{"start":{"line":52,"column":5},"end":{"line":57,"column":6}},"24":{"start":{"line":53,"column":6},"end":{"line":53,"column":54}},"25":{"start":{"line":54,"column":6},"end":{"line":54,"column":57}},"26":{"start":{"line":56,"column":6},"end":{"line":56,"column":14}},"27":{"start":{"line":60,"column":4},"end":{"line":60,"column":12}},"28":{"start":{"line":6,"column":16},"end":{"line":6,"column":29}}},"fnMap":{"0":{"name":"(anonymous_0)","decl":{"start":{"line":8,"column":1},"end":{"line":8,"column":20}},"loc":{"start":{"line":8,"column":77},"end":{"line":8,"column":81}}},"1":{"name":"(anonymous_1)","decl":{"start":{"line":10,"column":8},"end":{"line":10,"column":25}},"loc":{"start":{"line":10,"column":39},"end":{"line":22,"column":2}}},"2":{"name":"(anonymous_2)","decl":{"start":{"line":24,"column":8},"end":{"line":24,"column":32}},"loc":{"start":{"line":24,"column":33},"end":{"line":46,"column":2}}},"3":{"name":"(anonymous_3)","decl":{"start":{"line":37,"column":20},"end":{"line":37,"column":27}},"loc":{"start":{"line":37,"column":31},"end":{"line":43,"column":3}}},"4":{"name":"(anonymous_4)","decl":{"start":{"line":39,"column":16},"end":{"line":39,"column":17}},"loc":{"start":{"line":39,"column":36},"end":{"line":41,"column":5}}},"5":{"name":"(anonymous_5)","decl":{"start":{"line":48,"column":8},"end":{"line":48,"column":26}},"loc":{"start":{"line":48,"column":40},"end":{"line":63,"column":2}}},"6":{"name":"(anonymous_6)","decl":{"start":{"line":49,"column":21},"end":{"line":49,"column":22}},"loc":{"start":{"line":49,"column":41},"end":{"line":62,"column":3}}},"7":{"name":"(anonymous_7)","decl":{"start":{"line":51,"column":30},"end":{"line":51,"column":31}},"loc":{"start":{"line":51,"column":66},"end":{"line":58,"column":5}}}},"branchMap":{"0":{"loc":{"start":{"line":15,"column":2},"end":{"line":17,"column":3}},"type":"if","locations":[{"start":{"line":15,"column":2},"end":{"line":17,"column":3}},{"start":{"line":15,"column":2},"end":{"line":17,"column":3}}]},"1":{"loc":{"start":{"line":18,"column":2},"end":{"line":20,"column":3}},"type":"if","locations":[{"start":{"line":18,"column":2},"end":{"line":20,"column":3}},{"start":{"line":18,"column":2},"end":{"line":20,"column":3}}]},"2":{"loc":{"start":{"line":27,"column":2},"end":{"line":29,"column":3}},"type":"if","locations":[{"start":{"line":27,"column":2},"end":{"line":29,"column":3}},{"start":{"line":27,"column":2},"end":{"line":29,"column":3}}]},"3":{"loc":{"start":{"line":31,"column":2},"end":{"line":33,"column":3}},"type":"if","locations":[{"start":{"line":31,"column":2},"end":{"line":33,"column":3}},{"start":{"line":31,"column":2},"end":{"line":33,"column":3}}]},"4":{"loc":{"start":{"line":50,"column":3},"end":{"line":61,"column":4}},"type":"if","locations":[{"start":{"line":50,"column":3},"end":{"line":61,"column":4}},{"start":{"line":50,"column":3},"end":{"line":61,"column":4}}]},"5":{"loc":{"start":{"line":50,"column":7},"end":{"line":50,"column":11}},"type":"binary-expr","locations":[{"start":{"line":50,"column":7},"end":{"line":50,"column":11}},{"start":{"line":50,"column":15},"end":{"line":50,"column":30}}]},"6":{"loc":{"start":{"line":52,"column":5},"end":{"line":57,"column":6}},"type":"if","locations":[{"start":{"line":52,"column":5},"end":{"line":57,"column":6}},{"start":{"line":52,"column":5},"end":{"line":57,"column":6}}]}},"s":{"0":20,"1":20,"2":4,"3":4,"4":4,"5":4,"6":2,"7":2,"8":0,"9":2,"10":14,"11":14,"12":11,"13":14,"14":1,"15":14,"16":14,"17":5,"18":5,"19":14,"20":4,"21":4,"22":2,"23":2,"24":1,"25":1,"26":1,"27":2,"28":95},"f":{"0":20,"1":4,"2":14,"3":5,"4":5,"5":4,"6":4,"7":2},"b":{"0":[2,2],"1":[0,2],"2":[11,3],"3":[1,13],"4":[2,2],"5":[4,2],"6":[1,1]}}
,"/home/travis/build/MaibornWolff/codecharta/visualization/app/codeCharta/util/color/colorConverter.ts": {"path":"/home/travis/build/MaibornWolff/codecharta/visualization/app/codeCharta/util/color/colorConverter.ts","statementMap":{"0":{"start":{"line":7,"column":2},"end":{"line":7,"column":39}},"1":{"start":{"line":11,"column":19},"end":{"line":11,"column":43}},"2":{"start":{"line":12,"column":22},"end":{"line":12,"column":53}},"3":{"start":{"line":13,"column":2},"end":{"line":13,"column":31}},"4":{"start":{"line":17,"column":29},"end":{"line":17,"column":48}},"5":{"start":{"line":18,"column":2},"end":{"line":18,"column":59}},"6":{"start":{"line":22,"column":29},"end":{"line":22,"column":48}},"7":{"start":{"line":23,"column":2},"end":{"line":23,"column":31}},"8":{"start":{"line":27,"column":2},"end":{"line":34,"column":3}},"9":{"start":{"line":38,"column":14},"end":{"line":38,"column":34}},"10":{"start":{"line":39,"column":2},"end":{"line":39,"column":40}},"11":{"start":{"line":43,"column":25},"end":{"line":43,"column":65}},"12":{"start":{"line":44,"column":2},"end":{"line":44,"column":134}},"13":{"start":{"line":48,"column":12},"end":{"line":48,"column":38}},"14":{"start":{"line":49,"column":12},"end":{"line":49,"column":38}},"15":{"start":{"line":50,"column":12},"end":{"line":50,"column":38}},"16":{"start":{"line":52,"column":2},"end":{"line":52,"column":27}},"17":{"start":{"line":56,"column":21},"end":{"line":56,"column":61}},"18":{"start":{"line":57,"column":19},"end":{"line":57,"column":57}},"19":{"start":{"line":58,"column":20},"end":{"line":58,"column":34}},"20":{"start":{"line":59,"column":19},"end":{"line":59,"column":21}},"21":{"start":{"line":61,"column":2},"end":{"line":65,"column":3}},"22":{"start":{"line":62,"column":18},"end":{"line":62,"column":62}},"23":{"start":{"line":63,"column":14},"end":{"line":63,"column":41}},"24":{"start":{"line":64,"column":3},"end":{"line":64,"column":47}},"25":{"start":{"line":66,"column":2},"end":{"line":66,"column":19}},"26":{"start":{"line":70,"column":27},"end":{"line":70,"column":46}},"27":{"start":{"line":71,"column":32},"end":{"line":71,"column":85}},"28":{"start":{"line":72,"column":2},"end":{"line":72,"column":44}},"29":{"start":{"line":76,"column":13},"end":{"line":76,"column":30}},"30":{"start":{"line":77,"column":2},"end":{"line":79,"column":3}},"31":{"start":{"line":78,"column":3},"end":{"line":78,"column":67}},"32":{"start":{"line":80,"column":2},"end":{"line":80,"column":108}},"33":{"start":{"line":84,"column":2},"end":{"line":84,"column":70}},"34":{"start":{"line":88,"column":15},"end":{"line":88,"column":82}},"35":{"start":{"line":89,"column":13},"end":{"line":89,"column":20}},"36":{"start":{"line":90,"column":13},"end":{"line":90,"column":40}},"37":{"start":{"line":91,"column":13},"end":{"line":91,"column":41}},"38":{"start":{"line":92,"column":13},"end":{"line":92,"column":20}},"39":{"start":{"line":93,"column":2},"end":{"line":93,"column":94}},"40":{"start":{"line":97,"column":2},"end":{"line":97,"column":98}}},"fnMap":{"0":{"name":"(anonymous_0)","decl":{"start":{"line":6,"column":8},"end":{"line":6,"column":13}},"loc":{"start":{"line":6,"column":45},"end":{"line":8,"column":2}}},"1":{"name":"(anonymous_1)","decl":{"start":{"line":10,"column":8},"end":{"line":10,"column":13}},"loc":{"start":{"line":10,"column":53},"end":{"line":14,"column":2}}},"2":{"name":"(anonymous_2)","decl":{"start":{"line":16,"column":8},"end":{"line":16,"column":13}},"loc":{"start":{"line":16,"column":64},"end":{"line":19,"column":2}}},"3":{"name":"(anonymous_3)","decl":{"start":{"line":21,"column":8},"end":{"line":21,"column":13}},"loc":{"start":{"line":21,"column":50},"end":{"line":24,"column":2}}},"4":{"name":"(anonymous_4)","decl":{"start":{"line":26,"column":8},"end":{"line":26,"column":13}},"loc":{"start":{"line":26,"column":51},"end":{"line":35,"column":2}}},"5":{"name":"(anonymous_5)","decl":{"start":{"line":37,"column":8},"end":{"line":37,"column":13}},"loc":{"start":{"line":37,"column":35},"end":{"line":40,"column":2}}},"6":{"name":"(anonymous_6)","decl":{"start":{"line":42,"column":8},"end":{"line":42,"column":13}},"loc":{"start":{"line":42,"column":43},"end":{"line":45,"column":2}}},"7":{"name":"(anonymous_7)","decl":{"start":{"line":47,"column":8},"end":{"line":47,"column":13}},"loc":{"start":{"line":47,"column":43},"end":{"line":53,"column":2}}},"8":{"name":"(anonymous_8)","decl":{"start":{"line":55,"column":8},"end":{"line":55,"column":13}},"loc":{"start":{"line":55,"column":75},"end":{"line":67,"column":2}}},"9":{"name":"(anonymous_9)","decl":{"start":{"line":69,"column":8},"end":{"line":69,"column":13}},"loc":{"start":{"line":69,"column":42},"end":{"line":73,"column":2}}},"10":{"name":"(anonymous_10)","decl":{"start":{"line":75,"column":9},"end":{"line":75,"column":14}},"loc":{"start":{"line":75,"column":35},"end":{"line":81,"column":2}}},"11":{"name":"(anonymous_11)","decl":{"start":{"line":83,"column":9},"end":{"line":83,"column":14}},"loc":{"start":{"line":83,"column":57},"end":{"line":85,"column":2}}},"12":{"name":"(anonymous_12)","decl":{"start":{"line":87,"column":9},"end":{"line":87,"column":14}},"loc":{"start":{"line":87,"column":64},"end":{"line":94,"column":2}}},"13":{"name":"(anonymous_13)","decl":{"start":{"line":96,"column":9},"end":{"line":96,"column":14}},"loc":{"start":{"line":96,"column":43},"end":{"line":98,"column":2}}}},"branchMap":{"0":{"loc":{"start":{"line":16,"column":63},"end":{"line":16,"column":64}},"type":"default-arg","locations":[{"start":{"line":16,"column":63},"end":{"line":16,"column":64}}]},"1":{"loc":{"start":{"line":77,"column":2},"end":{"line":79,"column":3}},"type":"if","locations":[{"start":{"line":77,"column":2},"end":{"line":79,"column":3}},{"start":{"line":77,"column":2},"end":{"line":79,"column":3}}]}},"s":{"0":374,"1":2,"2":2,"3":2,"4":8,"5":8,"6":14,"7":14,"8":35,"9":6,"10":6,"11":371,"12":371,"13":1,"14":1,"15":1,"16":1,"17":7,"18":7,"19":7,"20":7,"21":7,"22":35,"23":35,"24":35,"25":7,"26":35,"27":35,"28":35,"29":57,"30":57,"31":2,"32":57,"33":35,"34":70,"35":70,"36":70,"37":70,"38":70,"39":70,"40":35},"f":{"0":374,"1":2,"2":8,"3":14,"4":35,"5":6,"6":371,"7":1,"8":7,"9":35,"10":57,"11":35,"12":70,"13":35},"b":{"0":[7],"1":[2,55]}}
,"/home/travis/build/MaibornWolff/codecharta/visualization/app/codeCharta/util/color/hsl.ts": {"path":"/home/travis/build/MaibornWolff/codecharta/visualization/app/codeCharta/util/color/hsl.ts","statementMap":{"0":{"start":{"line":4,"column":21},"end":{"line":4,"column":30}},"1":{"start":{"line":4,"column":40},"end":{"line":4,"column":49}},"2":{"start":{"line":4,"column":59},"end":{"line":4,"column":68}},"3":{"start":{"line":7,"column":2},"end":{"line":7,"column":56}},"4":{"start":{"line":11,"column":2},"end":{"line":11,"column":17}},"5":{"start":{"line":15,"column":2},"end":{"line":15,"column":15}},"6":{"start":{"line":19,"column":2},"end":{"line":19,"column":16}},"7":{"start":{"line":23,"column":2},"end":{"line":23,"column":49}}},"fnMap":{"0":{"name":"(anonymous_0)","decl":{"start":{"line":4,"column":1},"end":{"line":4,"column":20}},"loc":{"start":{"line":4,"column":68},"end":{"line":4,"column":72}}},"1":{"name":"(anonymous_1)","decl":{"start":{"line":6,"column":8},"end":{"line":6,"column":12}},"loc":{"start":{"line":6,"column":13},"end":{"line":8,"column":2}}},"2":{"name":"(anonymous_2)","decl":{"start":{"line":10,"column":8},"end":{"line":10,"column":24}},"loc":{"start":{"line":10,"column":39},"end":{"line":12,"column":2}}},"3":{"name":"(anonymous_3)","decl":{"start":{"line":14,"column":8},"end":{"line":14,"column":19}},"loc":{"start":{"line":14,"column":20},"end":{"line":16,"column":2}}},"4":{"name":"(anonymous_4)","decl":{"start":{"line":18,"column":8},"end":{"line":18,"column":19}},"loc":{"start":{"line":18,"column":34},"end":{"line":20,"column":2}}},"5":{"name":"(anonymous_5)","decl":{"start":{"line":22,"column":8},"end":{"line":22,"column":15}},"loc":{"start":{"line":22,"column":16},"end":{"line":24,"column":2}}}},"branchMap":{},"s":{"0":12,"1":12,"2":12,"3":7,"4":7,"5":8,"6":6,"7":2},"f":{"0":12,"1":7,"2":7,"3":8,"4":6,"5":2},"b":{}}
}
