TN:
SF:/home/travis/build/MaibornWolff/codecharta/visualization/app/app.ts
FN:16,(anonymous_1)
FN:24,(anonymous_2)
FN:31,(anonymous_3)
FN:36,(anonymous_4)
FNF:4
FNH:0
FNDA:0,(anonymous_1)
FNDA:0,(anonymous_2)
FNDA:0,(anonymous_3)
FNDA:0,(anonymous_4)
DA:2,0
DA:3,0
DA:4,0
DA:5,0
DA:6,0
DA:7,0
DA:10,0
DA:12,0
DA:17,0
DA:18,0
DA:25,0
DA:32,0
DA:37,0
DA:38,0
LF:14
LH:0
BRF:0
BRH:0
end_of_record
TN:
SF:/home/travis/build/MaibornWolff/codecharta/visualization/app/codeCharta/codeCharta.component.ts
FN:26,(anonymous_0)
FN:41,(anonymous_1)
FN:44,(anonymous_2)
FN:52,(anonymous_3)
FN:57,(anonymous_4)
FN:69,(anonymous_5)
FN:74,(anonymous_6)
FN:77,(anonymous_7)
FN:84,(anonymous_8)
FN:97,(anonymous_9)
FNF:10
FNH:8
FNDA:10,(anonymous_0)
FNDA:13,(anonymous_1)
FNDA:13,(anonymous_2)
FNDA:1,(anonymous_3)
FNDA:13,(anonymous_4)
FNDA:15,(anonymous_5)
FNDA:15,(anonymous_6)
FNDA:0,(anonymous_7)
FNDA:2,(anonymous_8)
FNDA:0,(anonymous_9)
DA:17,10
DA:27,10
DA:28,10
DA:29,10
DA:30,10
DA:31,10
DA:33,10
DA:35,10
DA:36,10
DA:37,10
DA:38,10
DA:42,13
DA:45,13
DA:46,2
DA:47,2
DA:49,11
DA:53,1
DA:58,13
DA:59,11
DA:63,13
DA:70,15
DA:72,15
DA:75,15
DA:78,0
DA:79,0
DA:80,0
DA:85,2
DA:86,2
DA:88,2
DA:89,0
DA:90,2
DA:91,0
DA:93,2
DA:98,0
DA:102,94
LF:35
LH:29
BRDA:45,0,0,2
BRDA:45,0,1,11
BRDA:58,1,0,11
BRDA:58,1,1,2
BRDA:88,2,0,0
BRDA:88,2,1,2
BRDA:88,3,0,2
BRDA:88,3,1,0
BRDA:90,4,0,0
BRDA:90,4,1,2
BRF:10
BRH:7
end_of_record
TN:
SF:/home/travis/build/MaibornWolff/codecharta/visualization/app/codeCharta/codeCharta.model.ts
FN:15,(anonymous_0)
FN:23,(anonymous_1)
FN:65,(anonymous_2)
FN:70,(anonymous_3)
FN:164,(anonymous_4)
FN:176,(anonymous_5)
FN:193,(anonymous_6)
FNF:7
FNH:7
FNDA:125,(anonymous_0)
FNDA:125,(anonymous_1)
FNDA:125,(anonymous_2)
FNDA:125,(anonymous_3)
FNDA:125,(anonymous_4)
FNDA:125,(anonymous_5)
FNDA:125,(anonymous_6)
DA:15,125
DA:16,125
DA:17,125
DA:18,125
DA:19,125
DA:20,125
DA:23,125
DA:24,125
DA:25,125
DA:26,125
DA:27,125
DA:65,125
DA:66,125
DA:67,125
DA:70,125
DA:71,125
DA:72,125
DA:164,125
DA:165,125
DA:166,125
DA:176,125
DA:177,125
DA:178,125
DA:179,125
DA:180,125
DA:193,125
DA:194,125
DA:195,125
LF:28
LH:28
BRDA:15,0,0,125
BRDA:15,0,1,125
BRDA:23,1,0,125
BRDA:23,1,1,125
BRDA:65,2,0,125
BRDA:65,2,1,125
BRDA:70,3,0,125
BRDA:70,3,1,125
BRDA:164,4,0,125
BRDA:164,4,1,125
BRDA:176,5,0,125
BRDA:176,5,1,125
BRDA:193,6,0,125
BRDA:193,6,1,125
BRF:14
BRH:14
end_of_record
TN:
SF:/home/travis/build/MaibornWolff/codecharta/visualization/app/codeCharta/codeCharta.module.ts
FNF:0
FNH:0
DA:12,94
DA:14,94
LF:2
LH:2
BRF:0
BRH:0
end_of_record
TN:
SF:/home/travis/build/MaibornWolff/codecharta/visualization/app/codeCharta/codeCharta.service.ts
FN:13,(anonymous_0)
FN:15,(anonymous_1)
FN:16,(anonymous_2)
FN:17,(anonymous_3)
FN:35,(anonymous_4)
FN:54,(anonymous_5)
FN:78,(anonymous_6)
FN:79,(anonymous_7)
FNF:8
FNH:8
FNDA:17,(anonymous_0)
FNDA:6,(anonymous_1)
FNDA:6,(anonymous_2)
FNDA:6,(anonymous_3)
FNDA:3,(anonymous_4)
FNDA:3,(anonymous_5)
FNDA:3,(anonymous_6)
FNDA:1,(anonymous_7)
DA:9,120
DA:10,120
DA:11,120
DA:13,17
DA:16,6
DA:17,6
DA:18,6
DA:19,6
DA:20,3
DA:21,3
DA:22,3
DA:23,3
DA:24,0
DA:27,3
DA:30,6
DA:31,3
DA:36,3
DA:55,3
DA:57,3
DA:58,3
DA:63,0
DA:64,0
DA:66,0
DA:69,0
DA:70,0
DA:72,0
DA:75,0
DA:79,3
DA:80,1
DA:81,1
DA:84,3
LF:31
LH:23
BRDA:19,0,0,3
BRDA:19,0,1,3
BRDA:23,1,0,0
BRDA:23,1,1,3
BRDA:44,2,0,3
BRDA:44,2,1,3
BRDA:46,3,0,3
BRDA:46,3,1,2
BRDA:47,4,0,3
BRDA:47,4,1,3
BRDA:57,5,0,3
BRDA:57,5,1,0
BRDA:57,6,0,3
BRDA:57,6,1,0
BRDA:63,7,0,0
BRDA:63,7,1,0
BRDA:69,8,0,0
BRDA:69,8,1,0
BRDA:80,9,0,1
BRDA:80,9,1,0
BRF:20
BRH:12
end_of_record
TN:
SF:/home/travis/build/MaibornWolff/codecharta/visualization/app/codeCharta/model/files.ts
FN:5,(anonymous_0)
FN:7,(anonymous_1)
FN:11,(anonymous_2)
FN:15,(anonymous_3)
FN:16,(anonymous_4)
FN:21,(anonymous_5)
FN:22,(anonymous_6)
FN:25,(anonymous_7)
FN:29,(anonymous_8)
FN:33,(anonymous_9)
FN:34,(anonymous_10)
FN:43,(anonymous_11)
FN:47,(anonymous_12)
FN:48,(anonymous_13)
FN:59,(anonymous_14)
FN:63,(anonymous_15)
FN:64,(anonymous_16)
FN:73,(anonymous_17)
FN:74,(anonymous_18)
FN:77,(anonymous_19)
FN:81,(anonymous_20)
FN:82,(anonymous_21)
FN:86,(anonymous_22)
FN:87,(anonymous_23)
FN:90,(anonymous_24)
FN:91,(anonymous_25)
FN:94,(anonymous_26)
FN:95,(anonymous_27)
FN:98,(anonymous_28)
FN:99,(anonymous_29)
FN:102,(anonymous_30)
FN:103,(anonymous_31)
FNF:32
FNH:32
FNDA:344,(anonymous_0)
FNDA:51,(anonymous_1)
FNDA:106,(anonymous_2)
FNDA:2,(anonymous_3)
FNDA:4,(anonymous_4)
FNDA:13,(anonymous_5)
FNDA:8,(anonymous_6)
FNDA:237,(anonymous_7)
FNDA:35,(anonymous_8)
FNDA:69,(anonymous_9)
FNDA:121,(anonymous_10)
FNDA:58,(anonymous_11)
FNDA:16,(anonymous_12)
FNDA:30,(anonymous_13)
FNDA:12,(anonymous_14)
FNDA:13,(anonymous_15)
FNDA:26,(anonymous_16)
FNDA:8,(anonymous_17)
FNDA:14,(anonymous_18)
FNDA:1270,(anonymous_19)
FNDA:3,(anonymous_20)
FNDA:4,(anonymous_21)
FNDA:3,(anonymous_22)
FNDA:3,(anonymous_23)
FNDA:1311,(anonymous_24)
FNDA:94,(anonymous_25)
FNDA:25,(anonymous_26)
FNDA:37,(anonymous_27)
FNDA:89,(anonymous_28)
FNDA:42,(anonymous_29)
FNDA:20,(anonymous_30)
FNDA:28,(anonymous_31)
DA:2,121
DA:5,344
DA:8,51
DA:12,106
DA:16,2
DA:17,4
DA:22,13
DA:26,237
DA:30,35
DA:34,69
DA:35,121
DA:36,68
DA:38,53
DA:44,58
DA:48,16
DA:49,30
DA:50,16
DA:51,14
DA:52,14
DA:54,0
DA:60,12
DA:64,13
DA:65,26
DA:66,23
DA:68,3
DA:74,14
DA:78,1270
DA:82,4
DA:83,3
DA:87,3
DA:91,1311
DA:95,37
DA:99,89
DA:103,28
LF:34
LH:33
BRDA:5,0,0,332
BRDA:35,1,0,68
BRDA:35,1,1,53
BRDA:49,2,0,16
BRDA:49,2,1,14
BRDA:51,3,0,14
BRDA:51,3,1,0
BRDA:65,4,0,23
BRDA:65,4,1,3
BRDA:83,5,0,2
BRDA:83,5,1,1
BRDA:99,6,0,42
BRDA:99,6,1,31
BRF:13
BRH:12
end_of_record
TN:
SF:/home/travis/build/MaibornWolff/codecharta/visualization/app/codeCharta/state/edgeMetricData.service.ts
FN:20,(anonymous_0)
FN:25,(anonymous_1)
FN:29,(anonymous_2)
FN:33,(anonymous_3)
FN:40,(anonymous_4)
FN:45,(anonymous_5)
FN:48,(anonymous_6)
FN:55,(anonymous_7)
FN:69,(anonymous_8)
FN:70,(anonymous_9)
FN:73,(anonymous_10)
FN:79,(anonymous_11)
FN:83,(anonymous_12)
FN:87,(anonymous_13)
FN:96,(anonymous_14)
FN:101,(anonymous_15)
FN:106,(anonymous_16)
FN:107,(anonymous_17)
FN:116,(anonymous_18)
FN:117,(anonymous_19)
FN:118,(anonymous_20)
FN:122,(anonymous_21)
FN:127,(anonymous_22)
FN:134,(anonymous_23)
FN:141,(anonymous_24)
FN:148,(anonymous_25)
FN:154,(anonymous_26)
FN:157,(anonymous_27)
FN:159,(anonymous_28)
FN:171,(anonymous_29)
FN:174,(anonymous_30)
FN:176,(anonymous_31)
FN:184,(anonymous_32)
FN:188,(anonymous_33)
FN:192,(anonymous_34)
FN:193,(anonymous_35)
FNF:36
FNH:36
FNDA:208,(anonymous_0)
FNDA:14,(anonymous_1)
FNDA:5,(anonymous_2)
FNDA:19,(anonymous_3)
FNDA:10,(anonymous_4)
FNDA:6,(anonymous_5)
FNDA:2,(anonymous_6)
FNDA:2,(anonymous_7)
FNDA:7,(anonymous_8)
FNDA:4,(anonymous_9)
FNDA:3,(anonymous_10)
FNDA:6,(anonymous_11)
FNDA:4,(anonymous_12)
FNDA:19,(anonymous_13)
FNDA:5,(anonymous_14)
FNDA:5,(anonymous_15)
FNDA:5,(anonymous_16)
FNDA:15,(anonymous_17)
FNDA:15,(anonymous_18)
FNDA:65,(anonymous_19)
FNDA:60,(anonymous_20)
FNDA:20,(anonymous_21)
FNDA:10,(anonymous_22)
FNDA:20,(anonymous_23)
FNDA:20,(anonymous_24)
FNDA:40,(anonymous_25)
FNDA:5,(anonymous_26)
FNDA:15,(anonymous_27)
FNDA:35,(anonymous_28)
FNDA:21,(anonymous_29)
FNDA:17,(anonymous_30)
FNDA:24,(anonymous_31)
FNDA:19,(anonymous_32)
FNDA:19,(anonymous_33)
FNDA:12,(anonymous_34)
FNDA:14,(anonymous_35)
DA:15,94
DA:17,208
DA:20,208
DA:21,208
DA:22,208
DA:26,14
DA:30,5
DA:34,19
DA:35,19
DA:36,19
DA:37,19
DA:41,10
DA:42,0
DA:45,10
DA:49,2
DA:50,1
DA:52,1
DA:56,2
DA:57,1
DA:60,1
DA:61,1
DA:62,1
DA:63,2
DA:66,1
DA:70,7
DA:71,7
DA:73,7
DA:74,3
DA:76,7
DA:80,6
DA:84,4
DA:88,19
DA:89,14
DA:91,5
DA:92,5
DA:97,5
DA:98,5
DA:101,5
DA:102,5
DA:103,5
DA:107,5
DA:108,15
DA:109,10
DA:113,5
DA:117,65
DA:118,60
DA:119,15
DA:123,20
DA:124,20
DA:128,10
DA:129,20
DA:130,20
DA:135,20
DA:136,15
DA:138,20
DA:142,20
DA:143,20
DA:144,20
DA:145,20
DA:149,40
DA:150,35
DA:155,5
DA:157,5
DA:158,15
DA:159,15
DA:160,35
DA:161,35
DA:162,20
DA:165,15
DA:168,5
DA:172,21
DA:173,21
DA:174,13
DA:175,17
DA:176,24
DA:178,17
DA:181,21
DA:185,19
DA:189,19
DA:193,12
DA:194,14
LF:81
LH:80
BRDA:41,0,0,0
BRDA:41,0,1,10
BRDA:49,1,0,1
BRDA:49,1,1,1
BRDA:49,2,0,2
BRDA:49,2,1,2
BRDA:56,3,0,1
BRDA:56,3,1,1
BRDA:56,4,0,2
BRDA:56,4,1,2
BRDA:88,5,0,14
BRDA:88,5,1,5
BRDA:108,6,0,10
BRDA:108,6,1,5
BRDA:119,7,0,15
BRDA:119,7,1,10
BRDA:119,7,2,10
BRDA:119,7,3,10
BRDA:135,8,0,15
BRDA:135,8,1,5
BRDA:149,9,0,35
BRDA:149,9,1,5
BRDA:161,10,0,20
BRDA:161,10,1,15
BRDA:173,11,0,13
BRDA:173,11,1,8
BRF:26
BRH:25
end_of_record
TN:
SF:/home/travis/build/MaibornWolff/codecharta/visualization/app/codeCharta/state/injector.service.ts
FN:46,(anonymous_0)
FNF:1
FNH:1
FNDA:8,(anonymous_0)
DA:49,8
DA:50,8
DA:51,8
DA:52,8
DA:53,8
DA:54,8
DA:55,8
DA:56,8
DA:57,8
DA:58,8
DA:59,8
DA:60,8
DA:61,8
DA:62,8
DA:63,8
DA:64,8
DA:65,8
DA:66,8
DA:67,8
DA:68,8
DA:69,8
DA:70,8
DA:71,8
DA:72,8
DA:73,8
DA:74,8
DA:75,8
DA:76,8
DA:77,8
DA:78,8
DA:79,8
DA:80,8
DA:81,8
DA:82,8
DA:83,8
DA:84,8
DA:85,8
DA:86,8
DA:87,8
LF:39
LH:39
BRF:0
BRH:0
end_of_record
TN:
SF:/home/travis/build/MaibornWolff/codecharta/visualization/app/codeCharta/state/metric.service.ts
FN:26,(anonymous_0)
FN:32,(anonymous_1)
FN:36,(anonymous_2)
FN:40,(anonymous_3)
FN:44,(anonymous_4)
FN:45,(anonymous_5)
FN:48,(anonymous_6)
FN:52,(anonymous_7)
FN:53,(anonymous_8)
FN:56,(anonymous_9)
FN:57,(anonymous_10)
FN:61,(anonymous_11)
FN:65,(anonymous_12)
FN:71,(anonymous_13)
FN:81,(anonymous_14)
FN:87,(anonymous_15)
FN:89,(anonymous_16)
FN:105,(anonymous_17)
FN:108,(anonymous_18)
FN:117,(anonymous_19)
FN:120,(anonymous_20)
FN:129,(anonymous_21)
FN:130,(anonymous_22)
FN:133,(anonymous_23)
FN:134,(anonymous_24)
FN:142,(anonymous_25)
FN:146,(anonymous_26)
FN:147,(anonymous_27)
FNF:28
FNH:26
FNDA:205,(anonymous_0)
FNDA:3,(anonymous_1)
FNDA:17,(anonymous_2)
FNDA:14,(anonymous_3)
FNDA:2,(anonymous_4)
FNDA:3,(anonymous_5)
FNDA:4,(anonymous_6)
FNDA:0,(anonymous_7)
FNDA:0,(anonymous_8)
FNDA:73,(anonymous_9)
FNDA:50,(anonymous_10)
FNDA:8,(anonymous_11)
FNDA:34,(anonymous_12)
FNDA:30,(anonymous_13)
FNDA:1,(anonymous_14)
FNDA:1,(anonymous_15)
FNDA:3,(anonymous_16)
FNDA:3,(anonymous_17)
FNDA:9,(anonymous_18)
FNDA:1,(anonymous_19)
FNDA:3,(anonymous_20)
FNDA:1,(anonymous_21)
FNDA:3,(anonymous_22)
FNDA:34,(anonymous_23)
FNDA:18,(anonymous_24)
FNDA:34,(anonymous_25)
FNDA:192,(anonymous_26)
FNDA:140,(anonymous_27)
DA:20,120
DA:21,120
DA:24,205
DA:26,205
DA:27,205
DA:28,205
DA:29,205
DA:33,3
DA:37,17
DA:41,14
DA:45,3
DA:49,4
DA:53,0
DA:57,73
DA:58,73
DA:62,8
DA:66,34
DA:67,34
DA:68,34
DA:72,30
DA:73,29
DA:76,1
DA:77,1
DA:82,1
DA:84,1
DA:88,1
DA:89,1
DA:90,3
DA:98,3
DA:102,1
DA:106,3
DA:108,3
DA:109,9
DA:110,6
DA:118,1
DA:120,1
DA:121,3
DA:126,1
DA:130,3
DA:134,34
DA:135,34
DA:143,34
DA:147,192
DA:148,140
LF:44
LH:43
BRDA:58,0,0,35
BRDA:58,0,1,38
BRDA:72,1,0,29
BRDA:72,1,1,1
BRDA:90,2,0,3
BRDA:90,2,1,0
BRDA:91,3,0,3
BRDA:91,3,1,3
BRDA:109,4,0,6
BRDA:109,4,1,3
BRDA:109,5,0,9
BRDA:109,5,1,6
BRDA:130,6,0,2
BRDA:130,6,1,1
BRDA:130,7,0,1
BRDA:130,7,1,0
BRDA:134,8,0,34
BRDA:134,8,1,0
BRF:18
BRH:15
end_of_record
TN:
SF:/home/travis/build/MaibornWolff/codecharta/visualization/app/codeCharta/state/nodeSearch.service.ts
FN:20,(anonymous_0)
FN:28,(anonymous_1)
FN:34,(anonymous_2)
FN:41,(anonymous_3)
FN:46,(anonymous_4)
FN:47,(anonymous_5)
FN:51,(anonymous_6)
FN:55,(anonymous_7)
FN:56,(anonymous_8)
FNF:9
FNH:8
FNDA:13,(anonymous_0)
FNDA:17,(anonymous_1)
FNDA:17,(anonymous_2)
FNDA:12,(anonymous_3)
FNDA:17,(anonymous_4)
FNDA:2,(anonymous_5)
FNDA:17,(anonymous_6)
FNDA:1,(anonymous_7)
FNDA:0,(anonymous_8)
DA:15,94
DA:17,13
DA:21,13
DA:22,13
DA:23,13
DA:25,13
DA:29,17
DA:30,17
DA:31,17
DA:35,17
DA:36,15
DA:38,2
DA:41,12
DA:42,2
DA:47,17
DA:48,17
DA:52,17
DA:56,1
DA:57,0
LF:19
LH:18
BRDA:35,0,0,15
BRDA:35,0,1,2
BRDA:47,1,0,15
BRDA:47,1,1,2
BRF:4
BRH:4
end_of_record
TN:
SF:/home/travis/build/MaibornWolff/codecharta/visualization/app/codeCharta/state/state.module.ts
FNF:0
FNH:0
DA:49,94
LF:1
LH:1
BRF:0
BRH:0
end_of_record
TN:
SF:/home/travis/build/MaibornWolff/codecharta/visualization/app/codeCharta/state/store.service.ts
FN:23,(anonymous_0)
FN:27,(anonymous_1)
FN:42,(anonymous_2)
FN:50,(anonymous_3)
FN:54,(anonymous_4)
FN:58,(anonymous_5)
FN:59,(anonymous_6)
FNF:7
FNH:7
FNDA:721,(anonymous_0)
FNDA:1514,(anonymous_1)
FNDA:2993,(anonymous_2)
FNDA:3554,(anonymous_3)
FNDA:2985,(anonymous_4)
FNDA:457,(anonymous_5)
FNDA:42531,(anonymous_6)
DA:19,120
DA:23,721
DA:24,721
DA:28,1514
DA:39,738
DA:42,1514
DA:43,2993
DA:44,2989
DA:45,2985
DA:51,3554
DA:55,2985
DA:59,457
DA:60,42531
LF:13
LH:13
BRDA:27,0,0,1510
BRDA:28,1,0,738
BRDA:28,1,1,776
BRDA:30,2,0,1514
BRDA:30,2,1,769
BRDA:30,2,2,754
BRDA:30,2,3,753
BRDA:30,2,4,749
BRDA:30,2,5,748
BRDA:30,2,6,742
BRDA:44,3,0,2985
BRDA:44,3,1,4
BRF:12
BRH:12
end_of_record
TN:
SF:/home/travis/build/MaibornWolff/codecharta/visualization/app/codeCharta/state/store/state.actions.ts
FN:10,(anonymous_0)
FN:21,setState
FNF:2
FNH:2
FNDA:121,(anonymous_0)
FNDA:39,setState
DA:10,121
DA:11,121
DA:22,39
DA:28,121
LF:4
LH:4
BRDA:10,0,0,121
BRDA:10,0,1,121
BRDA:21,1,0,1
BRF:3
BRH:3
end_of_record
TN:
SF:/home/travis/build/MaibornWolff/codecharta/visualization/app/codeCharta/state/store/state.reducer.ts
FNF:0
FNH:0
DA:9,120
LF:1
LH:1
BRF:0
BRH:0
end_of_record
TN:
SF:/home/travis/build/MaibornWolff/codecharta/visualization/app/codeCharta/state/store/state.splitter.ts
FN:18,splitStateActions
FNF:1
FNH:1
FNDA:1520,splitStateActions
DA:20,1520
DA:21,14
DA:24,1506
DA:25,1
DA:28,1505
DA:29,15
DA:32,1490
DA:33,0
DA:36,1490
DA:37,36
DA:40,36
DA:41,33
DA:44,36
DA:45,30
DA:48,36
DA:49,33
DA:52,36
DA:53,29
DA:56,36
DA:57,29
DA:59,36
DA:61,1454
LF:22
LH:21
BRDA:20,0,0,14
BRDA:20,0,1,1506
BRDA:24,1,0,1
BRDA:24,1,1,1505
BRDA:28,2,0,15
BRDA:28,2,1,1490
BRDA:32,3,0,0
BRDA:32,3,1,1490
BRDA:36,4,0,36
BRDA:36,4,1,1454
BRDA:40,5,0,33
BRDA:40,5,1,3
BRDA:44,6,0,30
BRDA:44,6,1,6
BRDA:48,7,0,33
BRDA:48,7,1,3
BRDA:52,8,0,29
BRDA:52,8,1,7
BRDA:56,9,0,29
BRDA:56,9,1,7
BRF:20
BRH:19
end_of_record
TN:
SF:/home/travis/build/MaibornWolff/codecharta/visualization/app/codeCharta/state/store/appSettings/appSettings.actions.ts
FN:26,(anonymous_0)
FN:37,setAppSettings
FNF:2
FNH:2
FNDA:121,(anonymous_0)
FNDA:17,setAppSettings
DA:26,121
DA:27,121
DA:38,17
DA:44,121
LF:4
LH:4
BRDA:26,0,0,121
BRDA:26,0,1,121
BRDA:37,1,0,16
BRF:3
BRH:3
end_of_record
TN:
SF:/home/travis/build/MaibornWolff/codecharta/visualization/app/codeCharta/state/store/appSettings/appSettings.reducer.ts
FNF:0
FNH:0
DA:25,120
LF:1
LH:1
BRF:0
BRH:0
end_of_record
TN:
SF:/home/travis/build/MaibornWolff/codecharta/visualization/app/codeCharta/state/store/appSettings/appSettings.splitter.ts
FN:26,splitAppSettingsActions
FNF:1
FNH:1
FNDA:48,splitAppSettingsActions
DA:27,48
DA:30,48
DA:31,43
DA:34,48
DA:35,43
DA:38,48
DA:39,43
DA:42,48
DA:43,43
DA:46,48
DA:47,43
DA:50,48
DA:51,43
DA:54,48
DA:55,43
DA:58,48
DA:59,43
DA:62,48
DA:63,43
DA:66,48
DA:67,43
DA:70,48
DA:71,43
DA:74,48
DA:75,43
DA:78,48
DA:79,43
DA:82,48
DA:83,45
DA:86,48
DA:87,45
DA:90,48
DA:91,44
DA:94,48
DA:95,45
DA:98,48
DA:99,44
DA:102,48
DA:103,43
DA:106,48
DA:107,43
DA:110,48
DA:111,43
DA:114,48
LF:44
LH:44
BRDA:30,0,0,43
BRDA:30,0,1,5
BRDA:34,1,0,43
BRDA:34,1,1,5
BRDA:38,2,0,43
BRDA:38,2,1,5
BRDA:42,3,0,43
BRDA:42,3,1,5
BRDA:46,4,0,43
BRDA:46,4,1,5
BRDA:50,5,0,43
BRDA:50,5,1,5
BRDA:54,6,0,43
BRDA:54,6,1,5
BRDA:58,7,0,43
BRDA:58,7,1,5
BRDA:62,8,0,43
BRDA:62,8,1,5
BRDA:66,9,0,43
BRDA:66,9,1,5
BRDA:70,10,0,43
BRDA:70,10,1,5
BRDA:74,11,0,43
BRDA:74,11,1,5
BRDA:78,12,0,43
BRDA:78,12,1,5
BRDA:82,13,0,45
BRDA:82,13,1,3
BRDA:86,14,0,45
BRDA:86,14,1,3
BRDA:90,15,0,44
BRDA:90,15,1,4
BRDA:94,16,0,45
BRDA:94,16,1,3
BRDA:98,17,0,44
BRDA:98,17,1,4
BRDA:102,18,0,43
BRDA:102,18,1,5
BRDA:106,19,0,43
BRDA:106,19,1,5
BRDA:110,20,0,43
BRDA:110,20,1,5
BRF:42
BRH:42
end_of_record
TN:
SF:/home/travis/build/MaibornWolff/codecharta/visualization/app/codeCharta/state/store/appSettings/amountOfEdgePreviews/amountOfEdgePreviews.actions.ts
FN:3,(anonymous_0)
FN:14,setAmountOfEdgePreviews
FNF:2
FNH:2
FNDA:122,(anonymous_0)
FNDA:1254,setAmountOfEdgePreviews
DA:3,122
DA:4,122
DA:15,1254
DA:21,122
LF:4
LH:4
BRDA:3,0,0,122
BRDA:3,0,1,122
BRDA:14,1,0,1205
BRF:3
BRH:3
end_of_record
TN:
SF:/home/travis/build/MaibornWolff/codecharta/visualization/app/codeCharta/state/store/appSettings/amountOfEdgePreviews/amountOfEdgePreviews.reducer.ts
FN:3,amountOfEdgePreviews
FNF:1
FNH:1
FNDA:4237,amountOfEdgePreviews
DA:4,4237
DA:6,51
DA:8,4186
LF:3
LH:3
BRDA:3,0,0,1204
BRDA:5,1,0,51
BRDA:5,1,1,4186
BRF:3
BRH:3
end_of_record
TN:
SF:/home/travis/build/MaibornWolff/codecharta/visualization/app/codeCharta/state/store/appSettings/amountOfEdgePreviews/amountOfEdgePreviews.service.ts
FN:13,(anonymous_0)
FN:17,(anonymous_1)
FN:23,(anonymous_2)
FN:27,(anonymous_3)
FN:31,(anonymous_4)
FN:32,(anonymous_5)
FNF:6
FNH:5
FNDA:12,(anonymous_0)
FNDA:1091,(anonymous_1)
FNDA:29,(anonymous_2)
FNDA:29,(anonymous_3)
FNDA:1,(anonymous_4)
FNDA:0,(anonymous_5)
DA:11,94
DA:13,12
DA:14,12
DA:18,1091
DA:19,29
DA:24,29
DA:28,29
DA:32,1
DA:33,0
LF:9
LH:8
BRDA:18,0,0,29
BRDA:18,0,1,1062
BRF:2
BRH:2
end_of_record
TN:
SF:/home/travis/build/MaibornWolff/codecharta/visualization/app/codeCharta/state/store/appSettings/amountOfEdgePreviews/amountOfEdgePreviews.splitter.ts
FN:3,splitAmountOfEdgePreviewsAction
FNF:1
FNH:1
FNDA:43,splitAmountOfEdgePreviewsAction
DA:4,43
LF:1
LH:1
BRF:0
BRH:0
end_of_record
TN:
SF:/home/travis/build/MaibornWolff/codecharta/visualization/app/codeCharta/state/store/appSettings/amountOfTopLabels/amountOfTopLabels.actions.ts
FN:3,(anonymous_0)
FN:14,setAmountOfTopLabels
FNF:2
FNH:2
FNDA:122,(anonymous_0)
FNDA:1254,setAmountOfTopLabels
DA:3,122
DA:4,122
DA:15,1254
DA:21,122
LF:4
LH:4
BRDA:3,0,0,122
BRDA:3,0,1,122
BRDA:14,1,0,1205
BRF:3
BRH:3
end_of_record
TN:
SF:/home/travis/build/MaibornWolff/codecharta/visualization/app/codeCharta/state/store/appSettings/amountOfTopLabels/amountOfTopLabels.reducer.ts
FN:3,amountOfTopLabels
FNF:1
FNH:1
FNDA:4237,amountOfTopLabels
DA:4,4237
DA:6,51
DA:8,4186
LF:3
LH:3
BRDA:3,0,0,1204
BRDA:5,1,0,51
BRDA:5,1,1,4186
BRF:3
BRH:3
end_of_record
TN:
SF:/home/travis/build/MaibornWolff/codecharta/visualization/app/codeCharta/state/store/appSettings/amountOfTopLabels/amountOfTopLabels.service.ts
FN:13,(anonymous_0)
FN:17,(anonymous_1)
FN:23,(anonymous_2)
FN:27,(anonymous_3)
FN:31,(anonymous_4)
FN:32,(anonymous_5)
FNF:6
FNH:5
FNDA:12,(anonymous_0)
FNDA:1091,(anonymous_1)
FNDA:29,(anonymous_2)
FNDA:29,(anonymous_3)
FNDA:1,(anonymous_4)
FNDA:0,(anonymous_5)
DA:11,94
DA:13,12
DA:14,12
DA:18,1091
DA:19,29
DA:24,29
DA:28,29
DA:32,1
DA:33,0
LF:9
LH:8
BRDA:18,0,0,29
BRDA:18,0,1,1062
BRF:2
BRH:2
end_of_record
TN:
SF:/home/travis/build/MaibornWolff/codecharta/visualization/app/codeCharta/state/store/appSettings/amountOfTopLabels/amountOfTopLabels.splitter.ts
FN:3,splitAmountOfTopLabelsAction
FNF:1
FNH:1
FNDA:43,splitAmountOfTopLabelsAction
DA:4,43
LF:1
LH:1
BRF:0
BRH:0
end_of_record
TN:
SF:/home/travis/build/MaibornWolff/codecharta/visualization/app/codeCharta/state/store/appSettings/camera/camera.actions.ts
FN:4,(anonymous_0)
FN:15,setCamera
FNF:2
FNH:2
FNDA:122,(anonymous_0)
FNDA:1257,setCamera
DA:4,122
DA:5,122
DA:16,1257
DA:22,122
LF:4
LH:4
BRDA:4,0,0,122
BRDA:4,0,1,122
BRDA:15,1,0,1207
BRF:3
BRH:3
end_of_record
TN:
SF:/home/travis/build/MaibornWolff/codecharta/visualization/app/codeCharta/state/store/appSettings/camera/camera.reducer.ts
FN:4,camera
FNF:1
FNH:1
FNDA:4237,camera
DA:5,4237
DA:7,52
DA:9,4185
LF:3
LH:3
BRDA:4,0,0,1204
BRDA:6,1,0,52
BRDA:6,1,1,4185
BRF:3
BRH:3
end_of_record
TN:
SF:/home/travis/build/MaibornWolff/codecharta/visualization/app/codeCharta/state/store/appSettings/camera/camera.service.ts
FN:14,(anonymous_0)
FN:18,(anonymous_1)
FN:24,(anonymous_2)
FN:28,(anonymous_3)
FN:33,(anonymous_4)
FN:34,(anonymous_5)
FNF:6
FNH:4
FNDA:10,(anonymous_0)
FNDA:1089,(anonymous_1)
FNDA:28,(anonymous_2)
FNDA:28,(anonymous_3)
FNDA:0,(anonymous_4)
FNDA:0,(anonymous_5)
DA:12,94
DA:14,10
DA:15,10
DA:19,1089
DA:20,28
DA:25,28
DA:34,0
DA:35,0
LF:8
LH:6
BRDA:19,0,0,28
BRDA:19,0,1,1061
BRF:2
BRH:2
end_of_record
TN:
SF:/home/travis/build/MaibornWolff/codecharta/visualization/app/codeCharta/state/store/appSettings/camera/camera.splitter.ts
FN:4,splitCameraAction
FNF:1
FNH:1
FNDA:44,splitCameraAction
DA:5,44
LF:1
LH:1
BRF:0
BRH:0
end_of_record
TN:
SF:/home/travis/build/MaibornWolff/codecharta/visualization/app/codeCharta/state/store/appSettings/dynamicMargin/dynamicMargin.actions.ts
FN:3,(anonymous_0)
FN:14,setDynamicMargin
FNF:2
FNH:2
FNDA:122,(anonymous_0)
FNDA:1258,setDynamicMargin
DA:3,122
DA:4,122
DA:15,1258
DA:21,122
LF:4
LH:4
BRDA:3,0,0,122
BRDA:3,0,1,122
BRDA:14,1,0,1205
BRF:3
BRH:3
end_of_record
TN:
SF:/home/travis/build/MaibornWolff/codecharta/visualization/app/codeCharta/state/store/appSettings/dynamicMargin/dynamicMargin.reducer.ts
FN:3,dynamicMargin
FNF:1
FNH:1
FNDA:4237,dynamicMargin
DA:4,4237
DA:6,55
DA:8,4182
LF:3
LH:3
BRDA:3,0,0,1204
BRDA:5,1,0,55
BRDA:5,1,1,4182
BRF:3
BRH:3
end_of_record
TN:
SF:/home/travis/build/MaibornWolff/codecharta/visualization/app/codeCharta/state/store/appSettings/dynamicMargin/dynamicMargin.service.ts
FN:13,(anonymous_0)
FN:17,(anonymous_1)
FN:23,(anonymous_2)
FN:27,(anonymous_3)
FN:31,(anonymous_4)
FN:32,(anonymous_5)
FNF:6
FNH:6
FNDA:12,(anonymous_0)
FNDA:1091,(anonymous_1)
FNDA:29,(anonymous_2)
FNDA:29,(anonymous_3)
FNDA:14,(anonymous_4)
FNDA:28,(anonymous_5)
DA:11,94
DA:13,12
DA:14,12
DA:18,1091
DA:19,29
DA:24,29
DA:28,29
DA:32,14
DA:33,28
LF:9
LH:9
BRDA:18,0,0,29
BRDA:18,0,1,1062
BRF:2
BRH:2
end_of_record
TN:
SF:/home/travis/build/MaibornWolff/codecharta/visualization/app/codeCharta/state/store/appSettings/dynamicMargin/dynamicMargin.splitter.ts
FN:3,splitDynamicMarginAction
FNF:1
FNH:1
FNDA:43,splitDynamicMarginAction
DA:4,43
LF:1
LH:1
BRF:0
BRH:0
end_of_record
TN:
SF:/home/travis/build/MaibornWolff/codecharta/visualization/app/codeCharta/state/store/appSettings/edgeHeight/edgeHeight.actions.ts
FN:3,(anonymous_0)
FN:14,setEdgeHeight
FNF:2
FNH:2
FNDA:122,(anonymous_0)
FNDA:1251,setEdgeHeight
DA:3,122
DA:4,122
DA:15,1251
DA:21,122
LF:4
LH:4
BRDA:3,0,0,122
BRDA:3,0,1,122
BRDA:14,1,0,1205
BRF:3
BRH:3
end_of_record
TN:
SF:/home/travis/build/MaibornWolff/codecharta/visualization/app/codeCharta/state/store/appSettings/edgeHeight/edgeHeight.reducer.ts
FN:3,edgeHeight
FNF:1
FNH:1
FNDA:4237,edgeHeight
DA:4,4237
DA:6,47
DA:8,4190
LF:3
LH:3
BRDA:3,0,0,1204
BRDA:5,1,0,47
BRDA:5,1,1,4190
BRF:3
BRH:3
end_of_record
TN:
SF:/home/travis/build/MaibornWolff/codecharta/visualization/app/codeCharta/state/store/appSettings/edgeHeight/edgeHeight.service.ts
FN:13,(anonymous_0)
FN:17,(anonymous_1)
FN:23,(anonymous_2)
FN:27,(anonymous_3)
FN:31,(anonymous_4)
FN:32,(anonymous_5)
FNF:6
FNH:5
FNDA:12,(anonymous_0)
FNDA:1091,(anonymous_1)
FNDA:29,(anonymous_2)
FNDA:29,(anonymous_3)
FNDA:3,(anonymous_4)
FNDA:0,(anonymous_5)
DA:11,94
DA:13,12
DA:14,12
DA:18,1091
DA:19,29
DA:24,29
DA:28,29
DA:32,3
DA:33,0
LF:9
LH:8
BRDA:18,0,0,29
BRDA:18,0,1,1062
BRF:2
BRH:2
end_of_record
TN:
SF:/home/travis/build/MaibornWolff/codecharta/visualization/app/codeCharta/state/store/appSettings/edgeHeight/edgeHeight.splitter.ts
FN:3,splitEdgeHeightAction
FNF:1
FNH:1
FNDA:44,splitEdgeHeightAction
DA:4,44
LF:1
LH:1
BRF:0
BRH:0
end_of_record
TN:
SF:/home/travis/build/MaibornWolff/codecharta/visualization/app/codeCharta/state/store/appSettings/hideFlatBuildings/hideFlatBuildings.actions.ts
FN:3,(anonymous_0)
FN:14,setHideFlatBuildings
FNF:2
FNH:2
FNDA:122,(anonymous_0)
FNDA:1253,setHideFlatBuildings
DA:3,122
DA:4,122
DA:15,1253
DA:21,122
LF:4
LH:4
BRDA:3,0,0,122
BRDA:3,0,1,122
BRDA:14,1,0,1205
BRF:3
BRH:3
end_of_record
TN:
SF:/home/travis/build/MaibornWolff/codecharta/visualization/app/codeCharta/state/store/appSettings/hideFlatBuildings/hideFlatBuildings.reducer.ts
FN:3,hideFlatBuildings
FNF:1
FNH:1
FNDA:4237,hideFlatBuildings
DA:4,4237
DA:6,50
DA:8,4187
LF:3
LH:3
BRDA:3,0,0,1204
BRDA:5,1,0,50
BRDA:5,1,1,4187
BRF:3
BRH:3
end_of_record
TN:
SF:/home/travis/build/MaibornWolff/codecharta/visualization/app/codeCharta/state/store/appSettings/hideFlatBuildings/hideFlatBuildings.service.ts
FN:13,(anonymous_0)
FN:17,(anonymous_1)
FN:23,(anonymous_2)
FN:27,(anonymous_3)
FN:31,(anonymous_4)
FN:32,(anonymous_5)
FNF:6
FNH:5
FNDA:12,(anonymous_0)
FNDA:1091,(anonymous_1)
FNDA:29,(anonymous_2)
FNDA:29,(anonymous_3)
FNDA:1,(anonymous_4)
FNDA:0,(anonymous_5)
DA:11,94
DA:13,12
DA:14,12
DA:18,1091
DA:19,29
DA:24,29
DA:28,29
DA:32,1
DA:33,0
LF:9
LH:8
BRDA:18,0,0,29
BRDA:18,0,1,1062
BRF:2
BRH:2
end_of_record
TN:
SF:/home/travis/build/MaibornWolff/codecharta/visualization/app/codeCharta/state/store/appSettings/hideFlatBuildings/hideFlatBuildings.splitter.ts
FN:3,splitHideFlatBuildingsAction
FNF:1
FNH:1
FNDA:45,splitHideFlatBuildingsAction
DA:4,45
LF:1
LH:1
BRF:0
BRH:0
end_of_record
TN:
SF:/home/travis/build/MaibornWolff/codecharta/visualization/app/codeCharta/state/store/appSettings/invertColorRange/invertColorRange.actions.ts
FN:3,(anonymous_0)
FN:14,setInvertColorRange
FNF:2
FNH:2
FNDA:122,(anonymous_0)
FNDA:1255,setInvertColorRange
DA:3,122
DA:4,122
DA:15,1255
DA:21,122
LF:4
LH:4
BRDA:3,0,0,122
BRDA:3,0,1,122
BRDA:14,1,0,1205
BRF:3
BRH:3
end_of_record
TN:
SF:/home/travis/build/MaibornWolff/codecharta/visualization/app/codeCharta/state/store/appSettings/invertColorRange/invertColorRange.reducer.ts
FN:3,invertColorRange
FNF:1
FNH:1
FNDA:4237,invertColorRange
DA:4,4237
DA:6,52
DA:8,4185
LF:3
LH:3
BRDA:3,0,0,1204
BRDA:5,1,0,52
BRDA:5,1,1,4185
BRF:3
BRH:3
end_of_record
TN:
SF:/home/travis/build/MaibornWolff/codecharta/visualization/app/codeCharta/state/store/appSettings/invertColorRange/invertColorRange.service.ts
FN:13,(anonymous_0)
FN:17,(anonymous_1)
FN:23,(anonymous_2)
FN:27,(anonymous_3)
FN:31,(anonymous_4)
FN:32,(anonymous_5)
FNF:6
FNH:5
FNDA:12,(anonymous_0)
FNDA:1091,(anonymous_1)
FNDA:29,(anonymous_2)
FNDA:29,(anonymous_3)
FNDA:15,(anonymous_4)
FNDA:0,(anonymous_5)
DA:11,94
DA:13,12
DA:14,12
DA:18,1091
DA:19,29
DA:24,29
DA:28,29
DA:32,15
DA:33,0
LF:9
LH:8
BRDA:18,0,0,29
BRDA:18,0,1,1062
BRF:2
BRH:2
end_of_record
TN:
SF:/home/travis/build/MaibornWolff/codecharta/visualization/app/codeCharta/state/store/appSettings/invertColorRange/invertColorRange.splitter.ts
FN:3,splitInvertColorRangeAction
FNF:1
FNH:1
FNDA:45,splitInvertColorRangeAction
DA:4,45
LF:1
LH:1
BRF:0
BRH:0
end_of_record
TN:
SF:/home/travis/build/MaibornWolff/codecharta/visualization/app/codeCharta/state/store/appSettings/invertDeltaColors/invertDeltaColors.actions.ts
FN:3,(anonymous_0)
FN:14,setInvertDeltaColors
FNF:2
FNH:2
FNDA:122,(anonymous_0)
FNDA:1258,setInvertDeltaColors
DA:3,122
DA:4,122
DA:15,1258
DA:21,122
LF:4
LH:4
BRDA:3,0,0,122
BRDA:3,0,1,122
BRDA:14,1,0,1205
BRF:3
BRH:3
end_of_record
TN:
SF:/home/travis/build/MaibornWolff/codecharta/visualization/app/codeCharta/state/store/appSettings/invertDeltaColors/invertDeltaColors.reducer.ts
FN:3,invertDeltaColors
FNF:1
FNH:1
FNDA:4237,invertDeltaColors
DA:4,4237
DA:6,55
DA:8,4182
LF:3
LH:3
BRDA:3,0,0,1204
BRDA:5,1,0,55
BRDA:5,1,1,4182
BRF:3
BRH:3
end_of_record
TN:
SF:/home/travis/build/MaibornWolff/codecharta/visualization/app/codeCharta/state/store/appSettings/invertDeltaColors/invertDeltaColors.service.ts
FN:13,(anonymous_0)
FN:17,(anonymous_1)
FN:23,(anonymous_2)
FN:27,(anonymous_3)
FN:31,(anonymous_4)
FN:32,(anonymous_5)
FNF:6
FNH:5
FNDA:12,(anonymous_0)
FNDA:1091,(anonymous_1)
FNDA:29,(anonymous_2)
FNDA:29,(anonymous_3)
FNDA:17,(anonymous_4)
FNDA:0,(anonymous_5)
DA:11,94
DA:13,12
DA:14,12
DA:18,1091
DA:19,29
DA:24,29
DA:28,29
DA:32,17
DA:33,0
LF:9
LH:8
BRDA:18,0,0,29
BRDA:18,0,1,1062
BRF:2
BRH:2
end_of_record
TN:
SF:/home/travis/build/MaibornWolff/codecharta/visualization/app/codeCharta/state/store/appSettings/invertDeltaColors/invertDeltaColors.splitter.ts
FN:3,splitInvertDeltaColorsAction
FNF:1
FNH:1
FNDA:43,splitInvertDeltaColorsAction
DA:4,43
LF:1
LH:1
BRF:0
BRH:0
end_of_record
TN:
SF:/home/travis/build/MaibornWolff/codecharta/visualization/app/codeCharta/state/store/appSettings/invertHeight/invertHeight.actions.ts
FN:3,(anonymous_0)
FN:14,setInvertHeight
FNF:2
FNH:2
FNDA:122,(anonymous_0)
FNDA:1250,setInvertHeight
DA:3,122
DA:4,122
DA:15,1250
DA:21,122
LF:4
LH:4
BRDA:3,0,0,122
BRDA:3,0,1,122
BRDA:14,1,0,1205
BRF:3
BRH:3
end_of_record
TN:
SF:/home/travis/build/MaibornWolff/codecharta/visualization/app/codeCharta/state/store/appSettings/invertHeight/invertHeight.reducer.ts
FN:3,invertHeight
FNF:1
FNH:1
FNDA:4237,invertHeight
DA:4,4237
DA:6,47
DA:8,4190
LF:3
LH:3
BRDA:3,0,0,1204
BRDA:5,1,0,47
BRDA:5,1,1,4190
BRF:3
BRH:3
end_of_record
TN:
SF:/home/travis/build/MaibornWolff/codecharta/visualization/app/codeCharta/state/store/appSettings/invertHeight/invertHeight.service.ts
FN:13,(anonymous_0)
FN:17,(anonymous_1)
FN:23,(anonymous_2)
FN:27,(anonymous_3)
FN:31,(anonymous_4)
FN:32,(anonymous_5)
FNF:6
FNH:5
FNDA:12,(anonymous_0)
FNDA:1091,(anonymous_1)
FNDA:29,(anonymous_2)
FNDA:29,(anonymous_3)
FNDA:5,(anonymous_4)
FNDA:0,(anonymous_5)
DA:11,94
DA:13,12
DA:14,12
DA:18,1091
DA:19,29
DA:24,29
DA:28,29
DA:32,5
DA:33,0
LF:9
LH:8
BRDA:18,0,0,29
BRDA:18,0,1,1062
BRF:2
BRH:2
end_of_record
TN:
SF:/home/travis/build/MaibornWolff/codecharta/visualization/app/codeCharta/state/store/appSettings/invertHeight/invertHeight.splitter.ts
FN:3,splitInvertHeightAction
FNF:1
FNH:1
FNDA:43,splitInvertHeightAction
DA:4,43
LF:1
LH:1
BRF:0
BRH:0
end_of_record
TN:
SF:/home/travis/build/MaibornWolff/codecharta/visualization/app/codeCharta/state/store/appSettings/isAttributeSideBarVisible/isAttributeSideBarVisible.actions.ts
FN:3,(anonymous_0)
FN:24,setIsAttributeSideBarVisible
FN:33,openAttributeSideBar
FN:39,closeAttributeSideBar
FNF:4
FNH:4
FNDA:122,(anonymous_0)
FNDA:1249,setIsAttributeSideBarVisible
FNDA:4,openAttributeSideBar
FNDA:4,closeAttributeSideBar
DA:3,122
DA:4,122
DA:5,122
DA:6,122
DA:27,1249
DA:34,4
DA:40,4
DA:45,122
LF:8
LH:8
BRDA:3,0,0,122
BRDA:3,0,1,122
BRDA:25,1,0,1205
BRF:3
BRH:3
end_of_record
TN:
SF:/home/travis/build/MaibornWolff/codecharta/visualization/app/codeCharta/state/store/appSettings/isAttributeSideBarVisible/isAttributeSideBarVisible.reducer.ts
FN:7,isAttributeSideBarVisible
FNF:1
FNH:1
FNDA:4239,isAttributeSideBarVisible
DA:11,4239
DA:13,4
DA:15,4
DA:17,46
DA:19,4185
LF:5
LH:5
BRDA:8,0,0,1204
BRDA:12,1,0,4
BRDA:12,1,1,4
BRDA:12,1,2,46
BRDA:12,1,3,4185
BRF:5
BRH:5
end_of_record
TN:
SF:/home/travis/build/MaibornWolff/codecharta/visualization/app/codeCharta/state/store/appSettings/isAttributeSideBarVisible/isAttributeSideBarVisible.service.ts
FN:20,(anonymous_0)
FN:26,(anonymous_1)
FN:30,(anonymous_2)
FN:34,(anonymous_3)
FN:40,(anonymous_4)
FN:44,(anonymous_5)
FN:50,(anonymous_6)
FN:51,(anonymous_7)
FNF:8
FNH:7
FNDA:18,(anonymous_0)
FNDA:1,(anonymous_1)
FNDA:1,(anonymous_2)
FNDA:1091,(anonymous_3)
FNDA:29,(anonymous_4)
FNDA:29,(anonymous_5)
FNDA:22,(anonymous_6)
FNDA:0,(anonymous_7)
DA:18,94
DA:20,18
DA:21,18
DA:22,18
DA:23,18
DA:27,1
DA:31,1
DA:35,1091
DA:36,29
DA:41,29
DA:45,29
DA:51,22
DA:52,0
LF:13
LH:12
BRDA:35,0,0,29
BRDA:35,0,1,1062
BRF:2
BRH:2
end_of_record
TN:
SF:/home/travis/build/MaibornWolff/codecharta/visualization/app/codeCharta/state/store/appSettings/isAttributeSideBarVisible/isAttributeSideBarVisible.splitter.ts
FN:3,splitIsAttributeSideBarVisibleAction
FNF:1
FNH:1
FNDA:43,splitIsAttributeSideBarVisibleAction
DA:4,43
LF:1
LH:1
BRF:0
BRH:0
end_of_record
TN:
SF:/home/travis/build/MaibornWolff/codecharta/visualization/app/codeCharta/state/store/appSettings/isLoadingFile/isLoadingFile.actions.ts
FN:3,(anonymous_0)
FN:14,setIsLoadingFile
FNF:2
FNH:2
FNDA:123,(anonymous_0)
FNDA:1264,setIsLoadingFile
DA:3,123
DA:4,123
DA:15,1264
DA:21,123
LF:4
LH:4
BRDA:3,0,0,123
BRDA:3,0,1,123
BRDA:14,1,0,1205
BRF:3
BRH:3
end_of_record
TN:
SF:/home/travis/build/MaibornWolff/codecharta/visualization/app/codeCharta/state/store/appSettings/isLoadingFile/isLoadingFile.reducer.ts
FN:3,isLoadingFile
FNF:1
FNH:1
FNDA:4237,isLoadingFile
DA:4,4237
DA:6,61
DA:8,4176
LF:3
LH:3
BRDA:3,0,0,1204
BRDA:5,1,0,61
BRDA:5,1,1,4176
BRF:3
BRH:3
end_of_record
TN:
SF:/home/travis/build/MaibornWolff/codecharta/visualization/app/codeCharta/state/store/appSettings/isLoadingFile/isLoadingFile.service.ts
FN:13,(anonymous_0)
FN:17,(anonymous_1)
FN:23,(anonymous_2)
FN:27,(anonymous_3)
FN:31,(anonymous_4)
FN:32,(anonymous_5)
FNF:6
FNH:5
FNDA:12,(anonymous_0)
FNDA:1091,(anonymous_1)
FNDA:39,(anonymous_2)
FNDA:39,(anonymous_3)
FNDA:2,(anonymous_4)
FNDA:0,(anonymous_5)
DA:11,94
DA:13,12
DA:14,12
DA:18,1091
DA:19,39
DA:24,39
DA:28,39
DA:32,2
DA:33,0
LF:9
LH:8
BRDA:18,0,0,39
BRDA:18,0,1,1052
BRF:2
BRH:2
end_of_record
TN:
SF:/home/travis/build/MaibornWolff/codecharta/visualization/app/codeCharta/state/store/appSettings/isLoadingFile/isLoadingFile.splitter.ts
FN:3,splitIsLoadingFileAction
FNF:1
FNH:1
FNDA:43,splitIsLoadingFileAction
DA:4,43
LF:1
LH:1
BRF:0
BRH:0
end_of_record
TN:
SF:/home/travis/build/MaibornWolff/codecharta/visualization/app/codeCharta/state/store/appSettings/isLoadingMap/isLoadingMap.actions.ts
FN:3,(anonymous_0)
FN:14,setIsLoadingMap
FNF:2
FNH:2
FNDA:122,(anonymous_0)
FNDA:1994,setIsLoadingMap
DA:3,122
DA:4,122
DA:15,1994
DA:21,122
LF:4
LH:4
BRDA:3,0,0,122
BRDA:3,0,1,122
BRDA:14,1,0,1205
BRF:3
BRH:3
end_of_record
TN:
SF:/home/travis/build/MaibornWolff/codecharta/visualization/app/codeCharta/state/store/appSettings/isLoadingMap/isLoadingMap.reducer.ts
FN:3,isLoadingMap
FNF:1
FNH:1
FNDA:4237,isLoadingMap
DA:4,4237
DA:6,791
DA:8,3446
LF:3
LH:3
BRDA:3,0,0,1204
BRDA:5,1,0,791
BRDA:5,1,1,3446
BRF:3
BRH:3
end_of_record
TN:
SF:/home/travis/build/MaibornWolff/codecharta/visualization/app/codeCharta/state/store/appSettings/isLoadingMap/isLoadingMap.service.ts
FN:13,(anonymous_0)
FN:17,(anonymous_1)
FN:23,(anonymous_2)
FN:27,(anonymous_3)
FN:31,(anonymous_4)
FN:32,(anonymous_5)
FNF:6
FNH:5
FNDA:12,(anonymous_0)
FNDA:1091,(anonymous_1)
FNDA:170,(anonymous_2)
FNDA:170,(anonymous_3)
FNDA:1,(anonymous_4)
FNDA:0,(anonymous_5)
DA:11,94
DA:13,12
DA:14,12
DA:18,1091
DA:19,170
DA:24,170
DA:28,170
DA:32,1
DA:33,0
LF:9
LH:8
BRDA:18,0,0,170
BRDA:18,0,1,921
BRF:2
BRH:2
end_of_record
TN:
SF:/home/travis/build/MaibornWolff/codecharta/visualization/app/codeCharta/state/store/appSettings/isLoadingMap/isLoadingMap.splitter.ts
FN:3,splitIsLoadingMapAction
FNF:1
FNH:1
FNDA:43,splitIsLoadingMapAction
DA:4,43
LF:1
LH:1
BRF:0
BRH:0
end_of_record
TN:
SF:/home/travis/build/MaibornWolff/codecharta/visualization/app/codeCharta/state/store/appSettings/isPresentationMode/isPresentationMode.actions.ts
FN:3,(anonymous_0)
FN:14,setPresentationMode
FNF:2
FNH:2
FNDA:122,(anonymous_0)
FNDA:1253,setPresentationMode
DA:3,122
DA:4,122
DA:15,1253
DA:21,122
LF:4
LH:4
BRDA:3,0,0,122
BRDA:3,0,1,122
BRDA:14,1,0,1205
BRF:3
BRH:3
end_of_record
TN:
SF:/home/travis/build/MaibornWolff/codecharta/visualization/app/codeCharta/state/store/appSettings/isPresentationMode/isPresentationMode.reducer.ts
FN:3,isPresentationMode
FNF:1
FNH:1
FNDA:4237,isPresentationMode
DA:4,4237
DA:6,50
DA:8,4187
LF:3
LH:3
BRDA:3,0,0,1204
BRDA:5,1,0,50
BRDA:5,1,1,4187
BRF:3
BRH:3
end_of_record
TN:
SF:/home/travis/build/MaibornWolff/codecharta/visualization/app/codeCharta/state/store/appSettings/isPresentationMode/isPresentationMode.service.ts
FN:13,(anonymous_0)
FN:17,(anonymous_1)
FN:23,(anonymous_2)
FN:27,(anonymous_3)
FN:31,(anonymous_4)
FN:32,(anonymous_5)
FNF:6
FNH:5
FNDA:12,(anonymous_0)
FNDA:1091,(anonymous_1)
FNDA:29,(anonymous_2)
FNDA:29,(anonymous_3)
FNDA:1,(anonymous_4)
FNDA:0,(anonymous_5)
DA:11,94
DA:13,12
DA:14,12
DA:18,1091
DA:19,29
DA:24,29
DA:28,29
DA:32,1
DA:33,0
LF:9
LH:8
BRDA:18,0,0,29
BRDA:18,0,1,1062
BRF:2
BRH:2
end_of_record
TN:
SF:/home/travis/build/MaibornWolff/codecharta/visualization/app/codeCharta/state/store/appSettings/isPresentationMode/isPresentationMode.splitter.ts
FN:3,splitIsPresentationModeAction
FNF:1
FNH:1
FNDA:43,splitIsPresentationModeAction
DA:4,43
LF:1
LH:1
BRF:0
BRH:0
end_of_record
TN:
SF:/home/travis/build/MaibornWolff/codecharta/visualization/app/codeCharta/state/store/appSettings/isWhiteBackground/isWhiteBackground.actions.ts
FN:3,(anonymous_0)
FN:14,setIsWhiteBackground
FNF:2
FNH:2
FNDA:122,(anonymous_0)
FNDA:1251,setIsWhiteBackground
DA:3,122
DA:4,122
DA:15,1251
DA:21,122
LF:4
LH:4
BRDA:3,0,0,122
BRDA:3,0,1,122
BRDA:14,1,0,1205
BRF:3
BRH:3
end_of_record
TN:
SF:/home/travis/build/MaibornWolff/codecharta/visualization/app/codeCharta/state/store/appSettings/isWhiteBackground/isWhiteBackground.reducer.ts
FN:3,isWhiteBackground
FNF:1
FNH:1
FNDA:4237,isWhiteBackground
DA:4,4237
DA:6,48
DA:8,4189
LF:3
LH:3
BRDA:3,0,0,1204
BRDA:5,1,0,48
BRDA:5,1,1,4189
BRF:3
BRH:3
end_of_record
TN:
SF:/home/travis/build/MaibornWolff/codecharta/visualization/app/codeCharta/state/store/appSettings/isWhiteBackground/isWhiteBackground.service.ts
FN:13,(anonymous_0)
FN:17,(anonymous_1)
FN:23,(anonymous_2)
FN:27,(anonymous_3)
FN:31,(anonymous_4)
FN:32,(anonymous_5)
FNF:6
FNH:5
FNDA:12,(anonymous_0)
FNDA:1091,(anonymous_1)
FNDA:29,(anonymous_2)
FNDA:29,(anonymous_3)
FNDA:3,(anonymous_4)
FNDA:0,(anonymous_5)
DA:11,94
DA:13,12
DA:14,12
DA:18,1091
DA:19,29
DA:24,29
DA:28,29
DA:32,3
DA:33,0
LF:9
LH:8
BRDA:18,0,0,29
BRDA:18,0,1,1062
BRF:2
BRH:2
end_of_record
TN:
SF:/home/travis/build/MaibornWolff/codecharta/visualization/app/codeCharta/state/store/appSettings/isWhiteBackground/isWhiteBackground.splitter.ts
FN:3,splitIsWhiteBackgroundAction
FNF:1
FNH:1
FNDA:43,splitIsWhiteBackgroundAction
DA:4,43
LF:1
LH:1
BRF:0
BRH:0
end_of_record
TN:
SF:/home/travis/build/MaibornWolff/codecharta/visualization/app/codeCharta/state/store/appSettings/mapColors/mapColors.actions.ts
FN:3,(anonymous_0)
FN:14,setMapColors
FNF:2
FNH:2
FNDA:122,(anonymous_0)
FNDA:1251,setMapColors
DA:3,122
DA:4,122
DA:15,1251
DA:21,122
LF:4
LH:4
BRDA:3,0,0,122
BRDA:3,0,1,122
BRDA:14,1,0,1205
BRF:3
BRH:3
end_of_record
TN:
SF:/home/travis/build/MaibornWolff/codecharta/visualization/app/codeCharta/state/store/appSettings/mapColors/mapColors.reducer.ts
FN:4,mapColors
FNF:1
FNH:1
FNDA:4238,mapColors
DA:5,4238
DA:7,48
DA:9,4190
LF:3
LH:3
BRDA:4,0,0,1204
BRDA:6,1,0,48
BRDA:6,1,1,4190
BRF:3
BRH:3
end_of_record
TN:
SF:/home/travis/build/MaibornWolff/codecharta/visualization/app/codeCharta/state/store/appSettings/mapColors/mapColors.service.ts
FN:14,(anonymous_0)
FN:18,(anonymous_1)
FN:24,(anonymous_2)
FN:28,(anonymous_3)
FN:32,(anonymous_4)
FN:33,(anonymous_5)
FNF:6
FNH:5
FNDA:12,(anonymous_0)
FNDA:1091,(anonymous_1)
FNDA:29,(anonymous_2)
FNDA:29,(anonymous_3)
FNDA:32,(anonymous_4)
FNDA:0,(anonymous_5)
DA:12,94
DA:14,12
DA:15,12
DA:19,1091
DA:20,29
DA:25,29
DA:29,29
DA:33,32
DA:34,0
LF:9
LH:8
BRDA:19,0,0,29
BRDA:19,0,1,1062
BRF:2
BRH:2
end_of_record
TN:
SF:/home/travis/build/MaibornWolff/codecharta/visualization/app/codeCharta/state/store/appSettings/mapColors/mapColors.splitter.ts
FN:4,splitMapColorsAction
FNF:1
FNH:1
FNDA:43,splitMapColorsAction
DA:5,43
LF:1
LH:1
BRF:0
BRH:0
end_of_record
TN:
SF:/home/travis/build/MaibornWolff/codecharta/visualization/app/codeCharta/state/store/appSettings/resetCameraIfNewFileIsLoaded/resetCameraIfNewFileIsLoaded.actions.ts
FN:3,(anonymous_0)
FN:14,setResetCameraIfNewFileIsLoaded
FNF:2
FNH:2
FNDA:122,(anonymous_0)
FNDA:1253,setResetCameraIfNewFileIsLoaded
DA:3,122
DA:4,122
DA:17,1253
DA:23,122
LF:4
LH:4
BRDA:3,0,0,122
BRDA:3,0,1,122
BRDA:15,1,0,1205
BRF:3
BRH:3
end_of_record
TN:
SF:/home/travis/build/MaibornWolff/codecharta/visualization/app/codeCharta/state/store/appSettings/resetCameraIfNewFileIsLoaded/resetCameraIfNewFileIsLoaded.reducer.ts
FN:7,resetCameraIfNewFileIsLoaded
FNF:1
FNH:1
FNDA:4237,resetCameraIfNewFileIsLoaded
DA:11,4237
DA:13,50
DA:15,4187
LF:3
LH:3
BRDA:8,0,0,1204
BRDA:12,1,0,50
BRDA:12,1,1,4187
BRF:3
BRH:3
end_of_record
TN:
SF:/home/travis/build/MaibornWolff/codecharta/visualization/app/codeCharta/state/store/appSettings/resetCameraIfNewFileIsLoaded/resetCameraIfNewFileIsLoaded.service.ts
FN:13,(anonymous_0)
FN:17,(anonymous_1)
FN:23,(anonymous_2)
FN:27,(anonymous_3)
FN:33,(anonymous_4)
FN:34,(anonymous_5)
FNF:6
FNH:5
FNDA:12,(anonymous_0)
FNDA:1091,(anonymous_1)
FNDA:29,(anonymous_2)
FNDA:29,(anonymous_3)
FNDA:5,(anonymous_4)
FNDA:0,(anonymous_5)
DA:11,94
DA:13,12
DA:14,12
DA:18,1091
DA:19,29
DA:24,29
DA:28,29
DA:34,5
DA:35,0
LF:9
LH:8
BRDA:18,0,0,29
BRDA:18,0,1,1062
BRF:2
BRH:2
end_of_record
TN:
SF:/home/travis/build/MaibornWolff/codecharta/visualization/app/codeCharta/state/store/appSettings/resetCameraIfNewFileIsLoaded/resetCameraIfNewFileIsLoaded.splitter.ts
FN:3,splitResetCameraIfNewFileIsLoadedAction
FNF:1
FNH:1
FNDA:43,splitResetCameraIfNewFileIsLoadedAction
DA:4,43
LF:1
LH:1
BRF:0
BRH:0
end_of_record
TN:
SF:/home/travis/build/MaibornWolff/codecharta/visualization/app/codeCharta/state/store/appSettings/scaling/scaling.actions.ts
FN:4,(anonymous_0)
FN:15,setScaling
FNF:2
FNH:2
FNDA:123,(anonymous_0)
FNDA:1258,setScaling
DA:4,123
DA:5,123
DA:16,1258
DA:22,123
LF:4
LH:4
BRDA:4,0,0,123
BRDA:4,0,1,123
BRDA:15,1,0,1205
BRF:3
BRH:3
end_of_record
TN:
SF:/home/travis/build/MaibornWolff/codecharta/visualization/app/codeCharta/state/store/appSettings/scaling/scaling.reducer.ts
FN:4,scaling
FNF:1
FNH:1
FNDA:4237,scaling
DA:5,4237
DA:7,54
DA:9,4183
LF:3
LH:3
BRDA:4,0,0,1204
BRDA:6,1,0,54
BRDA:6,1,1,4183
BRF:3
BRH:3
end_of_record
TN:
SF:/home/travis/build/MaibornWolff/codecharta/visualization/app/codeCharta/state/store/appSettings/scaling/scaling.service.ts
FN:14,(anonymous_0)
FN:18,(anonymous_1)
FN:24,(anonymous_2)
FN:28,(anonymous_3)
FN:32,(anonymous_4)
FN:33,(anonymous_5)
FNF:6
FNH:6
FNDA:12,(anonymous_0)
FNDA:1091,(anonymous_1)
FNDA:29,(anonymous_2)
FNDA:29,(anonymous_3)
FNDA:126,(anonymous_4)
FNDA:28,(anonymous_5)
DA:12,94
DA:14,12
DA:15,12
DA:19,1091
DA:20,29
DA:25,29
DA:29,29
DA:33,126
DA:34,28
LF:9
LH:9
BRDA:19,0,0,29
BRDA:19,0,1,1062
BRF:2
BRH:2
end_of_record
TN:
SF:/home/travis/build/MaibornWolff/codecharta/visualization/app/codeCharta/state/store/appSettings/scaling/scaling.splitter.ts
FN:4,splitScalingAction
FNF:1
FNH:1
FNDA:45,splitScalingAction
DA:5,45
LF:1
LH:1
BRF:0
BRH:0
end_of_record
TN:
SF:/home/travis/build/MaibornWolff/codecharta/visualization/app/codeCharta/state/store/appSettings/searchPanelMode/searchPanelMode.actions.ts
FN:4,(anonymous_0)
FN:15,setSearchPanelMode
FNF:2
FNH:2
FNDA:122,(anonymous_0)
FNDA:1253,setSearchPanelMode
DA:4,122
DA:5,122
DA:16,1253
DA:22,122
LF:4
LH:4
BRDA:4,0,0,122
BRDA:4,0,1,122
BRDA:15,1,0,1205
BRF:3
BRH:3
end_of_record
TN:
SF:/home/travis/build/MaibornWolff/codecharta/visualization/app/codeCharta/state/store/appSettings/searchPanelMode/searchPanelMode.reducer.ts
FN:4,searchPanelMode
FNF:1
FNH:1
FNDA:4237,searchPanelMode
DA:5,4237
DA:7,50
DA:9,4187
LF:3
LH:3
BRDA:4,0,0,1204
BRDA:6,1,0,50
BRDA:6,1,1,4187
BRF:3
BRH:3
end_of_record
TN:
SF:/home/travis/build/MaibornWolff/codecharta/visualization/app/codeCharta/state/store/appSettings/searchPanelMode/searchPanelMode.service.ts
FN:14,(anonymous_0)
FN:18,(anonymous_1)
FN:24,(anonymous_2)
FN:28,(anonymous_3)
FN:32,(anonymous_4)
FN:33,(anonymous_5)
FNF:6
FNH:5
FNDA:12,(anonymous_0)
FNDA:1091,(anonymous_1)
FNDA:29,(anonymous_2)
FNDA:29,(anonymous_3)
FNDA:11,(anonymous_4)
FNDA:0,(anonymous_5)
DA:12,94
DA:14,12
DA:15,12
DA:19,1091
DA:20,29
DA:25,29
DA:29,29
DA:33,11
DA:34,0
LF:9
LH:8
BRDA:19,0,0,29
BRDA:19,0,1,1062
BRF:2
BRH:2
end_of_record
TN:
SF:/home/travis/build/MaibornWolff/codecharta/visualization/app/codeCharta/state/store/appSettings/searchPanelMode/searchPanelMode.splitter.ts
FN:4,splitSearchPanelModeAction
FNF:1
FNH:1
FNDA:43,splitSearchPanelModeAction
DA:5,43
LF:1
LH:1
BRF:0
BRH:0
end_of_record
TN:
SF:/home/travis/build/MaibornWolff/codecharta/visualization/app/codeCharta/state/store/appSettings/showOnlyBuildingsWithEdges/showOnlyBuildingsWithEdges.actions.ts
FN:3,(anonymous_0)
FN:14,setShowOnlyBuildingsWithEdges
FNF:2
FNH:2
FNDA:122,(anonymous_0)
FNDA:1254,setShowOnlyBuildingsWithEdges
DA:3,122
DA:4,122
DA:17,1254
DA:23,122
LF:4
LH:4
BRDA:3,0,0,122
BRDA:3,0,1,122
BRDA:15,1,0,1205
BRF:3
BRH:3
end_of_record
TN:
SF:/home/travis/build/MaibornWolff/codecharta/visualization/app/codeCharta/state/store/appSettings/showOnlyBuildingsWithEdges/showOnlyBuildingsWithEdges.reducer.ts
FN:7,showOnlyBuildingsWithEdges
FNF:1
FNH:1
FNDA:4237,showOnlyBuildingsWithEdges
DA:11,4237
DA:13,51
DA:15,4186
LF:3
LH:3
BRDA:8,0,0,1204
BRDA:12,1,0,51
BRDA:12,1,1,4186
BRF:3
BRH:3
end_of_record
TN:
SF:/home/travis/build/MaibornWolff/codecharta/visualization/app/codeCharta/state/store/appSettings/showOnlyBuildingsWithEdges/showOnlyBuildingsWithEdges.service.ts
FN:13,(anonymous_0)
FN:17,(anonymous_1)
FN:23,(anonymous_2)
FN:27,(anonymous_3)
FN:33,(anonymous_4)
FN:34,(anonymous_5)
FNF:6
FNH:5
FNDA:12,(anonymous_0)
FNDA:1091,(anonymous_1)
FNDA:29,(anonymous_2)
FNDA:29,(anonymous_3)
FNDA:5,(anonymous_4)
FNDA:0,(anonymous_5)
DA:11,94
DA:13,12
DA:14,12
DA:18,1091
DA:19,29
DA:24,29
DA:28,29
DA:34,5
DA:35,0
LF:9
LH:8
BRDA:18,0,0,29
BRDA:18,0,1,1062
BRF:2
BRH:2
end_of_record
TN:
SF:/home/travis/build/MaibornWolff/codecharta/visualization/app/codeCharta/state/store/appSettings/showOnlyBuildingsWithEdges/showOnlyBuildingsWithEdges.splitter.ts
FN:3,splitShowOnlyBuildingsWithEdgesAction
FNF:1
FNH:1
FNDA:43,splitShowOnlyBuildingsWithEdgesAction
DA:4,43
LF:1
LH:1
BRF:0
BRH:0
end_of_record
TN:
SF:/home/travis/build/MaibornWolff/codecharta/visualization/app/codeCharta/state/store/appSettings/sortingOrderAscending/sortingOrderAscending.actions.ts
FN:3,(anonymous_0)
FN:14,setSortingOrderAscending
FNF:2
FNH:2
FNDA:122,(anonymous_0)
FNDA:1250,setSortingOrderAscending
DA:3,122
DA:4,122
DA:15,1250
DA:21,122
LF:4
LH:4
BRDA:3,0,0,122
BRDA:3,0,1,122
BRDA:14,1,0,1205
BRF:3
BRH:3
end_of_record
TN:
SF:/home/travis/build/MaibornWolff/codecharta/visualization/app/codeCharta/state/store/appSettings/sortingOrderAscending/sortingOrderAscending.reducer.ts
FN:3,sortingOrderAscending
FNF:1
FNH:1
FNDA:4237,sortingOrderAscending
DA:4,4237
DA:6,47
DA:8,4190
LF:3
LH:3
BRDA:3,0,0,1204
BRDA:5,1,0,47
BRDA:5,1,1,4190
BRF:3
BRH:3
end_of_record
TN:
SF:/home/travis/build/MaibornWolff/codecharta/visualization/app/codeCharta/state/store/appSettings/sortingOrderAscending/sortingOrderAscending.service.ts
FN:14,(anonymous_0)
FN:18,(anonymous_1)
FN:24,(anonymous_2)
FN:28,(anonymous_3)
FN:32,(anonymous_4)
FN:33,(anonymous_5)
FNF:6
FNH:5
FNDA:12,(anonymous_0)
FNDA:1091,(anonymous_1)
FNDA:29,(anonymous_2)
FNDA:29,(anonymous_3)
FNDA:6,(anonymous_4)
FNDA:0,(anonymous_5)
DA:12,94
DA:14,12
DA:15,12
DA:19,1091
DA:20,29
DA:25,29
DA:29,29
DA:33,6
DA:34,0
LF:9
LH:8
BRDA:19,0,0,29
BRDA:19,0,1,1062
BRF:2
BRH:2
end_of_record
TN:
SF:/home/travis/build/MaibornWolff/codecharta/visualization/app/codeCharta/state/store/appSettings/sortingOrderAscending/sortingOrderAscending.splitter.ts
FN:3,splitSortingOrderAscendingAction
FNF:1
FNH:1
FNDA:43,splitSortingOrderAscendingAction
DA:4,43
LF:1
LH:1
BRF:0
BRH:0
end_of_record
TN:
SF:/home/travis/build/MaibornWolff/codecharta/visualization/app/codeCharta/state/store/appSettings/whiteColorBuildings/whiteColorBuildings.actions.ts
FN:3,(anonymous_0)
FN:14,setWhiteColorBuildings
FNF:2
FNH:2
FNDA:122,(anonymous_0)
FNDA:1251,setWhiteColorBuildings
DA:3,122
DA:4,122
DA:15,1251
DA:21,122
LF:4
LH:4
BRDA:3,0,0,122
BRDA:3,0,1,122
BRDA:14,1,0,1205
BRF:3
BRH:3
end_of_record
TN:
SF:/home/travis/build/MaibornWolff/codecharta/visualization/app/codeCharta/state/store/appSettings/whiteColorBuildings/whiteColorBuildings.reducer.ts
FN:3,whiteColorBuildings
FNF:1
FNH:1
FNDA:4237,whiteColorBuildings
DA:4,4237
DA:6,48
DA:8,4189
LF:3
LH:3
BRDA:3,0,0,1204
BRDA:5,1,0,48
BRDA:5,1,1,4189
BRF:3
BRH:3
end_of_record
TN:
SF:/home/travis/build/MaibornWolff/codecharta/visualization/app/codeCharta/state/store/appSettings/whiteColorBuildings/whiteColorBuildings.service.ts
FN:13,(anonymous_0)
FN:17,(anonymous_1)
FN:23,(anonymous_2)
FN:27,(anonymous_3)
FN:31,(anonymous_4)
FN:32,(anonymous_5)
FNF:6
FNH:5
FNDA:12,(anonymous_0)
FNDA:1091,(anonymous_1)
FNDA:29,(anonymous_2)
FNDA:29,(anonymous_3)
FNDA:21,(anonymous_4)
FNDA:0,(anonymous_5)
DA:11,94
DA:13,12
DA:14,12
DA:18,1091
DA:19,29
DA:24,29
DA:28,29
DA:32,21
DA:33,0
LF:9
LH:8
BRDA:18,0,0,29
BRDA:18,0,1,1062
BRF:2
BRH:2
end_of_record
TN:
SF:/home/travis/build/MaibornWolff/codecharta/visualization/app/codeCharta/state/store/appSettings/whiteColorBuildings/whiteColorBuildings.splitter.ts
FN:3,splitWhiteColorBuildingsAction
FNF:1
FNH:1
FNDA:43,splitWhiteColorBuildingsAction
DA:4,43
LF:1
LH:1
BRF:0
BRH:0
end_of_record
TN:
SF:/home/travis/build/MaibornWolff/codecharta/visualization/app/codeCharta/state/store/dynamicSettings/dynamicSettings.actions.ts
FN:16,(anonymous_0)
FN:27,setDynamicSettings
FNF:2
FNH:2
FNDA:121,(anonymous_0)
FNDA:14,setDynamicSettings
DA:16,121
DA:17,121
DA:28,14
DA:34,121
LF:4
LH:4
BRDA:16,0,0,121
BRDA:16,0,1,121
BRDA:27,1,0,0
BRF:3
BRH:2
end_of_record
TN:
SF:/home/travis/build/MaibornWolff/codecharta/visualization/app/codeCharta/state/store/dynamicSettings/dynamicSettings.reducer.ts
FNF:0
FNH:0
DA:15,120
LF:1
LH:1
BRF:0
BRH:0
end_of_record
TN:
SF:/home/travis/build/MaibornWolff/codecharta/visualization/app/codeCharta/state/store/dynamicSettings/dynamicSettings.splitter.ts
FN:16,splitDynamicSettingsActions
FNF:1
FNH:1
FNDA:47,splitDynamicSettingsActions
DA:17,47
DA:20,47
DA:21,41
DA:24,47
DA:25,41
DA:28,47
DA:29,41
DA:32,47
DA:33,41
DA:36,47
DA:37,41
DA:40,47
DA:41,41
DA:44,47
DA:45,43
DA:48,47
DA:49,45
DA:52,47
DA:53,41
DA:56,47
DA:57,44
DA:60,47
DA:61,45
DA:64,47
LF:24
LH:24
BRDA:20,0,0,41
BRDA:20,0,1,6
BRDA:24,1,0,41
BRDA:24,1,1,6
BRDA:28,2,0,41
BRDA:28,2,1,6
BRDA:32,3,0,41
BRDA:32,3,1,6
BRDA:36,4,0,41
BRDA:36,4,1,6
BRDA:40,5,0,41
BRDA:40,5,1,6
BRDA:44,6,0,43
BRDA:44,6,1,4
BRDA:48,7,0,45
BRDA:48,7,1,2
BRDA:52,8,0,41
BRDA:52,8,1,6
BRDA:56,9,0,44
BRDA:56,9,1,3
BRDA:60,10,0,45
BRDA:60,10,1,2
BRF:22
BRH:22
end_of_record
TN:
SF:/home/travis/build/MaibornWolff/codecharta/visualization/app/codeCharta/state/store/dynamicSettings/areaMetric/areaMetric.actions.ts
FN:3,(anonymous_0)
FN:14,setAreaMetric
FNF:2
FNH:2
FNDA:122,(anonymous_0)
FNDA:1271,setAreaMetric
DA:3,122
DA:4,122
DA:15,1271
DA:21,122
LF:4
LH:4
BRDA:3,0,0,122
BRDA:3,0,1,122
BRDA:14,1,0,1205
BRF:3
BRH:3
end_of_record
TN:
SF:/home/travis/build/MaibornWolff/codecharta/visualization/app/codeCharta/state/store/dynamicSettings/areaMetric/areaMetric.reducer.ts
FN:3,areaMetric
FNF:1
FNH:1
FNDA:4237,areaMetric
DA:4,4237
DA:6,66
DA:8,4171
LF:3
LH:3
BRDA:3,0,0,1204
BRDA:5,1,0,66
BRDA:5,1,1,4171
BRF:3
BRH:3
end_of_record
TN:
SF:/home/travis/build/MaibornWolff/codecharta/visualization/app/codeCharta/state/store/dynamicSettings/areaMetric/areaMetric.service.ts
FN:16,(anonymous_0)
FN:21,(anonymous_1)
FN:27,(anonymous_2)
FN:33,(anonymous_3)
FN:42,(anonymous_4)
FN:46,(anonymous_5)
FN:50,(anonymous_6)
FN:51,(anonymous_7)
FNF:8
FNH:8
FNDA:17,(anonymous_0)
FNDA:1091,(anonymous_1)
FNDA:31,(anonymous_2)
FNDA:30,(anonymous_3)
FNDA:29,(anonymous_4)
FNDA:29,(anonymous_5)
FNDA:17,(anonymous_6)
FNDA:28,(anonymous_7)
DA:14,94
DA:16,17
DA:17,17
DA:18,17
DA:22,1091
DA:23,29
DA:28,31
DA:29,30
DA:34,30
DA:36,30
DA:37,15
DA:38,15
DA:43,29
DA:47,29
DA:51,17
DA:52,28
LF:16
LH:16
BRDA:22,0,0,29
BRDA:22,0,1,1062
BRDA:28,1,0,30
BRDA:28,1,1,1
BRDA:36,2,0,15
BRDA:36,2,1,15
BRF:6
BRH:6
end_of_record
TN:
SF:/home/travis/build/MaibornWolff/codecharta/visualization/app/codeCharta/state/store/dynamicSettings/areaMetric/areaMetric.splitter.ts
FN:3,splitAreaMetricAction
FNF:1
FNH:1
FNDA:45,splitAreaMetricAction
DA:4,45
LF:1
LH:1
BRF:0
BRH:0
end_of_record
TN:
SF:/home/travis/build/MaibornWolff/codecharta/visualization/app/codeCharta/state/store/dynamicSettings/colorMetric/colorMetric.actions.ts
FN:3,(anonymous_0)
FN:14,setColorMetric
FNF:2
FNH:2
FNDA:122,(anonymous_0)
FNDA:1268,setColorMetric
DA:3,122
DA:4,122
DA:15,1268
DA:21,122
LF:4
LH:4
BRDA:3,0,0,122
BRDA:3,0,1,122
BRDA:14,1,0,1205
BRF:3
BRH:3
end_of_record
TN:
SF:/home/travis/build/MaibornWolff/codecharta/visualization/app/codeCharta/state/store/dynamicSettings/colorMetric/colorMetric.reducer.ts
FN:3,colorMetric
FNF:1
FNH:1
FNDA:4237,colorMetric
DA:4,4237
DA:6,64
DA:8,4173
LF:3
LH:3
BRDA:3,0,0,1204
BRDA:5,1,0,64
BRDA:5,1,1,4173
BRF:3
BRH:3
end_of_record
TN:
SF:/home/travis/build/MaibornWolff/codecharta/visualization/app/codeCharta/state/store/dynamicSettings/colorMetric/colorMetric.service.ts
FN:16,(anonymous_0)
FN:21,(anonymous_1)
FN:27,(anonymous_2)
FN:33,(anonymous_3)
FN:42,(anonymous_4)
FN:46,(anonymous_5)
FN:50,(anonymous_6)
FN:51,(anonymous_7)
FNF:8
FNH:8
FNDA:18,(anonymous_0)
FNDA:1091,(anonymous_1)
FNDA:32,(anonymous_2)
FNDA:31,(anonymous_3)
FNDA:29,(anonymous_4)
FNDA:29,(anonymous_5)
FNDA:30,(anonymous_6)
FNDA:28,(anonymous_7)
DA:14,94
DA:16,18
DA:17,18
DA:18,18
DA:22,1091
DA:23,29
DA:28,32
DA:29,31
DA:34,31
DA:36,31
DA:37,16
DA:38,16
DA:43,29
DA:47,29
DA:51,30
DA:52,28
LF:16
LH:16
BRDA:22,0,0,29
BRDA:22,0,1,1062
BRDA:28,1,0,31
BRDA:28,1,1,1
BRDA:36,2,0,16
BRDA:36,2,1,15
BRF:6
BRH:6
end_of_record
TN:
SF:/home/travis/build/MaibornWolff/codecharta/visualization/app/codeCharta/state/store/dynamicSettings/colorMetric/colorMetric.splitter.ts
FN:3,splitColorMetricAction
FNF:1
FNH:1
FNDA:44,splitColorMetricAction
DA:4,44
LF:1
LH:1
BRF:0
BRH:0
end_of_record
TN:
SF:/home/travis/build/MaibornWolff/codecharta/visualization/app/codeCharta/state/store/dynamicSettings/colorRange/colorRange.actions.ts
FN:3,(anonymous_0)
FN:14,setColorRange
FNF:2
FNH:2
FNDA:122,(anonymous_0)
FNDA:1276,setColorRange
DA:3,122
DA:4,122
DA:15,1276
DA:21,122
LF:4
LH:4
BRDA:3,0,0,122
BRDA:3,0,1,122
BRDA:14,1,0,1205
BRF:3
BRH:3
end_of_record
TN:
SF:/home/travis/build/MaibornWolff/codecharta/visualization/app/codeCharta/state/store/dynamicSettings/colorRange/colorRange.reducer.ts
FN:5,colorRange
FNF:1
FNH:1
FNDA:4237,colorRange
DA:3,121
DA:6,4237
DA:8,73
DA:10,4164
LF:4
LH:4
BRDA:5,0,0,1204
BRDA:7,1,0,73
BRDA:7,1,1,4164
BRF:3
BRH:3
end_of_record
TN:
SF:/home/travis/build/MaibornWolff/codecharta/visualization/app/codeCharta/state/store/dynamicSettings/colorRange/colorRange.reset.ts
FN:3,getResetColorRange
FNF:1
FNH:1
FNDA:29,getResetColorRange
DA:4,29
DA:5,29
DA:6,29
LF:3
LH:3
BRF:0
BRH:0
end_of_record
TN:
SF:/home/travis/build/MaibornWolff/codecharta/visualization/app/codeCharta/state/store/dynamicSettings/colorRange/colorRange.service.ts
FN:19,(anonymous_0)
FN:25,(anonymous_1)
FN:32,(anonymous_2)
FN:36,(anonymous_3)
FN:40,(anonymous_4)
FN:49,(anonymous_5)
FN:57,(anonymous_6)
FN:61,(anonymous_7)
FN:65,(anonymous_8)
FN:66,(anonymous_9)
FNF:10
FNH:9
FNDA:15,(anonymous_0)
FNDA:1091,(anonymous_1)
FNDA:28,(anonymous_2)
FNDA:1,(anonymous_3)
FNDA:43,(anonymous_4)
FNDA:29,(anonymous_5)
FNDA:43,(anonymous_6)
FNDA:43,(anonymous_7)
FNDA:4,(anonymous_8)
FNDA:0,(anonymous_9)
DA:17,94
DA:19,15
DA:20,15
DA:21,15
DA:22,15
DA:26,1091
DA:27,43
DA:28,43
DA:33,28
DA:37,1
DA:41,43
DA:42,43
DA:43,43
DA:44,43
DA:45,0
DA:50,29
DA:51,29
DA:53,29
DA:54,29
DA:58,43
DA:62,43
DA:66,4
DA:67,0
LF:23
LH:21
BRDA:26,0,0,43
BRDA:26,0,1,1048
BRDA:44,1,0,0
BRDA:44,1,1,43
BRDA:44,2,0,43
BRDA:44,2,1,14
BRDA:44,2,2,14
BRF:7
BRH:6
end_of_record
TN:
SF:/home/travis/build/MaibornWolff/codecharta/visualization/app/codeCharta/state/store/dynamicSettings/colorRange/colorRange.splitter.ts
FN:4,splitColorRangeAction
FNF:1
FNH:1
FNDA:41,splitColorRangeAction
DA:5,41
LF:1
LH:1
BRF:0
BRH:0
end_of_record
TN:
SF:/home/travis/build/MaibornWolff/codecharta/visualization/app/codeCharta/state/store/dynamicSettings/distributionMetric/distributionMetric.actions.ts
FN:3,(anonymous_0)
FN:14,setDistributionMetric
FNF:2
FNH:2
FNDA:122,(anonymous_0)
FNDA:1266,setDistributionMetric
DA:3,122
DA:4,122
DA:15,1266
DA:21,122
LF:4
LH:4
BRDA:3,0,0,122
BRDA:3,0,1,122
BRDA:14,1,0,1205
BRF:3
BRH:3
end_of_record
TN:
SF:/home/travis/build/MaibornWolff/codecharta/visualization/app/codeCharta/state/store/dynamicSettings/distributionMetric/distributionMetric.reducer.ts
FN:3,distributionMetric
FNF:1
FNH:1
FNDA:4237,distributionMetric
DA:4,4237
DA:6,63
DA:8,4174
LF:3
LH:3
BRDA:3,0,0,1204
BRDA:5,1,0,63
BRDA:5,1,1,4174
BRF:3
BRH:3
end_of_record
TN:
SF:/home/travis/build/MaibornWolff/codecharta/visualization/app/codeCharta/state/store/dynamicSettings/distributionMetric/distributionMetric.service.ts
FN:16,(anonymous_0)
FN:21,(anonymous_1)
FN:27,(anonymous_2)
FN:33,(anonymous_3)
FN:42,(anonymous_4)
FN:46,(anonymous_5)
FN:50,(anonymous_6)
FN:51,(anonymous_7)
FNF:8
FNH:7
FNDA:17,(anonymous_0)
FNDA:1091,(anonymous_1)
FNDA:31,(anonymous_2)
FNDA:30,(anonymous_3)
FNDA:29,(anonymous_4)
FNDA:29,(anonymous_5)
FNDA:7,(anonymous_6)
FNDA:0,(anonymous_7)
DA:14,94
DA:16,17
DA:17,17
DA:18,17
DA:22,1091
DA:23,29
DA:28,31
DA:29,30
DA:34,30
DA:36,30
DA:37,15
DA:38,15
DA:43,29
DA:47,29
DA:51,7
DA:52,0
LF:16
LH:15
BRDA:22,0,0,29
BRDA:22,0,1,1062
BRDA:28,1,0,30
BRDA:28,1,1,1
BRDA:36,2,0,15
BRDA:36,2,1,15
BRF:6
BRH:6
end_of_record
TN:
SF:/home/travis/build/MaibornWolff/codecharta/visualization/app/codeCharta/state/store/dynamicSettings/distributionMetric/distributionMetric.splitter.ts
FN:3,splitDistributionMetricAction
FNF:1
FNH:1
FNDA:41,splitDistributionMetricAction
DA:4,41
LF:1
LH:1
BRF:0
BRH:0
end_of_record
TN:
SF:/home/travis/build/MaibornWolff/codecharta/visualization/app/codeCharta/state/store/dynamicSettings/edgeMetric/edgeMetric.actions.ts
FN:3,(anonymous_0)
FN:14,setEdgeMetric
FNF:2
FNH:2
FNDA:122,(anonymous_0)
FNDA:1266,setEdgeMetric
DA:3,122
DA:4,122
DA:15,1266
DA:21,122
LF:4
LH:4
BRDA:3,0,0,122
BRDA:3,0,1,122
BRDA:14,1,0,1205
BRF:3
BRH:3
end_of_record
TN:
SF:/home/travis/build/MaibornWolff/codecharta/visualization/app/codeCharta/state/store/dynamicSettings/edgeMetric/edgeMetric.reducer.ts
FN:3,edgeMetric
FNF:1
FNH:1
FNDA:4237,edgeMetric
DA:4,4237
DA:6,63
DA:8,4174
LF:3
LH:3
BRDA:3,0,0,1204
BRDA:5,1,0,63
BRDA:5,1,1,4174
BRF:3
BRH:3
end_of_record
TN:
SF:/home/travis/build/MaibornWolff/codecharta/visualization/app/codeCharta/state/store/dynamicSettings/edgeMetric/edgeMetric.service.ts
FN:15,(anonymous_0)
FN:20,(anonymous_1)
FN:26,(anonymous_2)
FN:27,(anonymous_3)
FN:32,(anonymous_4)
FN:36,(anonymous_5)
FN:40,(anonymous_6)
FN:44,(anonymous_7)
FN:45,(anonymous_8)
FNF:9
FNH:8
FNDA:16,(anonymous_0)
FNDA:1091,(anonymous_1)
FNDA:16,(anonymous_2)
FNDA:18,(anonymous_3)
FNDA:15,(anonymous_4)
FNDA:29,(anonymous_5)
FNDA:29,(anonymous_6)
FNDA:24,(anonymous_7)
FNDA:0,(anonymous_8)
DA:13,94
DA:15,16
DA:16,16
DA:17,16
DA:21,1091
DA:22,29
DA:27,18
DA:28,15
DA:33,15
DA:37,29
DA:41,29
DA:45,24
DA:46,0
LF:13
LH:12
BRDA:21,0,0,29
BRDA:21,0,1,1062
BRDA:27,1,0,15
BRDA:27,1,1,1
BRF:4
BRH:4
end_of_record
TN:
SF:/home/travis/build/MaibornWolff/codecharta/visualization/app/codeCharta/state/store/dynamicSettings/edgeMetric/edgeMetric.splitter.ts
FN:3,splitEdgeMetricAction
FNF:1
FNH:1
FNDA:41,splitEdgeMetricAction
DA:4,41
LF:1
LH:1
BRF:0
BRH:0
end_of_record
TN:
SF:/home/travis/build/MaibornWolff/codecharta/visualization/app/codeCharta/state/store/dynamicSettings/focusedNodePath/focusedNodePath.actions.ts
FN:3,(anonymous_0)
FN:20,focusNode
FN:27,unfocusNode
FNF:3
FNH:3
FNDA:121,(anonymous_0)
FNDA:1253,focusNode
FNDA:13,unfocusNode
DA:3,121
DA:4,121
DA:5,121
DA:21,1253
DA:28,13
DA:34,121
LF:6
LH:6
BRDA:3,0,0,121
BRDA:3,0,1,121
BRDA:20,1,0,1206
BRF:3
BRH:3
end_of_record
TN:
SF:/home/travis/build/MaibornWolff/codecharta/visualization/app/codeCharta/state/store/dynamicSettings/focusedNodePath/focusedNodePath.reducer.ts
FN:4,focusedNodePath
FNF:1
FNH:1
FNDA:4239,focusedNodePath
DA:5,4239
DA:7,48
DA:9,14
DA:11,4177
LF:4
LH:4
BRDA:4,0,0,1204
BRDA:6,1,0,48
BRDA:6,1,1,14
BRDA:6,1,2,4177
BRDA:7,2,0,1
BRDA:7,2,1,47
BRF:6
BRH:6
end_of_record
TN:
SF:/home/travis/build/MaibornWolff/codecharta/visualization/app/codeCharta/state/store/dynamicSettings/focusedNodePath/focusedNodePath.service.ts
FN:19,(anonymous_0)
FN:24,(anonymous_1)
FN:32,(anonymous_2)
FN:38,(anonymous_3)
FN:42,(anonymous_4)
FN:46,(anonymous_5)
FN:50,(anonymous_6)
FN:54,(anonymous_7)
FN:55,(anonymous_8)
FN:60,(anonymous_9)
FN:61,(anonymous_10)
FNF:11
FNH:9
FNDA:16,(anonymous_0)
FNDA:1092,(anonymous_1)
FNDA:1,(anonymous_2)
FNDA:1,(anonymous_3)
FNDA:15,(anonymous_4)
FNDA:15,(anonymous_5)
FNDA:1,(anonymous_6)
FNDA:32,(anonymous_7)
FNDA:0,(anonymous_8)
FNDA:38,(anonymous_9)
FNDA:0,(anonymous_10)
DA:16,94
DA:17,94
DA:19,16
DA:20,16
DA:21,16
DA:25,1092
DA:26,15
DA:27,1077
DA:28,1
DA:33,1
DA:34,1
DA:39,1
DA:43,15
DA:47,15
DA:51,1
DA:55,32
DA:56,0
DA:61,38
DA:62,0
LF:19
LH:17
BRDA:25,0,0,15
BRDA:25,0,1,1077
BRDA:27,1,0,1
BRDA:27,1,1,1076
BRDA:33,2,0,1
BRDA:33,2,1,0
BRF:6
BRH:5
end_of_record
TN:
SF:/home/travis/build/MaibornWolff/codecharta/visualization/app/codeCharta/state/store/dynamicSettings/focusedNodePath/focusedNodePath.splitter.ts
FN:3,splitFocusedNodePathAction
FNF:1
FNH:1
FNDA:43,splitFocusedNodePathAction
DA:4,43
DA:5,1
DA:7,42
LF:3
LH:3
BRDA:4,0,0,1
BRDA:4,0,1,42
BRF:2
BRH:2
end_of_record
TN:
SF:/home/travis/build/MaibornWolff/codecharta/visualization/app/codeCharta/state/store/dynamicSettings/heightMetric/heightMetric.actions.ts
FN:3,(anonymous_0)
FN:14,setHeightMetric
FNF:2
FNH:2
FNDA:122,(anonymous_0)
FNDA:1274,setHeightMetric
DA:3,122
DA:4,122
DA:15,1274
DA:21,122
LF:4
LH:4
BRDA:3,0,0,122
BRDA:3,0,1,122
BRDA:14,1,0,1205
BRF:3
BRH:3
end_of_record
TN:
SF:/home/travis/build/MaibornWolff/codecharta/visualization/app/codeCharta/state/store/dynamicSettings/heightMetric/heightMetric.reducer.ts
FN:3,heightMetric
FNF:1
FNH:1
FNDA:4237,heightMetric
DA:4,4237
DA:6,69
DA:8,4168
LF:3
LH:3
BRDA:3,0,0,1204
BRDA:5,1,0,69
BRDA:5,1,1,4168
BRF:3
BRH:3
end_of_record
TN:
SF:/home/travis/build/MaibornWolff/codecharta/visualization/app/codeCharta/state/store/dynamicSettings/heightMetric/heightMetric.service.ts
FN:16,(anonymous_0)
FN:21,(anonymous_1)
FN:27,(anonymous_2)
FN:33,(anonymous_3)
FN:42,(anonymous_4)
FN:46,(anonymous_5)
FN:50,(anonymous_6)
FN:51,(anonymous_7)
FNF:8
FNH:7
FNDA:18,(anonymous_0)
FNDA:1091,(anonymous_1)
FNDA:32,(anonymous_2)
FNDA:31,(anonymous_3)
FNDA:29,(anonymous_4)
FNDA:29,(anonymous_5)
FNDA:10,(anonymous_6)
FNDA:0,(anonymous_7)
DA:14,94
DA:16,18
DA:17,18
DA:18,18
DA:22,1091
DA:23,29
DA:28,32
DA:29,31
DA:34,31
DA:36,31
DA:37,16
DA:38,16
DA:43,29
DA:47,29
DA:51,10
DA:52,0
LF:16
LH:15
BRDA:22,0,0,29
BRDA:22,0,1,1062
BRDA:28,1,0,31
BRDA:28,1,1,1
BRDA:36,2,0,16
BRDA:36,2,1,15
BRF:6
BRH:6
end_of_record
TN:
SF:/home/travis/build/MaibornWolff/codecharta/visualization/app/codeCharta/state/store/dynamicSettings/heightMetric/heightMetric.splitter.ts
FN:3,splitHeightMetricAction
FNF:1
FNH:1
FNDA:45,splitHeightMetricAction
DA:4,45
LF:1
LH:1
BRF:0
BRH:0
end_of_record
TN:
SF:/home/travis/build/MaibornWolff/codecharta/visualization/app/codeCharta/state/store/dynamicSettings/margin/margin.actions.ts
FN:3,(anonymous_0)
FN:14,setMargin
FNF:2
FNH:2
FNDA:122,(anonymous_0)
FNDA:1253,setMargin
DA:3,122
DA:4,122
DA:15,1253
DA:21,122
LF:4
LH:4
BRDA:3,0,0,122
BRDA:3,0,1,122
BRDA:14,1,0,1205
BRF:3
BRH:3
end_of_record
TN:
SF:/home/travis/build/MaibornWolff/codecharta/visualization/app/codeCharta/state/store/dynamicSettings/margin/margin.reducer.ts
FN:3,margin
FNF:1
FNH:1
FNDA:4237,margin
DA:4,4237
DA:6,49
DA:8,4188
LF:3
LH:3
BRDA:3,0,0,1204
BRDA:5,1,0,49
BRDA:5,1,1,4188
BRF:3
BRH:3
end_of_record
TN:
SF:/home/travis/build/MaibornWolff/codecharta/visualization/app/codeCharta/state/store/dynamicSettings/margin/margin.reset.ts
FN:8,getResetMargin
FN:14,calculateMargin
FN:19,(anonymous_2)
FNF:3
FNH:3
FNDA:60,getResetMargin
FNDA:3,calculateMargin
FNDA:12,(anonymous_2)
DA:4,94
DA:5,94
DA:6,94
DA:9,60
DA:10,3
DA:15,3
DA:16,3
DA:17,3
DA:19,3
DA:20,12
DA:21,12
DA:22,9
DA:26,3
DA:27,3
LF:14
LH:14
BRDA:9,0,0,3
BRDA:9,0,1,57
BRDA:9,1,0,60
BRDA:9,1,1,59
BRDA:21,2,0,9
BRDA:21,2,1,3
BRDA:21,3,0,12
BRDA:21,3,1,12
BRF:8
BRH:8
end_of_record
TN:
SF:/home/travis/build/MaibornWolff/codecharta/visualization/app/codeCharta/state/store/dynamicSettings/margin/margin.service.ts
FN:18,(anonymous_0)
FN:28,(anonymous_1)
FN:34,(anonymous_2)
FN:38,(anonymous_3)
FN:42,(anonymous_4)
FN:55,(anonymous_5)
FN:59,(anonymous_6)
FN:63,(anonymous_7)
FN:64,(anonymous_8)
FNF:9
FNH:8
FNDA:20,(anonymous_0)
FNDA:1091,(anonymous_1)
FNDA:28,(anonymous_2)
FNDA:28,(anonymous_3)
FNDA:60,(anonymous_4)
FNDA:15,(anonymous_5)
FNDA:15,(anonymous_6)
FNDA:3,(anonymous_7)
FNDA:0,(anonymous_8)
DA:16,94
DA:19,20
DA:20,20
DA:21,20
DA:23,20
DA:24,20
DA:25,20
DA:29,1091
DA:30,15
DA:35,28
DA:39,28
DA:43,60
DA:44,60
DA:45,60
DA:46,60
DA:48,60
DA:50,60
DA:51,2
DA:56,15
DA:60,15
DA:64,3
DA:65,0
LF:22
LH:21
BRDA:29,0,0,15
BRDA:29,0,1,1076
BRDA:50,1,0,2
BRDA:50,1,1,58
BRDA:50,2,0,60
BRDA:50,2,1,3
BRF:6
BRH:6
end_of_record
TN:
SF:/home/travis/build/MaibornWolff/codecharta/visualization/app/codeCharta/state/store/dynamicSettings/margin/margin.splitter.ts
FN:3,splitMarginAction
FNF:1
FNH:1
FNDA:41,splitMarginAction
DA:4,41
LF:1
LH:1
BRF:0
BRH:0
end_of_record
TN:
SF:/home/travis/build/MaibornWolff/codecharta/visualization/app/codeCharta/state/store/dynamicSettings/searchPattern/searchPattern.actions.ts
FN:3,(anonymous_0)
FN:14,setSearchPattern
FNF:2
FNH:2
FNDA:122,(anonymous_0)
FNDA:1254,setSearchPattern
DA:3,122
DA:4,122
DA:15,1254
DA:21,122
LF:4
LH:4
BRDA:3,0,0,122
BRDA:3,0,1,122
BRDA:14,1,0,1207
BRF:3
BRH:3
end_of_record
TN:
SF:/home/travis/build/MaibornWolff/codecharta/visualization/app/codeCharta/state/store/dynamicSettings/searchPattern/searchPattern.reducer.ts
FN:3,searchPattern
FNF:1
FNH:1
FNDA:4237,searchPattern
DA:4,4237
DA:6,51
DA:8,4186
LF:3
LH:3
BRDA:3,0,0,1204
BRDA:5,1,0,51
BRDA:5,1,1,4186
BRF:3
BRH:3
end_of_record
TN:
SF:/home/travis/build/MaibornWolff/codecharta/visualization/app/codeCharta/state/store/dynamicSettings/searchPattern/searchPattern.service.ts
FN:15,(anonymous_0)
FN:20,(anonymous_1)
FN:26,(anonymous_2)
FN:30,(anonymous_3)
FN:34,(anonymous_4)
FN:38,(anonymous_5)
FN:39,(anonymous_6)
FNF:7
FNH:7
FNDA:15,(anonymous_0)
FNDA:1091,(anonymous_1)
FNDA:1,(anonymous_2)
FNDA:15,(anonymous_3)
FNDA:15,(anonymous_4)
FNDA:13,(anonymous_5)
FNDA:14,(anonymous_6)
DA:13,94
DA:15,15
DA:16,15
DA:17,15
DA:21,1091
DA:22,15
DA:27,1
DA:31,15
DA:35,15
DA:39,13
DA:40,14
LF:11
LH:11
BRDA:21,0,0,15
BRDA:21,0,1,1076
BRF:2
BRH:2
end_of_record
TN:
SF:/home/travis/build/MaibornWolff/codecharta/visualization/app/codeCharta/state/store/dynamicSettings/searchPattern/searchPattern.splitter.ts
FN:3,splitSearchPatternAction
FNF:1
FNH:1
FNDA:41,splitSearchPatternAction
DA:4,41
LF:1
LH:1
BRF:0
BRH:0
end_of_record
TN:
SF:/home/travis/build/MaibornWolff/codecharta/visualization/app/codeCharta/state/store/dynamicSettings/searchedNodePaths/searchedNodePaths.actions.ts
FN:3,(anonymous_0)
FN:14,setSearchedNodePaths
FNF:2
FNH:2
FNDA:122,(anonymous_0)
FNDA:1266,setSearchedNodePaths
DA:3,122
DA:4,122
DA:15,1266
DA:21,122
LF:4
LH:4
BRDA:3,0,0,122
BRDA:3,0,1,122
BRDA:14,1,0,1205
BRF:3
BRH:3
end_of_record
TN:
SF:/home/travis/build/MaibornWolff/codecharta/visualization/app/codeCharta/state/store/dynamicSettings/searchedNodePaths/searchedNodePaths.reducer.ts
FN:3,searchedNodePaths
FNF:1
FNH:1
FNDA:4237,searchedNodePaths
DA:4,4237
DA:6,63
DA:8,4174
LF:3
LH:3
BRDA:3,0,0,1204
BRDA:5,1,0,63
BRDA:5,1,1,4174
BRF:3
BRH:3
end_of_record
TN:
SF:/home/travis/build/MaibornWolff/codecharta/visualization/app/codeCharta/state/store/dynamicSettings/searchedNodePaths/searchedNodePaths.service.ts
FN:13,(anonymous_0)
FN:17,(anonymous_1)
FN:23,(anonymous_2)
FN:27,(anonymous_3)
FN:31,(anonymous_4)
FN:32,(anonymous_5)
FNF:6
FNH:4
FNDA:12,(anonymous_0)
FNDA:1091,(anonymous_1)
FNDA:29,(anonymous_2)
FNDA:29,(anonymous_3)
FNDA:0,(anonymous_4)
FNDA:0,(anonymous_5)
DA:11,94
DA:13,12
DA:14,12
DA:18,1091
DA:19,29
DA:24,29
DA:28,29
DA:32,0
DA:33,0
LF:9
LH:7
BRDA:18,0,0,29
BRDA:18,0,1,1062
BRF:2
BRH:2
end_of_record
TN:
SF:/home/travis/build/MaibornWolff/codecharta/visualization/app/codeCharta/state/store/dynamicSettings/searchedNodePaths/searchedNodePaths.splitter.ts
FN:3,splitSearchedNodePathsAction
FNF:1
FNH:1
FNDA:41,splitSearchedNodePathsAction
DA:4,41
LF:1
LH:1
BRF:0
BRH:0
end_of_record
TN:
SF:/home/travis/build/MaibornWolff/codecharta/visualization/app/codeCharta/state/store/dynamicSettings/sortingOption/sortingOption.actions.ts
FN:4,(anonymous_0)
FN:15,setSortingOption
FNF:2
FNH:2
FNDA:122,(anonymous_0)
FNDA:1248,setSortingOption
DA:4,122
DA:5,122
DA:16,1248
DA:22,122
LF:4
LH:4
BRDA:4,0,0,122
BRDA:4,0,1,122
BRDA:15,1,0,1205
BRF:3
BRH:3
end_of_record
TN:
SF:/home/travis/build/MaibornWolff/codecharta/visualization/app/codeCharta/state/store/dynamicSettings/sortingOption/sortingOption.reducer.ts
FN:4,sortingOption
FNF:1
FNH:1
FNDA:4237,sortingOption
DA:5,4237
DA:7,45
DA:9,4192
LF:3
LH:3
BRDA:4,0,0,1204
BRDA:6,1,0,45
BRDA:6,1,1,4192
BRF:3
BRH:3
end_of_record
TN:
SF:/home/travis/build/MaibornWolff/codecharta/visualization/app/codeCharta/state/store/dynamicSettings/sortingOption/sortingOption.service.ts
FN:14,(anonymous_0)
FN:18,(anonymous_1)
FN:24,(anonymous_2)
FN:28,(anonymous_3)
FN:32,(anonymous_4)
FN:33,(anonymous_5)
FNF:6
FNH:5
FNDA:12,(anonymous_0)
FNDA:1091,(anonymous_1)
FNDA:15,(anonymous_2)
FNDA:15,(anonymous_3)
FNDA:4,(anonymous_4)
FNDA:0,(anonymous_5)
DA:12,94
DA:14,12
DA:15,12
DA:19,1091
DA:20,15
DA:25,15
DA:29,15
DA:33,4
DA:34,0
LF:9
LH:8
BRDA:19,0,0,15
BRDA:19,0,1,1076
BRF:2
BRH:2
end_of_record
TN:
SF:/home/travis/build/MaibornWolff/codecharta/visualization/app/codeCharta/state/store/dynamicSettings/sortingOption/sortingOption.splitter.ts
FN:4,splitSortingOptionAction
FNF:1
FNH:1
FNDA:41,splitSortingOptionAction
DA:5,41
LF:1
LH:1
BRF:0
BRH:0
end_of_record
TN:
SF:/home/travis/build/MaibornWolff/codecharta/visualization/app/codeCharta/state/store/fileSettings/fileSettings.actions.ts
FN:9,(anonymous_0)
FN:20,setFileSettings
FNF:2
FNH:2
FNDA:121,(anonymous_0)
FNDA:1,setFileSettings
DA:9,121
DA:10,121
DA:21,1
DA:27,121
LF:4
LH:4
BRDA:9,0,0,121
BRDA:9,0,1,121
BRDA:20,1,0,0
BRF:3
BRH:2
end_of_record
TN:
SF:/home/travis/build/MaibornWolff/codecharta/visualization/app/codeCharta/state/store/fileSettings/fileSettings.reducer.ts
FNF:0
FNH:0
DA:8,120
LF:1
LH:1
BRF:0
BRH:0
end_of_record
TN:
SF:/home/travis/build/MaibornWolff/codecharta/visualization/app/codeCharta/state/store/fileSettings/fileSettings.splitter.ts
FN:9,splitFileSettingsActions
FNF:1
FNH:1
FNDA:31,splitFileSettingsActions
DA:10,31
DA:13,31
DA:14,29
DA:17,31
DA:18,29
DA:21,31
DA:22,29
DA:25,31
DA:26,31
DA:29,31
LF:10
LH:10
BRDA:13,0,0,29
BRDA:13,0,1,2
BRDA:17,1,0,29
BRDA:17,1,1,2
BRDA:21,2,0,29
BRDA:21,2,1,2
BRDA:25,3,0,31
BRDA:25,3,1,0
BRF:8
BRH:7
end_of_record
TN:
SF:/home/travis/build/MaibornWolff/codecharta/visualization/app/codeCharta/state/store/fileSettings/attributeTypes/attributeTypes.actions.ts
FN:3,(anonymous_0)
FN:20,setAttributeTypes
FN:27,updateAttributeType
FNF:3
FNH:3
FNDA:121,(anonymous_0)
FNDA:1246,setAttributeTypes
FNDA:4,updateAttributeType
DA:3,121
DA:4,121
DA:5,121
DA:21,1246
DA:28,4
DA:34,121
LF:6
LH:6
BRDA:3,0,0,121
BRDA:3,0,1,121
BRDA:20,1,0,1206
BRF:3
BRH:3
end_of_record
TN:
SF:/home/travis/build/MaibornWolff/codecharta/visualization/app/codeCharta/state/store/fileSettings/attributeTypes/attributeTypes.merger.ts
FN:4,getMergedAttributeTypes
FNF:1
FNH:1
FNDA:2,getMergedAttributeTypes
DA:5,2
DA:6,2
DA:8,2
DA:9,4
DA:10,11
DA:11,7
DA:15,4
DA:16,7
DA:17,6
DA:22,2
LF:10
LH:10
BRDA:10,0,0,7
BRDA:10,0,1,4
BRDA:16,1,0,6
BRDA:16,1,1,1
BRF:4
BRH:4
end_of_record
TN:
SF:/home/travis/build/MaibornWolff/codecharta/visualization/app/codeCharta/state/store/fileSettings/attributeTypes/attributeTypes.reducer.ts
FN:5,attributeTypes
FN:16,updateAttributeType
FNF:2
FNH:2
FNDA:4239,attributeTypes
FNDA:4,updateAttributeType
DA:3,120
DA:6,4239
DA:8,43
DA:10,4
DA:12,4192
DA:17,4
LF:6
LH:6
BRDA:5,0,0,1204
BRDA:7,1,0,43
BRDA:7,1,1,4
BRDA:7,1,2,4192
BRF:4
BRH:4
end_of_record
TN:
SF:/home/travis/build/MaibornWolff/codecharta/visualization/app/codeCharta/state/store/fileSettings/attributeTypes/attributeTypes.service.ts
FN:17,(anonymous_0)
FN:22,(anonymous_1)
FN:28,(anonymous_2)
FN:32,(anonymous_3)
FN:35,(anonymous_4)
FN:36,(anonymous_5)
FN:42,(anonymous_6)
FN:46,(anonymous_7)
FN:50,(anonymous_8)
FN:51,(anonymous_9)
FNF:10
FNH:6
FNDA:14,(anonymous_0)
FNDA:1091,(anonymous_1)
FNDA:0,(anonymous_2)
FNDA:0,(anonymous_3)
FNDA:0,(anonymous_4)
FNDA:0,(anonymous_5)
FNDA:15,(anonymous_6)
FNDA:15,(anonymous_7)
FNDA:205,(anonymous_8)
FNDA:14,(anonymous_9)
DA:15,120
DA:17,14
DA:18,14
DA:19,14
DA:23,1091
DA:24,15
DA:29,0
DA:33,0
DA:35,0
DA:36,0
DA:38,0
DA:39,0
DA:43,15
DA:47,15
DA:51,205
DA:52,14
LF:16
LH:10
BRDA:23,0,0,15
BRDA:23,0,1,1076
BRF:2
BRH:2
end_of_record
TN:
SF:/home/travis/build/MaibornWolff/codecharta/visualization/app/codeCharta/state/store/fileSettings/attributeTypes/attributeTypes.splitter.ts
FN:4,splitAttributeTypesAction
FNF:1
FNH:1
FNDA:29,splitAttributeTypesAction
DA:5,29
LF:1
LH:1
BRF:0
BRH:0
end_of_record
TN:
SF:/home/travis/build/MaibornWolff/codecharta/visualization/app/codeCharta/state/store/fileSettings/blacklist/blacklist.actions.ts
FN:3,(anonymous_0)
FN:26,addBlacklistItem
FN:33,removeBlacklistItem
FN:40,setBlacklist
FNF:4
FNH:4
FNDA:122,(anonymous_0)
FNDA:10,addBlacklistItem
FNDA:3,removeBlacklistItem
FNDA:1265,setBlacklist
DA:3,122
DA:4,122
DA:5,122
DA:6,122
DA:27,10
DA:34,3
DA:41,1265
DA:47,122
LF:8
LH:8
BRDA:3,0,0,122
BRDA:3,0,1,122
BRDA:40,1,0,1224
BRF:3
BRH:3
end_of_record
TN:
SF:/home/travis/build/MaibornWolff/codecharta/visualization/app/codeCharta/state/store/fileSettings/blacklist/blacklist.merger.ts
FN:4,getMergedBlacklist
FN:20,(anonymous_1)
FNF:2
FNH:2
FNDA:2,getMergedBlacklist
FNDA:10,(anonymous_1)
DA:5,2
DA:7,2
DA:8,0
DA:11,2
DA:12,4
DA:13,4
DA:14,8
DA:20,10
DA:22,8
DA:23,7
DA:28,2
LF:11
LH:10
BRDA:7,0,0,0
BRDA:7,0,1,2
BRDA:12,1,0,4
BRDA:12,1,1,0
BRDA:16,2,0,0
BRDA:16,2,1,8
BRDA:20,3,0,10
BRDA:20,3,1,1
BRDA:22,4,0,7
BRDA:22,4,1,1
BRF:10
BRH:7
end_of_record
TN:
SF:/home/travis/build/MaibornWolff/codecharta/visualization/app/codeCharta/state/store/fileSettings/blacklist/blacklist.reducer.ts
FN:6,blacklist
FNF:1
FNH:1
FNDA:4239,blacklist
DA:4,121
DA:7,4239
DA:9,12
DA:11,3
DA:13,59
DA:15,4165
LF:6
LH:6
BRDA:6,0,0,1204
BRDA:8,1,0,12
BRDA:8,1,1,3
BRDA:8,1,2,59
BRDA:8,1,3,4165
BRF:5
BRH:5
end_of_record
TN:
SF:/home/travis/build/MaibornWolff/codecharta/visualization/app/codeCharta/state/store/fileSettings/blacklist/blacklist.service.ts
FN:18,(anonymous_0)
FN:23,(anonymous_1)
FN:29,(anonymous_2)
FN:33,(anonymous_3)
FN:34,(anonymous_4)
FN:40,(anonymous_5)
FN:44,(anonymous_6)
FN:48,(anonymous_7)
FN:49,(anonymous_8)
FNF:9
FNH:6
FNDA:14,(anonymous_0)
FNDA:1091,(anonymous_1)
FNDA:0,(anonymous_2)
FNDA:0,(anonymous_3)
FNDA:0,(anonymous_4)
FNDA:15,(anonymous_5)
FNDA:15,(anonymous_6)
FNDA:405,(anonymous_7)
FNDA:28,(anonymous_8)
DA:16,120
DA:18,14
DA:19,14
DA:20,14
DA:24,1091
DA:25,15
DA:30,0
DA:34,0
DA:35,0
DA:36,0
DA:37,0
DA:41,15
DA:45,15
DA:49,405
DA:50,28
LF:15
LH:10
BRDA:24,0,0,15
BRDA:24,0,1,1076
BRF:2
BRH:2
end_of_record
TN:
SF:/home/travis/build/MaibornWolff/codecharta/visualization/app/codeCharta/state/store/fileSettings/blacklist/blacklist.splitter.ts
FN:4,splitBlacklistAction
FNF:1
FNH:1
FNDA:31,splitBlacklistAction
DA:5,31
LF:1
LH:1
BRF:0
BRH:0
end_of_record
TN:
SF:/home/travis/build/MaibornWolff/codecharta/visualization/app/codeCharta/state/store/fileSettings/edges/edges.actions.ts
FN:3,(anonymous_0)
FN:26,setEdges
FN:33,addEdge
FN:40,removeEdge
FNF:4
FNH:4
FNDA:121,(anonymous_0)
FNDA:1242,setEdges
FNDA:1,addEdge
FNDA:1,removeEdge
DA:3,121
DA:4,121
DA:5,121
DA:6,121
DA:27,1242
DA:34,1
DA:41,1
DA:47,121
LF:8
LH:8
BRDA:3,0,0,121
BRDA:3,0,1,121
BRDA:26,1,0,1208
BRF:3
BRH:3
end_of_record
TN:
SF:/home/travis/build/MaibornWolff/codecharta/visualization/app/codeCharta/state/store/fileSettings/edges/edges.merger.ts
FN:4,getMergedEdges
FN:22,(anonymous_1)
FNF:2
FNH:2
FNDA:5,getMergedEdges
FNDA:4,(anonymous_1)
DA:5,5
DA:7,5
DA:8,0
DA:11,5
DA:12,10
DA:13,9
DA:14,8
DA:22,8
DA:24,8
DA:25,2
DA:26,4
DA:29,6
DA:35,5
LF:13
LH:12
BRDA:7,0,0,0
BRDA:7,0,1,5
BRDA:12,1,0,9
BRDA:12,1,1,1
BRDA:16,2,0,0
BRDA:16,2,1,8
BRDA:18,3,0,0
BRDA:18,3,1,8
BRDA:22,4,0,4
BRDA:22,4,1,4
BRDA:24,5,0,2
BRDA:24,5,1,6
BRF:12
BRH:9
end_of_record
TN:
SF:/home/travis/build/MaibornWolff/codecharta/visualization/app/codeCharta/state/store/fileSettings/edges/edges.reducer.ts
FN:6,edges
FNF:1
FNH:1
FNDA:4239,edges
DA:4,120
DA:7,4239
DA:9,39
DA:11,1
DA:13,1
DA:15,4198
LF:6
LH:6
BRDA:6,0,0,1204
BRDA:8,1,0,39
BRDA:8,1,1,1
BRDA:8,1,2,1
BRDA:8,1,3,4198
BRF:5
BRH:5
end_of_record
TN:
SF:/home/travis/build/MaibornWolff/codecharta/visualization/app/codeCharta/state/store/fileSettings/edges/edges.service.ts
FN:17,(anonymous_0)
FN:22,(anonymous_1)
FN:28,(anonymous_2)
FN:32,(anonymous_3)
FN:33,(anonymous_4)
FN:39,(anonymous_5)
FN:43,(anonymous_6)
FN:47,(anonymous_7)
FN:48,(anonymous_8)
FNF:9
FNH:4
FNDA:14,(anonymous_0)
FNDA:1091,(anonymous_1)
FNDA:0,(anonymous_2)
FNDA:0,(anonymous_3)
FNDA:0,(anonymous_4)
FNDA:15,(anonymous_5)
FNDA:15,(anonymous_6)
FNDA:0,(anonymous_7)
FNDA:0,(anonymous_8)
DA:15,94
DA:17,14
DA:18,14
DA:19,14
DA:23,1091
DA:24,15
DA:29,0
DA:33,0
DA:34,0
DA:35,0
DA:36,0
DA:40,15
DA:44,15
DA:48,0
DA:49,0
LF:15
LH:8
BRDA:23,0,0,15
BRDA:23,0,1,1076
BRF:2
BRH:2
end_of_record
TN:
SF:/home/travis/build/MaibornWolff/codecharta/visualization/app/codeCharta/state/store/fileSettings/edges/edges.splitter.ts
FN:4,splitEdgesAction
FNF:1
FNH:1
FNDA:29,splitEdgesAction
DA:5,29
LF:1
LH:1
BRF:0
BRH:0
end_of_record
TN:
SF:/home/travis/build/MaibornWolff/codecharta/visualization/app/codeCharta/state/store/fileSettings/markedPackages/markedPackages.actions.ts
FN:3,(anonymous_0)
FN:26,setMarkedPackages
FN:33,markPackage
FN:40,unmarkPackage
FNF:4
FNH:4
FNDA:121,(anonymous_0)
FNDA:1256,setMarkedPackages
FNDA:17,markPackage
FNDA:5,unmarkPackage
DA:3,121
DA:4,121
DA:5,121
DA:6,121
DA:27,1256
DA:34,17
DA:41,5
DA:47,121
LF:8
LH:8
BRDA:3,0,0,121
BRDA:3,0,1,121
BRDA:26,1,0,1218
BRF:3
BRH:3
end_of_record
TN:
SF:/home/travis/build/MaibornWolff/codecharta/visualization/app/codeCharta/state/store/fileSettings/markedPackages/markedPackages.merger.ts
FN:4,getMergedMarkedPackages
FN:20,(anonymous_1)
FNF:2
FNH:2
FNDA:5,getMergedMarkedPackages
FNDA:4,(anonymous_1)
DA:5,5
DA:7,5
DA:8,0
DA:11,5
DA:12,10
DA:13,9
DA:14,8
DA:20,8
DA:22,8
DA:23,6
DA:29,5
LF:11
LH:10
BRDA:7,0,0,0
BRDA:7,0,1,5
BRDA:12,1,0,9
BRDA:12,1,1,1
BRDA:16,2,0,0
BRDA:16,2,1,8
BRDA:20,3,0,4
BRDA:20,3,1,2
BRDA:22,4,0,6
BRDA:22,4,1,2
BRF:10
BRH:8
end_of_record
TN:
SF:/home/travis/build/MaibornWolff/codecharta/visualization/app/codeCharta/state/store/fileSettings/markedPackages/markedPackages.reducer.ts
FN:6,markedPackages
FNF:1
FNH:1
FNDA:4239,markedPackages
DA:4,120
DA:7,4239
DA:9,53
DA:11,17
DA:13,5
DA:15,4164
LF:6
LH:6
BRDA:6,0,0,1204
BRDA:8,1,0,53
BRDA:8,1,1,17
BRDA:8,1,2,5
BRDA:8,1,3,4164
BRF:5
BRH:5
end_of_record
TN:
SF:/home/travis/build/MaibornWolff/codecharta/visualization/app/codeCharta/state/store/fileSettings/markedPackages/markedPackages.service.ts
FN:17,(anonymous_0)
FN:22,(anonymous_1)
FN:28,(anonymous_2)
FN:32,(anonymous_3)
FN:39,(anonymous_4)
FN:43,(anonymous_5)
FN:47,(anonymous_6)
FN:48,(anonymous_7)
FNF:8
FNH:5
FNDA:14,(anonymous_0)
FNDA:1091,(anonymous_1)
FNDA:0,(anonymous_2)
FNDA:0,(anonymous_3)
FNDA:15,(anonymous_4)
FNDA:15,(anonymous_5)
FNDA:7,(anonymous_6)
FNDA:0,(anonymous_7)
DA:15,94
DA:17,14
DA:18,14
DA:19,14
DA:23,1091
DA:24,15
DA:29,0
DA:33,0
DA:34,0
DA:35,0
DA:36,0
DA:40,15
DA:44,15
DA:48,7
DA:49,0
LF:15
LH:9
BRDA:23,0,0,15
BRDA:23,0,1,1076
BRF:2
BRH:2
end_of_record
TN:
SF:/home/travis/build/MaibornWolff/codecharta/visualization/app/codeCharta/state/store/fileSettings/markedPackages/markedPackages.splitter.ts
FN:4,splitMarkedPackagesAction
FNF:1
FNH:1
FNDA:29,splitMarkedPackagesAction
DA:5,29
LF:1
LH:1
BRF:0
BRH:0
end_of_record
TN:
SF:/home/travis/build/MaibornWolff/codecharta/visualization/app/codeCharta/state/store/files/files.actions.ts
FN:4,(anonymous_0)
FN:14,(anonymous_1)
FN:80,setFiles
FN:87,resetFiles
FN:93,resetSelection
FN:99,addFile
FN:106,setSingle
FN:113,setSingleByName
FN:120,setMultiple
FN:127,setMultipleByNames
FN:134,setDelta
FN:141,setDeltaByNames
FNF:12
FNH:12
FNDA:121,(anonymous_0)
FNDA:121,(anonymous_1)
FNDA:998,setFiles
FNDA:104,resetFiles
FNDA:2,resetSelection
FNDA:183,addFile
FNDA:53,setSingle
FNDA:14,setSingleByName
FNDA:6,setMultiple
FNDA:4,setMultipleByNames
FNDA:9,setDelta
FNDA:3,setDeltaByNames
DA:4,121
DA:5,121
DA:6,121
[...]
BRDA:32,4,1,0
BRDA:48,5,0,41
BRDA:48,5,1,39
BRDA:53,6,0,3
BRDA:53,6,1,2
BRDA:59,7,0,25
BRDA:59,7,1,7
BRDA:70,8,0,52
BRDA:70,8,1,1
BRDA:73,9,0,4
BRDA:73,9,1,48
BRF:20
BRH:19
end_of_record
TN:
SF:/home/travis/build/MaibornWolff/codecharta/visualization/app/codeCharta/util/dataMocks.ts
FN:1245,withMockedEventMethods
FN:1252,setIsBlacklisted
FN:1255,(anonymous_2)
FN:1262,setBlacklistFlagByType
FNF:4
FNH:4
FNDA:316,withMockedEventMethods
FNDA:3,setIsBlacklisted
FNDA:18,(anonymous_2)
FNDA:4,setBlacklistFlagByType
DA:27,91
DA:68,91
DA:118,91
DA:168,91
DA:218,91
DA:268,91
DA:323,91
DA:350,91
DA:397,91
DA:405,91
DA:432,91
DA:453,91
DA:462,91
DA:469,91
DA:476,91
DA:483,91
DA:490,91
DA:496,91
DA:502,91
DA:515,91
DA:581,91
DA:590,91
DA:599,91
DA:670,91
DA:729,91
DA:756,91
DA:812,91
DA:884,91
DA:954,91
DA:962,91
DA:1037,91
DA:1097,91
DA:1121,91
DA:1145,91
DA:1147,91
DA:1171,91
DA:1195,91
DA:1202,91
DA:1209,91
DA:1211,91
DA:1226,91
DA:1246,316
DA:1247,316
DA:1248,316
DA:1249,316
DA:1253,3
DA:1256,18
DA:1257,4
DA:1263,4
DA:1264,3
DA:1266,1
LF:51
LH:51
BRDA:1256,0,0,4
BRDA:1256,0,1,14
BRDA:1263,1,0,3
BRDA:1263,1,1,1
BRF:4
BRH:4
end_of_record
TN:
SF:/home/travis/build/MaibornWolff/codecharta/visualization/app/codeCharta/util/deltaGenerator.ts
FN:9,(anonymous_0)
FN:19,(anonymous_1)
FN:24,(anonymous_2)
FN:25,(anonymous_3)
FN:32,(anonymous_4)
FN:38,(anonymous_5)
FN:49,(anonymous_6)
FN:58,(anonymous_7)
FN:65,(anonymous_8)
FN:68,(anonymous_9)
FN:72,(anonymous_10)
FN:80,(anonymous_11)
FN:92,(anonymous_12)
FNF:13
FNH:13
FNDA:3,(anonymous_0)
FNDA:6,(anonymous_1)
FNDA:42,(anonymous_2)
FNDA:42,(anonymous_3)
FNDA:3,(anonymous_4)
FNDA:24,(anonymous_5)
FNDA:18,(anonymous_6)
FNDA:25,(anonymous_7)
FNDA:29,(anonymous_8)
FNDA:57,(anonymous_9)
FNDA:40,(anonymous_10)
FNDA:3,(anonymous_11)
FNDA:3,(anonymous_12)
DA:6,95
DA:10,3
DA:11,3
DA:12,3
DA:14,3
DA:15,3
DA:16,3
DA:20,6
DA:22,6
DA:24,42
DA:26,42
DA:27,42
DA:29,6
DA:36,3
DA:38,3
DA:39,24
DA:40,24
DA:41,17
DA:42,17
DA:44,7
DA:45,7
DA:49,3
DA:50,18
DA:51,1
DA:52,1
DA:55,3
DA:59,25
DA:60,25
DA:61,25
DA:62,25
DA:66,29
DA:68,29
DA:69,57
DA:72,29
DA:73,40
DA:74,10
DA:77,29
DA:81,3
DA:93,3
LF:39
LH:39
BRDA:40,0,0,17
BRDA:40,0,1,7
BRDA:50,1,0,1
BRDA:50,1,1,17
BRDA:69,2,0,32
BRDA:69,2,1,25
BRDA:73,3,0,10
BRDA:73,3,1,30
BRF:8
BRH:8
end_of_record
TN:
SF:/home/travis/build/MaibornWolff/codecharta/visualization/app/codeCharta/util/envDetector.ts
FN:1,isStandalone
FNF:1
FNH:0
FNDA:0,isStandalone
DA:1,0
DA:2,0
LF:2
LH:0
BRF:0
BRH:0
end_of_record
TN:
SF:/home/travis/build/MaibornWolff/codecharta/visualization/app/codeCharta/util/fileDownloader.ts
FN:21,(anonymous_0)
FN:33,(anonymous_1)
FN:50,(anonymous_2)
FN:55,(anonymous_3)
FN:67,(anonymous_4)
FN:75,(anonymous_5)
FN:76,(anonymous_6)
FN:79,(anonymous_7)
FN:81,(anonymous_8)
FN:95,(anonymous_9)
FN:103,(anonymous_10)
FNF:11
FNH:10
FNDA:3,(anonymous_0)
FNDA:3,(anonymous_1)
FNDA:3,(anonymous_2)
FNDA:1,(anonymous_3)
FNDA:3,(anonymous_4)
FNDA:2,(anonymous_5)
FNDA:4,(anonymous_6)
FNDA:3,(anonymous_7)
FNDA:15,(anonymous_8)
FNDA:1,(anonymous_9)
FNDA:0,(anonymous_10)
DA:18,95
DA:28,3
DA:29,3
DA:30,3
DA:39,3
DA:51,3
DA:53,3
DA:54,1
DA:56,1
DA:61,3
DA:62,1
DA:64,3
DA:68,3
DA:69,3
DA:71,0
DA:76,4
DA:80,3
DA:81,3
DA:82,15
DA:83,15
DA:84,15
DA:85,15
DA:86,15
DA:87,6
DA:89,9
DA:92,3
DA:96,1
DA:97,1
DA:98,2
DA:100,1
DA:104,0
DA:105,0
DA:106,0
DA:109,0
DA:110,0
DA:111,0
DA:113,0
DA:114,0
DA:115,0
DA:116,0
DA:117,0
LF:41
LH:29
BRDA:44,0,0,1
BRDA:44,0,1,2
BRDA:45,1,0,0
BRDA:45,1,1,3
BRDA:53,2,0,1
BRDA:53,2,1,2
BRDA:61,3,0,1
BRDA:61,3,1,2
BRDA:68,4,0,3
BRDA:68,4,1,0
BRDA:68,5,0,3
BRDA:68,5,1,3
BRDA:86,6,0,6
BRDA:86,6,1,9
BRDA:105,7,0,0
BRDA:105,7,1,0
BRF:16
BRH:12
end_of_record
TN:
SF:/home/travis/build/MaibornWolff/codecharta/visualization/app/codeCharta/util/fileExtensionCalculator.ts
FN:18,(anonymous_0)
FN:21,(anonymous_1)
FN:27,(anonymous_2)
FN:31,(anonymous_3)
FN:35,(anonymous_4)
FN:47,(anonymous_5)
FN:52,(anonymous_6)
FN:61,(anonymous_7)
FN:65,(anonymous_8)
FN:81,(anonymous_9)
FN:90,(anonymous_10)
FN:99,(anonymous_11)
FN:100,(anonymous_12)
FN:100,(anonymous_13)
FN:103,(anonymous_14)
FN:114,(anonymous_15)
FN:122,(anonymous_16)
FN:127,(anonymous_17)
FNF:18
FNH:18
FNDA:3,(anonymous_0)
FNDA:16,(anonymous_1)
FNDA:7,(anonymous_2)
FNDA:42,(anonymous_3)
FNDA:70,(anonymous_4)
FNDA:3,(anonymous_5)
FNDA:12,(anonymous_6)
FNDA:3,(anonymous_7)
FNDA:13,(anonymous_8)
FNDA:3,(anonymous_9)
FNDA:29,(anonymous_10)
FNDA:3,(anonymous_11)
FNDA:14,(anonymous_12)
FNDA:11,(anonymous_13)
FNDA:45,(anonymous_14)
FNDA:2,(anonymous_15)
FNDA:2,(anonymous_16)
FNDA:2,(anonymous_17)
DA:14,95
DA:15,95
DA:16,95
DA:19,3
DA:20,3
DA:21,16
DA:22,3
DA:24,3
DA:28,7
DA:29,7
DA:32,42
DA:33,39
DA:34,39
DA:35,70
DA:37,39
DA:38,10
DA:40,29
DA:44,7
DA:48,3
DA:49,3
DA:50,1
DA:52,2
DA:53,12
DA:54,12
DA:58,2
DA:62,3
DA:63,3
DA:65,3
DA:66,13
DA:67,10
DA:69,3
DA:70,3
DA:74,3
DA:75,1
DA:78,3
DA:82,3
DA:91,29
DA:100,14
DA:104,45
DA:105,38
DA:110,7
DA:115,2
DA:116,2
DA:117,6
DA:119,2
DA:123,2
DA:124,2
DA:128,2
LF:48
LH:48
BRDA:32,0,0,39
BRDA:32,0,1,3
BRDA:37,1,0,10
BRDA:37,1,1,29
BRDA:49,2,0,1
BRDA:49,2,1,2
BRDA:53,3,0,12
BRDA:53,3,1,0
BRDA:66,4,0,10
BRDA:66,4,1,3
BRDA:74,5,0,1
BRDA:74,5,1,2
BRDA:104,6,0,38
BRDA:104,6,1,7
BRF:14
BRH:13
end_of_record
TN:
SF:/home/travis/build/MaibornWolff/codecharta/visualization/app/codeCharta/util/fileNameHelper.ts
FN:6,(anonymous_0)
FN:10,(anonymous_1)
FN:22,(anonymous_2)
FN:37,(anonymous_3)
FNF:4
FNH:4
FNDA:58,(anonymous_0)
FNDA:58,(anonymous_1)
FNDA:58,(anonymous_2)
FNDA:17,(anonymous_3)
DA:4,98
DA:7,58
DA:11,58
DA:12,58
DA:23,58
DA:25,58
DA:26,58
DA:27,2
DA:28,56
DA:29,1
DA:30,55
DA:31,1
DA:34,54
DA:38,17
LF:14
LH:14
BRDA:25,0,0,58
BRDA:25,0,1,0
BRDA:26,1,0,2
BRDA:26,1,1,56
BRDA:28,2,0,1
BRDA:28,2,1,55
BRDA:30,3,0,1
BRDA:30,3,1,54
BRF:8
BRH:7
end_of_record
TN:
SF:/home/travis/build/MaibornWolff/codecharta/visualization/app/codeCharta/util/fileValidator.ts
FN:45,(anonymous_0)
FN:72,(anonymous_1)
FN:82,(anonymous_2)
FN:86,(anonymous_3)
FN:92,(anonymous_4)
FN:106,(anonymous_5)
FN:114,(anonymous_6)
FN:119,(anonymous_7)
FN:124,(anonymous_8)
FNF:9
FNH:9
FNDA:20,(anonymous_0)
FNDA:7,(anonymous_1)
FNDA:7,(anonymous_2)
FNDA:36,(anonymous_3)
FNDA:30,(anonymous_4)
FNDA:16,(anonymous_5)
FNDA:13,(anonymous_6)
FNDA:12,(anonymous_7)
FNDA:50,(anonymous_8)
DA:4,120
DA:5,120
DA:19,120
DA:46,20
DA:48,20
DA:50,4
DA:51,4
DA:52,4
DA:54,3
DA:55,3
DA:56,3
DA:58,1
DA:59,1
DA:60,1
DA:62,1
DA:63,1
DA:64,1
DA:67,20
DA:68,12
DA:69,12
DA:71,12
DA:72,7
DA:73,4
DA:74,8
DA:75,1
DA:76,1
DA:79,20
DA:83,7
DA:87,36
DA:88,21
DA:91,15
DA:92,30
DA:94,15
DA:95,1
DA:98,14
DA:99,28
DA:100,0
DA:103,14
DA:107,16
DA:108,16
DA:109,16
DA:110,16
DA:111,16
DA:115,13
DA:116,13
DA:120,12
DA:121,12
DA:125,50
LF:48
LH:47
BRDA:49,0,0,4
BRDA:49,0,1,3
BRDA:49,0,2,1
BRDA:49,0,3,1
BRDA:67,1,0,12
BRDA:67,1,1,8
BRDA:71,2,0,4
BRDA:71,2,1,8
BRDA:74,3,0,1
BRDA:74,3,1,7
BRDA:87,4,0,21
BRDA:87,4,1,15
BRDA:87,5,0,36
BRDA:87,5,1,15
BRDA:94,6,0,1
BRDA:94,6,1,14
BRDA:99,7,0,0
BRDA:99,7,1,28
BRDA:111,8,0,16
BRDA:111,8,1,14
BRF:20
BRH:19
end_of_record
TN:
SF:/home/travis/build/MaibornWolff/codecharta/visualization/app/codeCharta/util/mapBuilder.ts
FN:5,(anonymous_0)
FN:8,(anonymous_1)
FN:20,(anonymous_2)
FN:30,(anonymous_3)
FN:31,(anonymous_4)
FN:34,(anonymous_5)
FN:40,(anonymous_6)
FNF:7
FNH:7
FNDA:4,(anonymous_0)
FNDA:31,(anonymous_1)
FNDA:4,(anonymous_2)
FNDA:4,(anonymous_3)
FNDA:51,(anonymous_4)
FNDA:33,(anonymous_5)
FNDA:79,(anonymous_6)
DA:6,4
DA:8,4
DA:9,31
DA:10,31
DA:11,31
DA:12,4
DA:14,27
DA:17,4
DA:21,4
DA:31,51
DA:35,33
DA:36,33
DA:37,33
DA:41,79
DA:42,33
DA:44,46
DA:45,26
DA:46,46
DA:47,46
DA:48,20
LF:20
LH:20
BRDA:11,0,0,4
BRDA:11,0,1,27
BRDA:37,1,0,4
BRDA:37,1,1,29
BRDA:41,2,0,33
BRDA:41,2,1,46
BRDA:41,3,0,79
BRDA:41,3,1,50
BRDA:44,4,0,26
BRDA:44,4,1,20
BRDA:44,5,0,46
BRDA:44,5,1,46
BRDA:47,6,0,20
BRDA:47,6,1,26
BRF:14
BRH:14
end_of_record
TN:
SF:/home/travis/build/MaibornWolff/codecharta/visualization/app/codeCharta/util/metricHelper.ts
FN:3,isAnyMetricAvailable
FN:4,(anonymous_1)
FN:7,isMetricUnavailable
FN:8,(anonymous_3)
FN:11,getMetricNameFromIndexOrLast
FN:12,(anonymous_5)
FNF:6
FNH:6
FNDA:126,isAnyMetricAvailable
FNDA:122,(anonymous_1)
FNDA:122,isMetricUnavailable
FNDA:135,(anonymous_3)
FNDA:62,getMetricNameFromIndexOrLast
FNDA:74,(anonymous_5)
DA:4,126
DA:8,135
DA:12,74
DA:13,62
LF:4
LH:4
BRDA:8,0,0,135
BRDA:8,0,1,135
BRF:2
BRH:2
end_of_record
TN:
SF:/home/travis/build/MaibornWolff/codecharta/visualization/app/codeCharta/util/nodeDecorator.ts
FN:20,(anonymous_0)
FN:27,(anonymous_1)
FN:31,(anonymous_2)
FN:42,(anonymous_3)
FN:49,(anonymous_4)
FN:50,(anonymous_5)
FN:60,(anonymous_6)
FN:85,(anonymous_7)
FN:88,(anonymous_8)
FN:93,(anonymous_9)
FN:100,(anonymous_10)
FN:103,(anonymous_11)
FN:111,(anonymous_12)
FN:114,(anonymous_13)
FN:115,(anonymous_14)
FN:124,(anonymous_15)
FN:134,(anonymous_16)
FN:135,(anonymous_17)
FN:143,(anonymous_18)
FN:150,(anonymous_19)
FN:153,(anonymous_20)
FN:158,(anonymous_21)
FN:164,(anonymous_22)
FN:170,(anonymous_23)
FN:177,(anonymous_24)
FN:178,(anonymous_25)
FN:178,(anonymous_26)
FN:190,(anonymous_27)
FN:194,(anonymous_28)
FN:199,(anonymous_29)
FN:199,(anonymous_30)
FN:203,(anonymous_31)
FN:218,(anonymous_32)
FN:219,(anonymous_33)
FN:224,(anonymous_34)
FN:226,(anonymous_35)
FNF:36
FNH:36
FNDA:31,(anonymous_0)
FNDA:81,(anonymous_1)
FNDA:31,(anonymous_2)
FNDA:157,(anonymous_3)
FNDA:31,(anonymous_4)
FNDA:162,(anonymous_5)
FNDA:162,(anonymous_6)
FNDA:81,(anonymous_7)
FNDA:443,(anonymous_8)
FNDA:994,(anonymous_9)
FNDA:31,(anonymous_10)
FNDA:163,(anonymous_11)
FNDA:31,(anonymous_12)
FNDA:99,(anonymous_13)
FNDA:267,(anonymous_14)
FNDA:13,(anonymous_15)
FNDA:67,(anonymous_16)
FNDA:108,(anonymous_17)
FNDA:67,(anonymous_18)
FNDA:201,(anonymous_19)
FNDA:191,(anonymous_20)
FNDA:36,(anonymous_21)
FNDA:67,(anonymous_22)
FNDA:20,(anonymous_23)
FNDA:90,(anonymous_24)
FNDA:227,(anonymous_25)
FNDA:227,(anonymous_26)
FNDA:90,(anonymous_27)
FNDA:8,(anonymous_28)
FNDA:20,(anonymous_29)
FNDA:20,(anonymous_30)
FNDA:6,(anonymous_31)
FNDA:1,(anonymous_32)
FNDA:1,(anonymous_33)
FNDA:30,(anonymous_34)
FNDA:48,(anonymous_35)
DA:21,31
DA:22,31
DA:23,31
DA:24,31
DA:28,81
DA:32,31
DA:33,31
DA:35,31
DA:36,1
DA:37,1
DA:40,31
DA:43,157
DA:44,157
DA:45,157
DA:50,31
DA:51,162
DA:60,31
DA:61,162
DA:62,6
DA:63,6
DA:64,6
DA:65,6
DA:66,6
DA:67,1
DA:69,6
DA:70,6
DA:71,6
DA:72,6
DA:73,156
DA:74,57
DA:75,125
DA:80,31
DA:81,31
DA:86,81
DA:87,81
DA:88,81
DA:89,443
DA:93,994
DA:97,81
DA:101,31
DA:102,31
DA:103,31
DA:104,163
DA:105,163
DA:106,163
DA:112,31
DA:113,31
DA:114,31
DA:115,99
DA:116,267
DA:117,69
DA:132,13
DA:133,13
DA:134,13
DA:135,108
DA:136,67
DA:137,67
DA:140,13
DA:150,67
DA:151,201
DA:152,78
DA:153,191
DA:157,78
DA:158,36
DA:170,67
DA:171,20
DA:172,8
DA:178,227
DA:179,90
DA:181,90
DA:182,8
DA:185,82
DA:187,26
DA:190,90
DA:199,20
DA:200,8
DA:202,8
DA:203,8
DA:204,6
DA:205,6
DA:208,8
DA:209,4
DA:212,4
DA:214,2
DA:217,2
DA:218,1
DA:219,1
DA:225,30
DA:226,48
DA:227,30
LF:90
LH:90
BRDA:37,0,0,0
BRDA:37,0,1,1
BRDA:52,1,0,162
BRDA:52,1,1,162
BRDA:52,1,2,73
BRDA:52,1,3,7
BRDA:52,1,4,6
BRDA:61,2,0,6
BRDA:61,2,1,156
BRDA:66,3,0,1
BRDA:66,3,1,5
BRDA:73,4,0,57
BRDA:73,4,1,99
BRDA:73,5,0,156
BRDA:73,5,1,156
BRDA:73,5,2,67
BRDA:80,6,0,31
BRDA:80,6,1,0
BRDA:86,7,0,81
BRDA:86,7,1,0
BRDA:86,8,0,81
BRDA:86,8,1,81
BRDA:101,9,0,31
BRDA:101,9,1,0
BRDA:104,10,0,2
BRDA:104,10,1,161
BRDA:105,11,0,159
BRDA:105,11,1,4
BRDA:112,12,0,31
BRDA:112,12,1,0
BRDA:112,13,0,31
BRDA:112,13,1,31
BRDA:116,14,0,69
BRDA:116,14,1,198
BRDA:132,15,0,13
BRDA:132,15,1,0
BRDA:151,16,0,78
BRDA:151,16,1,123
BRDA:151,17,0,201
BRDA:151,17,1,78
BRDA:157,18,0,12
BRDA:157,18,1,66
BRDA:171,19,0,8
BRDA:171,19,1,12
BRDA:171,20,0,20
BRDA:171,20,1,8
BRDA:181,21,0,8
BRDA:181,21,1,82
BRDA:186,22,0,26
BRDA:186,22,1,26
BRDA:186,22,2,56
BRDA:208,23,0,4
BRDA:208,23,1,4
BRDA:213,24,0,2
BRDA:213,24,1,0
BRDA:213,24,2,2
BRF:56
BRH:49
end_of_record
TN:
SF:/home/travis/build/MaibornWolff/codecharta/visualization/app/codeCharta/util/nodePathHelper.ts
FN:3,getUpdatedBlacklistItemPath
FN:10,getUpdatedPath
FN:16,isAbsoluteRootPath
FNF:3
FNH:1
FNDA:0,getUpdatedBlacklistItemPath
FNDA:32,getUpdatedPath
FNDA:0,isAbsoluteRootPath
DA:4,0
DA:5,0
DA:7,0
DA:11,32
DA:12,32
DA:13,32
DA:17,0
LF:7
LH:3
BRDA:4,0,0,0
BRDA:4,0,1,0
BRF:2
BRH:0
end_of_record
TN:
SF:/home/travis/build/MaibornWolff/codecharta/visualization/app/codeCharta/util/reduxHelper.ts
FN:5,removeItemFromArray
FN:6,(anonymous_1)
FN:11,addItemToArray
FN:20,isActionOfType
FN:24,arrayContainsItem
FN:25,(anonymous_5)
FN:28,isEqualObject
FNF:7
FNH:7
FNDA:10,removeItemFromArray
FNDA:12,(anonymous_1)
FNDA:31,addItemToArray
FNDA:45671,isActionOfType
FNDA:31,arrayContainsItem
FNDA:23,(anonymous_5)
FNDA:35,isEqualObject
DA:3,122
DA:6,10
DA:7,12
DA:12,31
DA:13,19
DA:14,19
DA:15,19
DA:17,12
DA:21,45671
DA:25,31
DA:29,35
LF:11
LH:11
BRDA:12,0,0,19
BRDA:12,0,1,12
BRF:2
BRH:2
end_of_record
TN:
SF:/home/travis/build/MaibornWolff/codecharta/visualization/app/codeCharta/util/scenarioHelper.ts
FN:14,(anonymous_0)
FN:15,(anonymous_1)
FN:18,(anonymous_2)
FN:19,(anonymous_3)
FN:27,(anonymous_4)
FN:28,(anonymous_5)
FN:31,(anonymous_6)
FN:32,(anonymous_7)
FN:35,(anonymous_8)
FN:36,(anonymous_9)
FNF:10
FNH:10
FNDA:2,(anonymous_0)
FNDA:8,(anonymous_1)
FNDA:2,(anonymous_2)
FNDA:6,(anonymous_3)
FNDA:1,(anonymous_4)
FNDA:1,(anonymous_5)
FNDA:1,(anonymous_6)
FNDA:1,(anonymous_7)
FNDA:97,(anonymous_8)
FNDA:388,(anonymous_9)
DA:12,95
DA:15,8
DA:19,6
DA:20,2
DA:28,1
DA:32,1
DA:36,97
DA:37,388
DA:39,97
LF:9
LH:9
BRDA:21,0,0,2
BRDA:21,0,1,1
BRDA:21,0,2,1
BRF:3
BRH:3
end_of_record
TN:
SF:/home/travis/build/MaibornWolff/codecharta/visualization/app/codeCharta/util/settingsHelper.ts
FN:5,convertToVectors
FNF:1
FNH:1
FNDA:1180,convertToVectors
DA:6,1180
DA:8,1180
DA:9,2751
DA:10,787
DA:11,787
DA:12,787
DA:14,787
DA:15,6
DA:21,787
LF:9
LH:9
BRDA:9,0,0,787
BRDA:9,0,1,1964
BRDA:14,1,0,6
BRDA:14,1,1,781
BRDA:14,2,0,787
BRDA:14,2,1,784
BRDA:14,2,2,781
BRDA:16,3,0,3
BRDA:16,3,1,3
BRDA:17,4,0,6
BRDA:17,4,1,0
BRDA:18,5,0,3
BRDA:18,5,1,3
BRF:13
BRH:12
end_of_record
TN:
SF:/home/travis/build/MaibornWolff/codecharta/visualization/app/codeCharta/util/treeMapGenerator.ts
FN:11,(anonymous_0)
FN:13,(anonymous_1)
FN:16,(anonymous_2)
FN:21,(anonymous_3)
FN:23,(anonymous_4)
FN:33,(anonymous_5)
FN:36,(anonymous_6)
FN:39,(anonymous_7)
FN:44,(anonymous_8)
FN:48,(anonymous_9)
FN:63,(anonymous_10)
FNF:11
FNH:11
FNDA:9,(anonymous_0)
FNDA:11,(anonymous_1)
FNDA:36,(anonymous_2)
FNDA:9,(anonymous_3)
FNDA:36,(anonymous_4)
FNDA:36,(anonymous_5)
FNDA:36,(anonymous_6)
FNDA:27,(anonymous_7)
FNDA:37,(anonymous_8)
FNDA:37,(anonymous_9)
FNDA:36,(anonymous_10)
DA:9,95
DA:12,9
DA:13,11
DA:14,9
DA:15,9
DA:16,9
DA:17,36
DA:22,9
DA:23,36
DA:24,9
DA:25,9
DA:26,9
DA:27,9
DA:28,9
DA:33,36
DA:37,36
DA:38,36
DA:39,27
DA:41,36
DA:45,37
DA:49,37
DA:50,0
DA:53,37
DA:54,1
DA:57,36
DA:58,8
DA:60,28
DA:64,36
LF:28
LH:27
BRDA:38,0,0,11
BRDA:38,0,1,25
BRDA:45,1,0,37
BRDA:45,1,1,37
BRDA:45,1,2,3
BRDA:45,1,3,1
BRDA:49,2,0,0
BRDA:49,2,1,37
BRDA:53,3,0,1
BRDA:53,3,1,36
BRDA:57,4,0,8
BRDA:57,4,1,28
BRDA:57,5,0,36
BRDA:57,5,1,25
BRDA:57,5,2,25
BRDA:64,6,0,36
BRDA:64,6,1,20
BRF:17
BRH:16
end_of_record
TN:
SF:/home/travis/build/MaibornWolff/codecharta/visualization/app/codeCharta/util/treeMapHelper.ts
FN:12,(anonymous_0)
FN:22,(anonymous_1)
FN:24,(anonymous_2)
FN:31,(anonymous_3)
FN:43,(anonymous_4)
FN:91,(anonymous_5)
FN:102,(anonymous_6)
FN:110,(anonymous_7)
FN:118,(anonymous_8)
FN:123,(anonymous_9)
FN:136,(anonymous_10)
FN:139,(anonymous_11)
FN:144,(anonymous_12)
FN:148,(anonymous_13)
FNF:14
FNH:14
FNDA:9,(anonymous_0)
FNDA:1,(anonymous_1)
FNDA:1,(anonymous_2)
FNDA:46,(anonymous_3)
FNDA:46,(anonymous_4)
FNDA:46,(anonymous_5)
FNDA:46,(anonymous_6)
FNDA:46,(anonymous_7)
FNDA:54,(anonymous_8)
FNDA:7,(anonymous_9)
FNDA:1,(anonymous_10)
FNDA:1,(anonymous_11)
FNDA:2,(anonymous_12)
FNDA:55,(anonymous_13)
DA:8,96
DA:9,96
DA:10,96
DA:13,9
DA:14,9
DA:15,4
DA:16,5
DA:19,9
DA:23,1
DA:24,1
DA:25,1
DA:28,1
DA:32,46
DA:34,46
DA:35,0
DA:36,46
DA:37,37
DA:39,9
DA:50,46
DA:51,46
DA:52,46
DA:53,46
DA:54,46
DA:55,46
DA:58,46
DA:59,46
DA:60,46
DA:61,46
DA:63,46
DA:92,46
DA:93,46
DA:94,1
DA:96,46
DA:97,1
DA:99,46
DA:103,46
DA:104,18
DA:106,28
DA:111,46
DA:112,18
DA:114,28
DA:119,54
DA:120,54
DA:123,7
DA:125,1
DA:128,54
DA:129,2
DA:132,54
DA:133,54
DA:137,1
DA:139,1
DA:145,2
DA:149,55
DA:150,55
DA:151,0
DA:153,55
DA:155,55
DA:156,31
DA:157,24
DA:158,1
DA:159,23
DA:160,14
DA:161,9
DA:162,8
DA:164,1
LF:65
LH:63
BRDA:14,0,0,4
BRDA:14,0,1,5
BRDA:14,1,0,9
BRDA:14,1,1,4
BRDA:32,2,0,46
BRDA:32,2,1,27
BRDA:34,3,0,0
BRDA:34,3,1,46
BRDA:36,4,0,37
BRDA:36,4,1,9
BRDA:50,5,0,46
BRDA:50,5,1,11
BRDA:56,6,0,35
BRDA:56,6,1,11
BRDA:78,7,0,3
BRDA:78,7,1,43
BRDA:77,8,0,46
BRDA:77,8,1,5
BRDA:93,9,0,1
BRDA:93,9,1,45
BRDA:96,10,0,1
BRDA:96,10,1,45
BRDA:96,11,0,46
BRDA:96,11,1,45
BRDA:96,11,2,34
BRDA:96,11,3,34
BRDA:103,12,0,18
BRDA:103,12,1,28
BRDA:111,13,0,18
BRDA:111,13,1,28
BRDA:120,14,0,1
BRDA:120,14,1,53
BRDA:121,15,0,54
BRDA:121,15,1,7
BRDA:121,15,2,7
BRDA:128,16,0,2
BRDA:128,16,1,52
BRDA:128,17,0,54
BRDA:128,17,1,54
BRDA:128,17,2,2
BRDA:129,18,0,0
BRDA:129,18,1,2
BRDA:132,19,0,54
BRDA:132,19,1,53
BRDA:138,20,0,1
BRDA:138,20,1,1
BRDA:139,21,0,1
BRDA:139,21,1,1
BRDA:149,22,0,48
BRDA:149,22,1,7
BRDA:150,23,0,0
BRDA:150,23,1,55
BRDA:155,24,0,31
BRDA:155,24,1,24
BRDA:157,25,0,1
BRDA:157,25,1,23
BRDA:159,26,0,14
BRDA:159,26,1,9
BRDA:160,27,0,1
BRDA:160,27,1,13
BRDA:161,28,0,8
BRDA:161,28,1,1
BRDA:162,29,0,2
BRDA:162,29,1,6
BRF:64
BRH:61
end_of_record
TN:
SF:/home/travis/build/MaibornWolff/codecharta/visualization/app/codeCharta/util/urlExtractor.ts
FN:8,(anonymous_0)
FN:10,(anonymous_1)
FN:24,(anonymous_2)
FN:37,(anonymous_3)
FN:39,(anonymous_4)
FN:48,(anonymous_5)
FN:49,(anonymous_6)
FN:51,(anonymous_7)
FNF:8
FNH:8
FNDA:20,(anonymous_0)
FNDA:4,(anonymous_1)
FNDA:14,(anonymous_2)
FNDA:5,(anonymous_3)
FNDA:5,(anonymous_4)
FNDA:4,(anonymous_5)
FNDA:4,(anonymous_6)
FNDA:2,(anonymous_7)
DA:6,95
DA:8,20
DA:11,4
DA:12,4
DA:13,4
DA:15,4
DA:16,2
DA:18,2
DA:19,0
DA:21,2
DA:25,14
DA:27,14
DA:28,11
DA:31,14
DA:32,1
DA:35,14
DA:37,14
DA:38,5
DA:40,5
DA:45,14
DA:49,4
DA:50,4
DA:51,2
DA:52,2
DA:53,1
DA:54,1
DA:56,1
DA:60,2
LF:28
LH:27
BRDA:15,0,0,2
BRDA:15,0,1,2
BRDA:18,1,0,0
BRDA:18,1,1,2
BRDA:27,2,0,11
BRDA:27,2,1,3
BRDA:31,3,0,1
BRDA:31,3,1,13
BRDA:50,4,0,2
BRDA:50,4,1,2
BRDA:50,5,0,4
BRDA:50,5,1,2
BRDA:52,6,0,1
BRDA:52,6,1,1
BRF:14
BRH:13
end_of_record
TN:
SF:/home/travis/build/MaibornWolff/codecharta/visualization/app/codeCharta/util/color/colorConverter.ts
FN:6,(anonymous_0)
FN:10,(anonymous_1)
FN:16,(anonymous_2)
FN:21,(anonymous_3)
FN:26,(anonymous_4)
FN:37,(anonymous_5)
FN:42,(anonymous_6)
FN:47,(anonymous_7)
FN:55,(anonymous_8)
FN:69,(anonymous_9)
FN:75,(anonymous_10)
FN:83,(anonymous_11)
FN:87,(anonymous_12)
FN:96,(anonymous_13)
FNF:14
FNH:14
FNDA:374,(anonymous_0)
FNDA:2,(anonymous_1)
FNDA:8,(anonymous_2)
FNDA:14,(anonymous_3)
FNDA:35,(anonymous_4)
FNDA:6,(anonymous_5)
FNDA:371,(anonymous_6)
FNDA:1,(anonymous_7)
FNDA:7,(anonymous_8)
FNDA:35,(anonymous_9)
FNDA:57,(anonymous_10)
FNDA:35,(anonymous_11)
FNDA:70,(anonymous_12)
FNDA:35,(anonymous_13)
DA:7,374
DA:11,2
DA:12,2
DA:13,2
DA:17,8
DA:18,8
DA:22,14
DA:23,14
DA:27,35
DA:38,6
DA:39,6
DA:43,371
DA:44,371
DA:48,1
DA:49,1
DA:50,1
DA:52,1
DA:56,7
DA:57,7
DA:58,7
DA:59,7
DA:61,7
DA:62,35
DA:63,35
DA:64,35
DA:66,7
DA:70,35
DA:71,35
DA:72,35
DA:76,57
DA:77,57
DA:78,2
DA:80,57
DA:84,35
DA:88,70
DA:89,70
DA:90,70
DA:91,70
DA:92,70
DA:93,70
DA:97,35
LF:41
LH:41
BRDA:16,0,0,7
BRDA:77,1,0,2
BRDA:77,1,1,55
BRF:3
BRH:3
end_of_record
TN:
SF:/home/travis/build/MaibornWolff/codecharta/visualization/app/codeCharta/util/color/hsl.ts
FN:4,(anonymous_0)
FN:6,(anonymous_1)
FN:10,(anonymous_2)
FN:14,(anonymous_3)
FN:18,(anonymous_4)
FN:22,(anonymous_5)
FNF:6
FNH:6
FNDA:12,(anonymous_0)
FNDA:7,(anonymous_1)
FNDA:7,(anonymous_2)
FNDA:8,(anonymous_3)
FNDA:6,(anonymous_4)
FNDA:2,(anonymous_5)
DA:4,12
DA:7,7
DA:11,7
DA:15,8
DA:19,6
DA:23,2
LF:6
LH:6
BRF:0
BRH:0
end_of_record
